2025-08-12 10:05:45.903 [info] [main] Log level: Info
2025-08-12 10:05:45.903 [info] [main] Validating found git in: "git"
2025-08-12 10:05:45.903 [info] [main] Using git "2.50.1" from "git"
2025-08-12 10:05:45.903 [info] [Model][doInitialScan] Initial repository scan started
2025-08-12 10:05:45.903 [info] > git rev-parse --show-toplevel [6ms]
2025-08-12 10:05:45.903 [info] > git rev-parse --show-toplevel [1ms]
2025-08-12 10:05:45.903 [info] > git rev-parse --show-toplevel [1ms]
2025-08-12 10:05:45.903 [info] > git rev-parse --show-toplevel [2ms]
2025-08-12 10:05:45.903 [info] > git rev-parse --show-toplevel [0ms]
2025-08-12 10:05:45.903 [info] > git rev-parse --show-toplevel [2ms]
2025-08-12 10:05:45.903 [info] > git rev-parse --show-toplevel [1ms]
2025-08-12 10:05:45.903 [info] [Model][doInitialScan] Initial repository scan completed - repositories (0), closed repositories (0), parent repositories (1), unsafe repositories (0)
2025-08-12 10:05:45.955 [info] > git rev-parse --show-toplevel [1ms]
2025-08-12 10:05:46.072 [info] > git rev-parse --show-toplevel [1ms]
2025-08-12 10:05:46.220 [info] > git rev-parse --show-toplevel [1ms]
2025-08-12 10:05:46.264 [info] > git rev-parse --show-toplevel [1ms]
2025-08-12 10:05:46.965 [info] > git rev-parse --show-toplevel [1ms]
2025-08-12 10:05:47.598 [info] > git rev-parse --show-toplevel [0ms]
2025-08-12 10:07:38.683 [info] > git rev-parse --show-toplevel [1ms]
2025-08-12 10:09:31.207 [info] > git rev-parse --show-toplevel [1ms]
2025-08-12 10:09:33.007 [info] > git rev-parse --show-toplevel [1ms]
2025-08-12 10:09:35.553 [info] > git rev-parse --show-toplevel [1ms]
2025-08-12 10:09:39.022 [info] > git rev-parse --show-toplevel [0ms]
2025-08-12 10:09:39.024 [info] > git rev-parse --show-toplevel [0ms]
2025-08-12 10:09:39.839 [info] > git rev-parse --show-toplevel [1ms]
2025-08-12 10:09:39.857 [info] > git rev-parse --show-toplevel [1ms]
2025-08-12 10:09:39.859 [info] > git rev-parse --show-toplevel [0ms]
2025-08-12 10:11:06.174 [info] > git rev-parse --show-toplevel [1ms]
2025-08-12 10:11:06.205 [info] > git rev-parse --show-toplevel [1ms]
2025-08-12 10:11:06.208 [info] > git rev-parse --show-toplevel [1ms]
2025-08-12 10:16:20.349 [info] > git rev-parse --show-toplevel [1ms]
2025-08-12 10:16:20.376 [info] > git rev-parse --show-toplevel [1ms]
2025-08-12 10:16:20.378 [info] > git rev-parse --show-toplevel [0ms]
2025-08-12 10:16:32.509 [info] > git rev-parse --show-toplevel [1ms]
2025-08-12 10:16:32.528 [info] > git rev-parse --show-toplevel [1ms]
2025-08-12 10:16:32.531 [info] > git rev-parse --show-toplevel [1ms]
2025-08-12 10:16:50.633 [info] > git rev-parse --show-toplevel [1ms]
2025-08-12 10:16:50.654 [info] > git rev-parse --show-toplevel [1ms]
2025-08-12 10:16:50.657 [info] > git rev-parse --show-toplevel [0ms]
2025-08-12 10:16:54.602 [info] > git rev-parse --show-toplevel [1ms]
2025-08-12 10:16:54.625 [info] > git rev-parse --show-toplevel [0ms]
2025-08-12 10:16:54.630 [info] > git rev-parse --show-toplevel [1ms]
2025-08-12 10:16:54.632 [info] > git rev-parse --show-toplevel [0ms]
2025-08-12 10:17:20.166 [info] > git rev-parse --show-toplevel [1ms]
2025-08-12 10:17:20.185 [info] > git rev-parse --show-toplevel [1ms]
2025-08-12 10:17:20.187 [info] > git rev-parse --show-toplevel [0ms]
2025-08-12 10:18:35.841 [info] > git rev-parse --show-toplevel [1ms]
2025-08-12 10:18:35.852 [info] > git rev-parse --show-toplevel [1ms]
2025-08-12 10:18:35.855 [info] > git rev-parse --show-toplevel [1ms]
2025-08-12 10:18:36.699 [info] > git rev-parse --show-toplevel [0ms]
2025-08-12 10:18:36.710 [info] > git rev-parse --show-toplevel [1ms]
2025-08-12 10:18:36.712 [info] > git rev-parse --show-toplevel [0ms]
2025-08-12 10:18:40.703 [info] > git rev-parse --show-toplevel [1ms]
2025-08-12 10:18:40.719 [info] > git rev-parse --show-toplevel [1ms]
2025-08-12 10:18:40.722 [info] > git rev-parse --show-toplevel [1ms]
2025-08-12 10:18:42.686 [info] > git rev-parse --show-toplevel [1ms]
2025-08-12 10:18:42.711 [info] > git rev-parse --show-toplevel [1ms]
2025-08-12 10:18:42.714 [info] > git rev-parse --show-toplevel [1ms]
2025-08-12 10:20:18.688 [info] > git rev-parse --show-toplevel [1ms]
2025-08-12 10:20:18.698 [info] > git rev-parse --show-toplevel [1ms]
2025-08-12 10:20:18.702 [info] > git rev-parse --show-toplevel [1ms]
2025-08-12 10:20:20.366 [info] > git rev-parse --show-toplevel [1ms]
2025-08-12 10:20:20.375 [info] > git rev-parse --show-toplevel [1ms]
2025-08-12 10:20:20.378 [info] > git rev-parse --show-toplevel [1ms]
2025-08-12 10:20:23.420 [info] > git rev-parse --show-toplevel [1ms]
2025-08-12 10:20:23.430 [info] > git rev-parse --show-toplevel [1ms]
2025-08-12 10:20:23.433 [info] > git rev-parse --show-toplevel [1ms]
2025-08-12 10:20:25.057 [info] > git rev-parse --show-toplevel [1ms]
2025-08-12 10:20:25.067 [info] > git rev-parse --show-toplevel [1ms]
2025-08-12 10:20:25.070 [info] > git rev-parse --show-toplevel [1ms]
2025-08-12 10:20:25.822 [info] > git rev-parse --show-toplevel [1ms]
2025-08-12 10:20:46.796 [info] > git rev-parse --show-toplevel [1ms]
2025-08-12 10:20:48.255 [info] > git rev-parse --show-toplevel [0ms]
2025-08-12 10:20:49.014 [info] > git rev-parse --show-toplevel [0ms]
2025-08-12 10:20:50.123 [info] > git rev-parse --show-toplevel [1ms]
2025-08-12 10:20:50.940 [info] > git rev-parse --show-toplevel [1ms]
2025-08-12 10:20:52.387 [info] > git rev-parse --show-toplevel [0ms]
2025-08-12 10:20:53.234 [info] > git rev-parse --show-toplevel [0ms]
2025-08-12 10:20:59.051 [info] > git rev-parse --show-toplevel [1ms]
2025-08-12 10:21:02.731 [info] > git rev-parse --show-toplevel [0ms]
2025-08-12 10:21:03.338 [info] > git rev-parse --show-toplevel [1ms]
2025-08-12 10:21:04.919 [info] > git rev-parse --show-toplevel [1ms]
2025-08-12 10:21:23.530 [info] > git rev-parse --show-toplevel [1ms]
2025-08-12 10:21:23.537 [info] > git rev-parse --git-dir --git-common-dir --show-superproject-working-tree [4ms]
2025-08-12 10:21:23.544 [info] [Model][openRepository] Opened repository (path): /home/namduongit/builds/dotfiles/Dotfiles/builds/yay
2025-08-12 10:21:23.544 [info] [Model][openRepository] Opened repository (real path): /home/namduongit/builds/dotfiles/Dotfiles/builds/yay
2025-08-12 10:21:23.544 [info] [Model][openRepository] Opened repository (kind): repository
2025-08-12 10:21:23.551 [info] > git rev-parse --show-toplevel [1ms]
2025-08-12 10:21:23.551 [info] > git config --get commit.template [3ms]
2025-08-12 10:21:23.563 [info] > git rev-parse --show-toplevel [7ms]
2025-08-12 10:21:23.568 [info] > git for-each-ref --format=%(refname)%00%(upstream:short)%00%(objectname)%00%(upstream:track)%00%(upstream:remotename)%00%(upstream:remoteref) refs/heads/master refs/remotes/master [7ms]
2025-08-12 10:21:23.569 [info] > git rev-parse --show-toplevel [2ms]
2025-08-12 10:21:23.574 [warning] [Git][revParse] Unable to read file: ENOENT: no such file or directory, open '/home/namduongit/builds/dotfiles/Dotfiles/builds/yay/.git/refs/remotes/origin/master'
2025-08-12 10:21:23.579 [info] > git rev-parse refs/remotes/origin/master [5ms]
2025-08-12 10:21:23.587 [info] > git status -z -uall [4ms]
2025-08-12 10:21:23.588 [info] > git rev-parse --show-toplevel [9ms]
2025-08-12 10:21:23.593 [info] > git for-each-ref --sort -committerdate --format %(refname)%00%(objectname)%00%(*objectname) [7ms]
2025-08-12 10:21:23.611 [info] > git for-each-ref --format=%(refname)%00%(upstream:short)%00%(objectname)%00%(upstream:track)%00%(upstream:remotename)%00%(upstream:remoteref) refs/heads/master refs/remotes/master [5ms]
2025-08-12 10:21:23.614 [info] > git rev-parse --show-toplevel [22ms]
2025-08-12 10:21:23.617 [info] > git config --get --local branch.master.vscode-merge-base [2ms]
2025-08-12 10:21:23.617 [warning] [Git][config] git config failed: Failed to execute git
2025-08-12 10:21:23.619 [info] > git config --get commit.template [9ms]
2025-08-12 10:21:23.621 [info] > git rev-parse --show-toplevel [5ms]
2025-08-12 10:21:23.625 [info] > git for-each-ref --format=%(refname)%00%(upstream:short)%00%(objectname)%00%(upstream:track)%00%(upstream:remotename)%00%(upstream:remoteref) refs/heads/master refs/remotes/master [2ms]
2025-08-12 10:21:23.625 [info] > git reflog master --grep-reflog=branch: Created from *. [6ms]
2025-08-12 10:21:23.629 [warning] [Git][revParse] Unable to read file: ENOENT: no such file or directory, open '/home/namduongit/builds/dotfiles/Dotfiles/builds/yay/.git/refs/remotes/origin/master'
2025-08-12 10:21:23.629 [info] > git rev-parse --show-toplevel [4ms]
2025-08-12 10:21:23.631 [info] > git symbolic-ref --short refs/remotes/origin/HEAD [4ms]
2025-08-12 10:21:23.633 [info] > git rev-parse --show-toplevel [2ms]
2025-08-12 10:21:23.633 [info] > git rev-parse refs/remotes/origin/master [4ms]
2025-08-12 10:21:23.638 [info] > git status -z -uall [3ms]
2025-08-12 10:21:23.638 [info] > git for-each-ref --format=%(refname)%00%(upstream:short)%00%(objectname)%00%(upstream:track)%00%(upstream:remotename)%00%(upstream:remoteref) refs/heads/origin/master refs/remotes/origin/master [5ms]
2025-08-12 10:21:23.641 [info] > git for-each-ref --sort -committerdate --format %(refname)%00%(objectname)%00%(*objectname) [3ms]
2025-08-12 10:21:23.642 [info] > git config --add --local branch.master.vscode-merge-base origin/master [2ms]
2025-08-12 10:21:23.648 [info] > git config --get commit.template [3ms]
2025-08-12 10:21:23.648 [info] > git for-each-ref --format=%(refname)%00%(upstream:short)%00%(objectname)%00%(upstream:track)%00%(upstream:remotename)%00%(upstream:remoteref) refs/heads/master refs/remotes/master [0ms]
2025-08-12 10:21:23.650 [warning] [Git][revParse] Unable to read file: ENOENT: no such file or directory, open '/home/namduongit/builds/dotfiles/Dotfiles/builds/yay/.git/refs/remotes/origin/master'
2025-08-12 10:21:23.651 [info] > git rev-parse refs/remotes/origin/master [1ms]
2025-08-12 10:21:23.656 [info] > git status -z -uall [3ms]
2025-08-12 10:21:23.657 [info] > git for-each-ref --sort -committerdate --format %(refname)%00%(objectname)%00%(*objectname) [1ms]
2025-08-12 10:21:23.664 [info] > git merge-base refs/heads/master refs/remotes/origin/master [3ms]
2025-08-12 10:21:23.667 [info] > git merge-base refs/heads/master refs/remotes/origin/master [4ms]
2025-08-12 10:21:23.669 [info] > git diff --name-status -z --diff-filter=ADMR 59714d8ae3dc1e5790228c1faeef8283b0c0101f...refs/remotes/origin/master [3ms]
2025-08-12 10:21:23.669 [info] > git diff --name-status -z --diff-filter=ADMR 59714d8ae3dc1e5790228c1faeef8283b0c0101f...refs/remotes/origin/master [0ms]
2025-08-12 10:21:24.055 [info] > git check-ignore -v -z --stdin [0ms]
2025-08-12 10:21:24.730 [info] > git config --get commit.template [3ms]
2025-08-12 10:21:24.738 [info] > git for-each-ref --format=%(refname)%00%(upstream:short)%00%(objectname)%00%(upstream:track)%00%(upstream:remotename)%00%(upstream:remoteref) refs/heads/master refs/remotes/master [3ms]
2025-08-12 10:21:24.743 [warning] [Git][revParse] Unable to read file: ENOENT: no such file or directory, open '/home/namduongit/builds/dotfiles/Dotfiles/builds/yay/.git/refs/remotes/origin/master'
2025-08-12 10:21:24.744 [info] > git rev-parse refs/remotes/origin/master [1ms]
2025-08-12 10:21:24.755 [info] > git status -z -uall [6ms]
2025-08-12 10:21:24.756 [info] > git for-each-ref --sort -committerdate --format %(refname)%00%(objectname)%00%(*objectname) [2ms]
2025-08-12 10:21:25.009 [info] > git check-ignore -v -z --stdin [3ms]
2025-08-12 10:21:26.571 [info] > git rev-parse --show-toplevel [0ms]
2025-08-12 10:21:48.843 [info] > git rev-parse --show-toplevel [2ms]
2025-08-12 10:21:51.830 [info] > git rev-parse --show-toplevel [1ms]
2025-08-12 10:23:57.069 [info] > git rev-parse --show-toplevel [1ms]
2025-08-12 10:24:32.652 [info] > git rev-parse --show-toplevel [1ms]
2025-08-12 10:24:55.625 [info] > git rev-parse --show-toplevel [1ms]
2025-08-12 10:24:56.817 [info] > git rev-parse --show-toplevel [1ms]
2025-08-12 10:25:11.077 [info] > git rev-parse --show-toplevel [1ms]
2025-08-12 10:26:22.843 [info] > git rev-parse --show-toplevel [1ms]
2025-08-12 10:26:26.921 [info] > git rev-parse --show-toplevel [1ms]
2025-08-12 10:26:33.720 [info] > git rev-parse --show-toplevel [1ms]
2025-08-12 10:27:42.061 [info] > git rev-parse --show-toplevel [1ms]
2025-08-12 10:27:52.672 [info] > git rev-parse --show-toplevel [1ms]
