2025-08-11 19:28:44.099 [info] [main] Log level: Info
2025-08-11 19:28:44.100 [info] [main] Validating found git in: "git"
2025-08-11 19:28:44.100 [info] [main] Using git "2.50.1" from "git"
2025-08-11 19:28:44.100 [info] [Model][doInitialScan] Initial repository scan started
2025-08-11 19:28:44.100 [info] > git rev-parse --show-toplevel [12ms]
2025-08-11 19:28:44.100 [info] > git rev-parse --git-dir --git-common-dir --show-superproject-working-tree [3ms]
2025-08-11 19:28:44.100 [info] [Model][openRepository] Opened repository (path): /home/namduongit/builds/dwm
2025-08-11 19:28:44.100 [info] [Model][openRepository] Opened repository (real path): /home/namduongit/builds/dwm
2025-08-11 19:28:44.100 [info] [Model][openRepository] Opened repository (kind): repository
2025-08-11 19:28:44.100 [info] > git config --get commit.template [3ms]
2025-08-11 19:28:44.100 [info] > git rev-parse --show-toplevel [1ms]
2025-08-11 19:28:44.100 [info] [Model][doInitialScan] Initial repository scan completed - repositories (1), closed repositories (0), parent repositories (0), unsafe repositories (0)
2025-08-11 19:28:44.100 [info] > git for-each-ref --format=%(refname)%00%(upstream:short)%00%(objectname)%00%(upstream:track)%00%(upstream:remotename)%00%(upstream:remoteref) refs/heads/master refs/remotes/master [1ms]
2025-08-11 19:28:44.100 [warning] [Git][revParse] Unable to read file: ENOENT: no such file or directory, open '/home/namduongit/builds/dwm/.git/refs/remotes/origin/master'
2025-08-11 19:28:44.100 [info] > git rev-parse refs/remotes/origin/master [22ms]
2025-08-11 19:28:44.100 [info] > git status -z -uall [8ms]
2025-08-11 19:28:44.100 [info] > git for-each-ref --sort -committerdate --format %(refname)%00%(objectname)%00%(*objectname) [5ms]
2025-08-11 19:28:44.103 [info] > git for-each-ref --format=%(refname)%00%(upstream:short)%00%(objectname)%00%(upstream:track)%00%(upstream:remotename)%00%(upstream:remoteref) refs/heads/master refs/remotes/master [5ms]
2025-08-11 19:28:44.154 [info] > git config --get --local branch.master.vscode-merge-base [48ms]
2025-08-11 19:28:44.158 [info] > git config --get commit.template [54ms]
2025-08-11 19:28:44.183 [info] > git for-each-ref --format=%(refname)%00%(upstream:short)%00%(objectname)%00%(upstream:track)%00%(upstream:remotename)%00%(upstream:remoteref) refs/heads/origin/master refs/remotes/origin/master [26ms]
2025-08-11 19:28:44.190 [info] > git merge-base refs/heads/master refs/remotes/origin/master [3ms]
2025-08-11 19:28:44.194 [info] > git for-each-ref --format=%(refname)%00%(upstream:short)%00%(objectname)%00%(upstream:track)%00%(upstream:remotename)%00%(upstream:remoteref) refs/heads/master refs/remotes/master [4ms]
2025-08-11 19:28:44.196 [warning] [Git][revParse] Unable to read file: ENOENT: no such file or directory, open '/home/namduongit/builds/dwm/.git/refs/remotes/origin/master'
2025-08-11 19:28:44.197 [info] > git diff --name-status -z --diff-filter=ADMR 693d94d350c806e77677c35958e18590c26e19d2...refs/remotes/origin/master [4ms]
2025-08-11 19:28:44.197 [info] > git rev-parse refs/remotes/origin/master [1ms]
2025-08-11 19:28:44.203 [info] > git status -z -uall [3ms]
2025-08-11 19:28:44.204 [info] > git for-each-ref --sort -committerdate --format %(refname)%00%(objectname)%00%(*objectname) [2ms]
2025-08-11 19:28:44.587 [info] > git check-ignore -v -z --stdin [1ms]
