2025-08-11 20:23:34.215 [info] Extension host with pid 46394 started
2025-08-11 20:23:34.327 [info] ExtensionService#_doActivateExtension vscode.github-authentication, startup: false, activationEvent: 'onAuthenticationRequest:github'
2025-08-11 20:23:34.379 [info] ExtensionService#_doActivateExtension vscode.git-base, startup: true, activationEvent: '*', root cause: vscode.git
2025-08-11 20:23:34.394 [info] ExtensionService#_doActivateExtension vscode.git, startup: true, activationEvent: '*'
2025-08-11 20:23:34.426 [info] ExtensionService#_doActivateExtension vscode.github, startup: true, activationEvent: '*'
2025-08-11 20:23:34.519 [info] Eager extensions activated
2025-08-11 20:23:34.520 [info] ExtensionService#_doActivateExtension vscode.debug-auto-launch, startup: false, activationEvent: 'onStartupFinished'
2025-08-11 20:23:34.521 [info] ExtensionService#_doActivateExtension vscode.merge-conflict, startup: false, activationEvent: 'onStartupFinished'
2025-08-11 20:23:34.535 [info] ExtensionService#_doActivateExtension vscode-icons-team.vscode-icons, startup: false, activationEvent: 'onStartupFinished'
2025-08-11 20:23:56.452 [info] Extension host terminating: renderer closed the MessagePort
2025-08-11 20:23:56.464 [info] Extension host with pid 46394 exiting with code 0
2025-08-11 20:23:57.288 [info] Extension host with pid 46538 started
2025-08-11 20:23:57.288 [info] Skipping acquiring lock for /home/namduongit/.config/Code/User/workspaceStorage/3699034a79ff486d2659d5eb6ec31038.
2025-08-11 20:23:57.322 [info] ExtensionService#_doActivateExtension vscode.github-authentication, startup: false, activationEvent: 'onAuthenticationRequest:github'
2025-08-11 20:23:57.342 [info] ExtensionService#_doActivateExtension vscode.emmet, startup: false, activationEvent: 'onLanguage'
2025-08-11 20:23:57.400 [info] ExtensionService#_doActivateExtension vscode.git-base, startup: true, activationEvent: '*'
2025-08-11 20:23:57.419 [info] ExtensionService#_doActivateExtension vscode.github, startup: true, activationEvent: '*'
2025-08-11 20:23:57.478 [info] Eager extensions activated
2025-08-11 20:23:57.480 [info] ExtensionService#_doActivateExtension vscode.debug-auto-launch, startup: false, activationEvent: 'onStartupFinished'
2025-08-11 20:23:57.482 [info] ExtensionService#_doActivateExtension vscode.merge-conflict, startup: false, activationEvent: 'onStartupFinished'
2025-08-11 20:23:57.495 [info] ExtensionService#_doActivateExtension vscode-icons-team.vscode-icons, startup: false, activationEvent: 'onStartupFinished'
2025-08-11 20:23:59.309 [info] ExtensionService#_doActivateExtension vscode.git, startup: false, activationEvent: 'api', root cause: vscode.github
2025-08-11 20:29:59.706 [info] ExtensionService#_doActivateExtension vscode.terminal-suggest, startup: false, activationEvent: 'onTerminalShellIntegration:*'
2025-08-11 20:30:14.338 [info] ExtensionService#_doActivateExtension vscode.npm, startup: false, activationEvent: 'onTerminalQuickFixRequest:ms-vscode.npm-command'
