2025-08-11 20:23:34.501 [info] [main] Log level: Info
2025-08-11 20:23:34.501 [info] [main] Validating found git in: "git"
2025-08-11 20:23:34.501 [info] [main] Using git "2.50.1" from "git"
2025-08-11 20:23:34.501 [info] [Model][doInitialScan] Initial repository scan started
2025-08-11 20:23:34.501 [info] [Model][doInitialScan] Initial repository scan completed - repositories (0), closed repositories (0), parent repositories (0), unsafe repositories (0)
2025-08-11 20:23:59.389 [info] [main] Log level: Info
2025-08-11 20:23:59.389 [info] [main] Validating found git in: "git"
2025-08-11 20:23:59.389 [info] [main] Using git "2.50.1" from "git"
2025-08-11 20:23:59.389 [info] [Model][doInitialScan] Initial repository scan started
2025-08-11 20:23:59.389 [info] > git rev-parse --show-toplevel [3ms]
2025-08-11 20:23:59.391 [info] [Model][doInitialScan] Initial repository scan completed - repositories (0), closed repositories (0), parent repositories (1), unsafe repositories (0)
2025-08-11 20:24:09.682 [info] > git rev-parse --show-toplevel [1ms]
2025-08-11 20:29:59.292 [info] > git rev-parse --show-toplevel [1ms]
2025-08-11 20:29:59.761 [info] > git rev-parse --show-toplevel [2ms]
2025-08-11 20:31:27.045 [info] > git rev-parse --show-toplevel [2ms]
2025-08-11 20:31:27.051 [info] > git rev-parse --git-dir --git-common-dir --show-superproject-working-tree [2ms]
2025-08-11 20:31:27.058 [info] [Model][openRepository] Opened repository (path): /home/namduongit/builds/dotfiles/Dotfiles/builds/dwm
2025-08-11 20:31:27.058 [info] [Model][openRepository] Opened repository (real path): /home/namduongit/builds/dotfiles/Dotfiles/builds/dwm
2025-08-11 20:31:27.058 [info] [Model][openRepository] Opened repository (kind): repository
2025-08-11 20:31:27.063 [info] > git config --get commit.template [1ms]
2025-08-11 20:31:27.068 [info] > git for-each-ref --format=%(refname)%00%(upstream:short)%00%(objectname)%00%(upstream:track)%00%(upstream:remotename)%00%(upstream:remoteref) refs/heads/master refs/remotes/master [1ms]
2025-08-11 20:31:27.070 [warning] [Git][revParse] Unable to read file: ENOENT: no such file or directory, open '/home/namduongit/builds/dotfiles/Dotfiles/builds/dwm/.git/refs/remotes/origin/master'
2025-08-11 20:31:27.071 [info] > git rev-parse refs/remotes/origin/master [1ms]
2025-08-11 20:31:27.078 [info] > git status -z -uall [4ms]
2025-08-11 20:31:27.079 [info] > git for-each-ref --sort -committerdate --format %(refname)%00%(objectname)%00%(*objectname) [2ms]
2025-08-11 20:31:27.097 [info] > git for-each-ref --format=%(refname)%00%(upstream:short)%00%(objectname)%00%(upstream:track)%00%(upstream:remotename)%00%(upstream:remoteref) refs/heads/master refs/remotes/master [5ms]
2025-08-11 20:31:27.101 [info] > git config --get --local branch.master.vscode-merge-base [1ms]
2025-08-11 20:31:27.104 [info] > git config --get commit.template [8ms]
2025-08-11 20:31:27.105 [info] > git for-each-ref --format=%(refname)%00%(upstream:short)%00%(objectname)%00%(upstream:track)%00%(upstream:remotename)%00%(upstream:remoteref) refs/heads/origin/master refs/remotes/origin/master [2ms]
2025-08-11 20:31:27.112 [info] > git merge-base refs/heads/master refs/remotes/origin/master [4ms]
2025-08-11 20:31:27.115 [info] > git for-each-ref --format=%(refname)%00%(upstream:short)%00%(objectname)%00%(upstream:track)%00%(upstream:remotename)%00%(upstream:remoteref) refs/heads/master refs/remotes/master [4ms]
2025-08-11 20:31:27.117 [warning] [Git][revParse] Unable to read file: ENOENT: no such file or directory, open '/home/namduongit/builds/dotfiles/Dotfiles/builds/dwm/.git/refs/remotes/origin/master'
2025-08-11 20:31:27.117 [info] > git diff --name-status -z --diff-filter=ADMR 693d94d350c806e77677c35958e18590c26e19d2...refs/remotes/origin/master [3ms]
2025-08-11 20:31:27.118 [info] > git rev-parse refs/remotes/origin/master [1ms]
2025-08-11 20:31:27.124 [info] > git status -z -uall [3ms]
2025-08-11 20:31:27.124 [info] > git for-each-ref --sort -committerdate --format %(refname)%00%(objectname)%00%(*objectname) [1ms]
2025-08-11 20:31:27.583 [info] > git check-ignore -v -z --stdin [1ms]
2025-08-11 20:31:29.340 [info] > git check-ignore -v -z --stdin [0ms]
2025-08-11 20:32:00.002 [info] > git rev-parse --show-toplevel [0ms]
2025-08-11 20:32:06.634 [info] > git rev-parse --show-toplevel [0ms]
2025-08-11 20:32:14.951 [info] > git rev-parse --show-toplevel [0ms]
2025-08-11 20:32:22.059 [info] > git rev-parse --show-toplevel [0ms]
2025-08-11 20:32:28.737 [info] > git rev-parse --show-toplevel [0ms]
