2025-08-11 19:16:29.563 [info] [main] Log level: Info
2025-08-11 19:16:29.563 [info] [main] Validating found git in: "git"
2025-08-11 19:16:29.563 [info] [main] Using git "2.50.1" from "git"
2025-08-11 19:16:29.563 [info] [Model][doInitialScan] Initial repository scan started
2025-08-11 19:16:29.563 [info] > git rev-parse --show-toplevel [9ms]
2025-08-11 19:16:29.563 [info] > git rev-parse --git-dir --git-common-dir --show-superproject-working-tree [4ms]
2025-08-11 19:16:29.563 [info] [Model][openRepository] Opened repository (path): /home/namduongit/builds/dwm
2025-08-11 19:16:29.563 [info] [Model][openRepository] Opened repository (real path): /home/namduongit/builds/dwm
2025-08-11 19:16:29.563 [info] [Model][openRepository] Opened repository (kind): repository
2025-08-11 19:16:29.563 [info] > git rev-parse --show-toplevel [3ms]
2025-08-11 19:16:29.563 [info] [Model][doInitialScan] Initial repository scan completed - repositories (1), closed repositories (0), parent repositories (0), unsafe repositories (0)
2025-08-11 19:16:29.563 [info] > git config --get commit.template [9ms]
2025-08-11 19:16:29.563 [info] > git for-each-ref --format=%(refname)%00%(upstream:short)%00%(objectname)%00%(upstream:track)%00%(upstream:remotename)%00%(upstream:remoteref) refs/heads/master refs/remotes/master [5ms]
2025-08-11 19:16:29.563 [warning] [Git][revParse] Unable to read file: ENOENT: no such file or directory, open '/home/namduongit/builds/dwm/.git/refs/remotes/origin/master'
2025-08-11 19:16:29.563 [info] > git rev-parse refs/remotes/origin/master [2ms]
2025-08-11 19:16:29.563 [info] > git status -z -uall [8ms]
2025-08-11 19:16:29.563 [info] > git for-each-ref --sort -committerdate --format %(refname)%00%(objectname)%00%(*objectname) [4ms]
2025-08-11 19:16:29.563 [info] > git for-each-ref --format=%(refname)%00%(upstream:short)%00%(objectname)%00%(upstream:track)%00%(upstream:remotename)%00%(upstream:remoteref) refs/heads/master refs/remotes/master [30ms]
2025-08-11 19:16:29.564 [info] > git config --get --local branch.master.vscode-merge-base [5ms]
2025-08-11 19:16:29.567 [info] > git config --get commit.template [12ms]
2025-08-11 19:16:29.571 [info] > git for-each-ref --format=%(refname)%00%(upstream:short)%00%(objectname)%00%(upstream:track)%00%(upstream:remotename)%00%(upstream:remoteref) refs/heads/origin/master refs/remotes/origin/master [4ms]
2025-08-11 19:16:29.576 [info] > git for-each-ref --format=%(refname)%00%(upstream:short)%00%(objectname)%00%(upstream:track)%00%(upstream:remotename)%00%(upstream:remoteref) refs/heads/master refs/remotes/master [5ms]
2025-08-11 19:16:29.637 [warning] [Git][revParse] Unable to read file: ENOENT: no such file or directory, open '/home/namduongit/builds/dwm/.git/refs/remotes/origin/master'
2025-08-11 19:16:29.637 [info] > git merge-base refs/heads/master refs/remotes/origin/master [62ms]
2025-08-11 19:16:29.667 [info] > git diff --name-status -z --diff-filter=ADMR 693d94d350c806e77677c35958e18590c26e19d2...refs/remotes/origin/master [25ms]
2025-08-11 19:16:29.667 [info] > git rev-parse refs/remotes/origin/master [30ms]
2025-08-11 19:16:29.680 [info] > git status -z -uall [9ms]
2025-08-11 19:16:29.680 [info] > git for-each-ref --sort -committerdate --format %(refname)%00%(objectname)%00%(*objectname) [6ms]
2025-08-11 19:16:29.985 [info] > git check-ignore -v -z --stdin [1ms]
2025-08-11 19:17:22.568 [info] > git config --get commit.template [2ms]
2025-08-11 19:17:22.568 [info] > git for-each-ref --format=%(refname)%00%(upstream:short)%00%(objectname)%00%(upstream:track)%00%(upstream:remotename)%00%(upstream:remoteref) refs/heads/master refs/remotes/master [1ms]
2025-08-11 19:17:22.570 [warning] [Git][revParse] Unable to read file: ENOENT: no such file or directory, open '/home/namduongit/builds/dwm/.git/refs/remotes/origin/master'
2025-08-11 19:17:22.571 [info] > git rev-parse refs/remotes/origin/master [1ms]
2025-08-11 19:17:22.575 [info] > git status -z -uall [2ms]
2025-08-11 19:17:22.575 [info] > git for-each-ref --sort -committerdate --format %(refname)%00%(objectname)%00%(*objectname) [1ms]
2025-08-11 19:17:33.235 [info] > git config --get commit.template [2ms]
2025-08-11 19:17:33.236 [info] > git for-each-ref --format=%(refname)%00%(upstream:short)%00%(objectname)%00%(upstream:track)%00%(upstream:remotename)%00%(upstream:remoteref) refs/heads/master refs/remotes/master [1ms]
2025-08-11 19:17:33.241 [warning] [Git][revParse] Unable to read file: ENOENT: no such file or directory, open '/home/namduongit/builds/dwm/.git/refs/remotes/origin/master'
2025-08-11 19:17:33.243 [info] > git rev-parse refs/remotes/origin/master [2ms]
2025-08-11 19:17:33.254 [info] > git status -z -uall [6ms]
2025-08-11 19:17:33.256 [info] > git for-each-ref --sort -committerdate --format %(refname)%00%(objectname)%00%(*objectname) [3ms]
