{"logTime": "0811/120800", "correlationVector":"ToNXRD8ZEpbpOOhlbrPWPT","action":"Commit Request", "result":"", "context":Item count: 1
Contributing types: Preferences}
{"logTime": "0811/120801", "correlationVector":"ToNXRD8ZEpbpOOhlbrPWPT.1","action":"SyncServerConnectionManagerRequest", "result":"SYNC_SERVER_OK", "context":{"environment":"Prod_southeastasia_prod-s01-064-apac-southeastasia", "migrationStage":"NotStarted", "server":"akswtt10000001r"}}
{"logTime": "0811/120801", "correlationVector":"ToNXRD8ZEpbpOOhlbrPWPT.2","action":"Commit Response", "result":"Success", "context":Result: Success. cV=ToNXRD8ZEpbpOOhlbrPWPT.0;server=akswtt10000001r;cloudType=Consumer;environment=Prod_southeastasia_prod-s01-064-apac-southeastasia;migrationStage=NotStarted}
{"logTime": "0811/120804", "correlationVector":"UHX22nNMZq900a3rMsQaIv","action":"Commit Request", "result":"", "context":Item count: 1
Contributing types: Preferences}
{"logTime": "0811/120804", "correlationVector":"UHX22nNMZq900a3rMsQaIv.1","action":"SyncServerConnectionManagerRequest", "result":"SYNC_SERVER_OK", "context":{"environment":"Prod_southeastasia_prod-s01-064-apac-southeastasia", "migrationStage":"NotStarted", "server":"akswtt10000002o"}}
{"logTime": "0811/120804", "correlationVector":"UHX22nNMZq900a3rMsQaIv.2","action":"Commit Response", "result":"Success", "context":Result: Success. cV=UHX22nNMZq900a3rMsQaIv.0;server=akswtt10000002o;cloudType=Consumer;environment=Prod_southeastasia_prod-s01-064-apac-southeastasia;migrationStage=NotStarted}
{"logTime": "0811/120959", "correlationVector":"QDXfcdHDWhYR8RtsWhvs1O","action":"Commit Request", "result":"", "context":Item count: 6
Contributing types: Sessions, History}
{"logTime": "0811/121000", "correlationVector":"QDXfcdHDWhYR8RtsWhvs1O.1","action":"SyncServerConnectionManagerRequest", "result":"SYNC_SERVER_OK", "context":{"environment":"Prod_southeastasia_prod-s01-064-apac-southeastasia", "migrationStage":"NotStarted", "server":"akswtt100000001"}}
{"logTime": "0811/121000", "correlationVector":"QDXfcdHDWhYR8RtsWhvs1O.3","action":"Commit.Sessions", "result":"Success", "context":{"id":"0364422e-13bf-471e-a33b-cc7951838e6b", "isDeleted":"true", "size":"0", "version":"1754914077224"}}
{"logTime": "0811/121000", "correlationVector":"QDXfcdHDWhYR8RtsWhvs1O.2","action":"Commit Response", "result":"Success", "context":Result: Success. cV=QDXfcdHDWhYR8RtsWhvs1O.0;server=akswtt100000001;cloudType=Consumer;environment=Prod_southeastasia_prod-s01-064-apac-southeastasia;migrationStage=NotStarted}
{"logTime": "0811/121048", "correlationVector":"SwJf50RSiKz5IfXV+VTuh8","action":"Commit Request", "result":"", "context":Item count: 5
Contributing types: Preferences, Sessions, History}
{"logTime": "0811/121048", "correlationVector":"SwJf50RSiKz5IfXV+VTuh8.1","action":"SyncServerConnectionManagerRequest", "result":"SYNC_SERVER_OK", "context":{"environment":"Prod_southeastasia_prod-s01-064-apac-southeastasia", "migrationStage":"NotStarted", "server":"akswtt100000027"}}
{"logTime": "0811/121048", "correlationVector":"SwJf50RSiKz5IfXV+VTuh8.2","action":"Commit Response", "result":"Success", "context":Result: Success. cV=SwJf50RSiKz5IfXV+VTuh8.0;server=akswtt100000027;cloudType=Consumer;environment=Prod_southeastasia_prod-s01-064-apac-southeastasia;migrationStage=NotStarted}
{"logTime": "0811/121152", "correlationVector":"/DDT8nx4MSxRHJU7ZTEKCc","action":"Commit Request", "result":"", "context":Item count: 11
Contributing types: Sessions, History}
{"logTime": "0811/121153", "correlationVector":"/DDT8nx4MSxRHJU7ZTEKCc.1","action":"SyncServerConnectionManagerRequest", "result":"SYNC_SERVER_OK", "context":{"environment":"Prod_southeastasia_prod-s01-064-apac-southeastasia", "migrationStage":"NotStarted", "server":"akswtt100000008"}}
{"logTime": "0811/121153", "correlationVector":"/DDT8nx4MSxRHJU7ZTEKCc.2","action":"Commit Response", "result":"Success", "context":Result: Success. cV=/DDT8nx4MSxRHJU7ZTEKCc.0;server=akswtt100000008;cloudType=Consumer;environment=Prod_southeastasia_prod-s01-064-apac-southeastasia;migrationStage=NotStarted}
{"logTime": "0811/121748", "correlationVector":"eG9kcd/CQXSTiyy+TNR5LQ","action":"Normal GetUpdate request", "result":"", "context":cV=eG9kcd/CQXSTiyy+TNR5LQ
Nudged types: Preferences, Sessions, History
Refresh requested types: Bookmarks, Preferences, Passwords, Autofill Profiles, Autofill, Extensions, Sessions, Extension settings, History Delete Directives, Device Info, User Consents, Send Tab To Self, Web Apps, History, Saved Tab Group, WebAuthn Credentials, Collection, Edge E Drop, Edge Hub App Usage, Edge Wallet, Encryption Keys}
{"logTime": "0811/121749", "correlationVector":"eG9kcd/CQXSTiyy+TNR5LQ.1","action":"SyncServerConnectionManagerRequest", "result":"SYNC_SERVER_OK", "context":{"environment":"Prod_southindia_prod-s01-004-apac-southindia", "migrationStage":"NotStarted", "server":"akswtt01500002v"}}
{"logTime": "0811/121749", "correlationVector":"eG9kcd/CQXSTiyy+TNR5LQ.2","action":"ProcessGetUpdates", "result":"Done", "context":{"dataType":"Preferences", "deleted":"0", "process_failed_to_decrypt":"0", "process_pending_decryption":"0", "process_success":"1", "total":"1"}}
{"logTime": "0811/121749", "correlationVector":"eG9kcd/CQXSTiyy+TNR5LQ.3","action":"ProcessGetUpdates", "result":"Done", "context":{"dataType":"Sessions", "deleted":"4", "process_failed_to_decrypt":"0", "process_pending_decryption":"0", "process_success":"7", "total":"7"}}
{"logTime": "0811/121749", "correlationVector":"eG9kcd/CQXSTiyy+TNR5LQ.4","action":"ProcessGetUpdates", "result":"Done", "context":{"dataType":"History", "deleted":"0", "process_failed_to_decrypt":"0", "process_pending_decryption":"0", "process_success":"17", "total":"17"}}
{"logTime": "0811/121749", "correlationVector":"eG9kcd/CQXSTiyy+TNR5LQ.5","action":"GetUpdates Response", "result":"Success", "context":Received 25 update(s). cV=eG9kcd/CQXSTiyy+TNR5LQ.0;server=akswtt01500002v;cloudType=Consumer;environment=Prod_southindia_prod-s01-004-apac-southindia;migrationStage=NotStarted}
{"logTime": "0811/121749", "correlationVector":"h0EdbPeGcdypBIEd0WhBif","action":"Commit Request", "result":"", "context":Item count: 4
Contributing types: Preferences, Sessions}
{"logTime": "0811/121750", "correlationVector":"h0EdbPeGcdypBIEd0WhBif.1","action":"SyncServerConnectionManagerRequest", "result":"SYNC_SERVER_OK", "context":{"environment":"Prod_southindia_prod-s01-004-apac-southindia", "migrationStage":"NotStarted", "server":"akswtt01500000j"}}
{"logTime": "0811/121750", "correlationVector":"h0EdbPeGcdypBIEd0WhBif.3","action":"Commit.Sessions", "result":"Success", "context":{"id":"3a7dcc44-1b96-4d16-b4a9-73e33d37c266", "isDeleted":"true", "size":"0", "version":"1754914199132"}}
{"logTime": "0811/121750", "correlationVector":"h0EdbPeGcdypBIEd0WhBif.2","action":"Commit Response", "result":"Success", "context":Result: Success. cV=h0EdbPeGcdypBIEd0WhBif.0;server=akswtt01500000j;cloudType=Consumer;environment=Prod_southindia_prod-s01-004-apac-southindia;migrationStage=NotStarted}
{"logTime": "0811/121755", "correlationVector":"/9w2s0N0iirGfyH3tv1nRg","action":"Commit Request", "result":"", "context":Item count: 1
Contributing types: Preferences}
{"logTime": "0811/121756", "correlationVector":"/9w2s0N0iirGfyH3tv1nRg.1","action":"SyncServerConnectionManagerRequest", "result":"SYNC_SERVER_OK", "context":{"environment":"Prod_southindia_prod-s01-004-apac-southindia", "migrationStage":"NotStarted", "server":"akswtt01500001k"}}
{"logTime": "0811/121756", "correlationVector":"/9w2s0N0iirGfyH3tv1nRg.2","action":"Commit Response", "result":"Success", "context":Result: Success. cV=/9w2s0N0iirGfyH3tv1nRg.0;server=akswtt01500001k;cloudType=Consumer;environment=Prod_southindia_prod-s01-004-apac-southindia;migrationStage=NotStarted}
{"logTime": "0811/122329", "correlationVector":"cOr7WSc+QOF4JqX2PYFmdf","action":"Normal GetUpdate request", "result":"", "context":cV=cOr7WSc+QOF4JqX2PYFmdf
Nudged types: Preferences, Sessions, History
Refresh requested types: Bookmarks, Preferences, Passwords, Autofill Profiles, Autofill, Extensions, Sessions, Extension settings, History Delete Directives, Device Info, User Consents, Send Tab To Self, Web Apps, History, Saved Tab Group, WebAuthn Credentials, Collection, Edge E Drop, Edge Hub App Usage, Edge Wallet, Encryption Keys}
{"logTime": "0811/122329", "correlationVector":"cOr7WSc+QOF4JqX2PYFmdf.1","action":"SyncServerConnectionManagerRequest", "result":"SYNC_SERVER_OK", "context":{"environment":"Prod_southeastasia_prod-s01-064-apac-southeastasia", "migrationStage":"NotStarted", "server":"akswtt10000001k"}}
{"logTime": "0811/122329", "correlationVector":"cOr7WSc+QOF4JqX2PYFmdf.2","action":"ProcessGetUpdates", "result":"Done", "context":{"dataType":"Preferences", "deleted":"0", "process_failed_to_decrypt":"0", "process_pending_decryption":"0", "process_success":"1", "total":"1"}}
{"logTime": "0811/122329", "correlationVector":"cOr7WSc+QOF4JqX2PYFmdf.3","action":"ProcessGetUpdates", "result":"Done", "context":{"dataType":"Sessions", "deleted":"1", "process_failed_to_decrypt":"0", "process_pending_decryption":"0", "process_success":"3", "total":"3"}}
{"logTime": "0811/122329", "correlationVector":"cOr7WSc+QOF4JqX2PYFmdf.4","action":"ProcessGetUpdates", "result":"Done", "context":{"dataType":"History", "deleted":"0", "process_failed_to_decrypt":"0", "process_pending_decryption":"0", "process_success":"17", "total":"17"}}
{"logTime": "0811/122329", "correlationVector":"cOr7WSc+QOF4JqX2PYFmdf.5","action":"GetUpdates Response", "result":"Success", "context":Received 21 update(s). cV=cOr7WSc+QOF4JqX2PYFmdf.0;server=akswtt10000001k;cloudType=Consumer;environment=Prod_southeastasia_prod-s01-064-apac-southeastasia;migrationStage=NotStarted}
{"logTime": "0811/122329", "correlationVector":"XX8vaL9MN/1rxVSJJfVaU6","action":"Commit Request", "result":"", "context":Item count: 2
Contributing types: Preferences, Sessions}
{"logTime": "0811/122329", "correlationVector":"XX8vaL9MN/1rxVSJJfVaU6.1","action":"SyncServerConnectionManagerRequest", "result":"SYNC_SERVER_OK", "context":{"environment":"Prod_southeastasia_prod-s01-064-apac-southeastasia", "migrationStage":"NotStarted", "server":"akswtt100000028"}}
{"logTime": "0811/122329", "correlationVector":"XX8vaL9MN/1rxVSJJfVaU6.3","action":"Commit.Sessions", "result":"Success", "context":{"id":"ce762e6b-fef1-47b8-8c25-a2a4944b21d2", "isDeleted":"true", "size":"0", "version":"1754914668800"}}
{"logTime": "0811/122329", "correlationVector":"XX8vaL9MN/1rxVSJJfVaU6.2","action":"Commit Response", "result":"Success", "context":Result: Success. cV=XX8vaL9MN/1rxVSJJfVaU6.0;server=akswtt100000028;cloudType=Consumer;environment=Prod_southeastasia_prod-s01-064-apac-southeastasia;migrationStage=NotStarted}
{"logTime": "0811/122331", "correlationVector":"ABnCy6+PUie2Uo2VXDlYgv","action":"Commit Request", "result":"", "context":Item count: 3
Contributing types: Sessions, History}
{"logTime": "0811/122332", "correlationVector":"ABnCy6+PUie2Uo2VXDlYgv.1","action":"SyncServerConnectionManagerRequest", "result":"SYNC_SERVER_OK", "context":{"environment":"Prod_southeastasia_prod-s01-064-apac-southeastasia", "migrationStage":"NotStarted", "server":"akswtt10000002n"}}
{"logTime": "0811/122332", "correlationVector":"ABnCy6+PUie2Uo2VXDlYgv.2","action":"Commit Response", "result":"Success", "context":Result: Success. cV=ABnCy6+PUie2Uo2VXDlYgv.0;server=akswtt10000002n;cloudType=Consumer;environment=Prod_southeastasia_prod-s01-064-apac-southeastasia;migrationStage=NotStarted}
{"logTime": "0811/122343", "correlationVector":"AIg7BFZUZQ5gA7lkaN9H1K","action":"Commit Request", "result":"", "context":Item count: 4
Contributing types: Preferences, Sessions, History}
{"logTime": "0811/122343", "correlationVector":"AIg7BFZUZQ5gA7lkaN9H1K.1","action":"SyncServerConnectionManagerRequest", "result":"SYNC_SERVER_OK", "context":{"environment":"Prod_southeastasia_prod-s01-064-apac-southeastasia", "migrationStage":"NotStarted", "server":"akswtt10000001z"}}
{"logTime": "0811/122343", "correlationVector":"AIg7BFZUZQ5gA7lkaN9H1K.2","action":"Commit Response", "result":"Success", "context":Result: Success. cV=AIg7BFZUZQ5gA7lkaN9H1K.0;server=akswtt10000001z;cloudType=Consumer;environment=Prod_southeastasia_prod-s01-064-apac-southeastasia;migrationStage=NotStarted}
{"logTime": "0811/123640", "correlationVector":"WxUUqitnzwE6LofuVgFvNJ","action":"Normal GetUpdate request", "result":"", "context":cV=WxUUqitnzwE6LofuVgFvNJ
Nudged types: Preferences, Sessions, History
Refresh requested types: Bookmarks, Preferences, Passwords, Autofill Profiles, Autofill, Extensions, Sessions, Extension settings, History Delete Directives, Device Info, User Consents, Send Tab To Self, Web Apps, History, Saved Tab Group, WebAuthn Credentials, Collection, Edge E Drop, Edge Hub App Usage, Edge Wallet, Encryption Keys}
{"logTime": "0811/123640", "correlationVector":"WxUUqitnzwE6LofuVgFvNJ.1","action":"SyncServerConnectionManagerRequest", "result":"SYNC_SERVER_OK", "context":{"environment":"Prod_southeastasia_prod-s01-064-apac-southeastasia", "migrationStage":"NotStarted", "server":"akswtt10000000k"}}
{"logTime": "0811/123640", "correlationVector":"WxUUqitnzwE6LofuVgFvNJ.2","action":"ProcessGetUpdates", "result":"Done", "context":{"dataType":"Preferences", "deleted":"0", "process_failed_to_decrypt":"0", "process_pending_decryption":"0", "process_success":"1", "total":"1"}}
{"logTime": "0811/123640", "correlationVector":"WxUUqitnzwE6LofuVgFvNJ.3","action":"ProcessGetUpdates", "result":"Done", "context":{"dataType":"Sessions", "deleted":"1", "process_failed_to_decrypt":"0", "process_pending_decryption":"0", "process_success":"3", "total":"3"}}
{"logTime": "0811/123640", "correlationVector":"WxUUqitnzwE6LofuVgFvNJ.4","action":"ProcessGetUpdates", "result":"Done", "context":{"dataType":"History", "deleted":"0", "process_failed_to_decrypt":"0", "process_pending_decryption":"0", "process_success":"2", "total":"2"}}
{"logTime": "0811/123640", "correlationVector":"WxUUqitnzwE6LofuVgFvNJ.5","action":"GetUpdates Response", "result":"Success", "context":Received 6 update(s). cV=WxUUqitnzwE6LofuVgFvNJ.0;server=akswtt10000000k;cloudType=Consumer;environment=Prod_southeastasia_prod-s01-064-apac-southeastasia;migrationStage=NotStarted}
{"logTime": "0811/123640", "correlationVector":"onrAJII2oVGcckxjrAeWuF","action":"Commit Request", "result":"", "context":Item count: 3
Contributing types: Preferences, Sessions}
{"logTime": "0811/123641", "correlationVector":"onrAJII2oVGcckxjrAeWuF.1","action":"SyncServerConnectionManagerRequest", "result":"SYNC_SERVER_OK", "context":{"environment":"Prod_southeastasia_prod-s01-064-apac-southeastasia", "migrationStage":"NotStarted", "server":"akswtt100000008"}}
{"logTime": "0811/123641", "correlationVector":"onrAJII2oVGcckxjrAeWuF.3","action":"Commit.Sessions", "result":"Success", "context":{"id":"4e7b7e69-587f-4f5d-aecc-7d76250cf862", "isDeleted":"true", "size":"0", "version":"1754915022688"}}
{"logTime": "0811/123641", "correlationVector":"onrAJII2oVGcckxjrAeWuF.2","action":"Commit Response", "result":"Success", "context":Result: Success. cV=onrAJII2oVGcckxjrAeWuF.0;server=akswtt100000008;cloudType=Consumer;environment=Prod_southeastasia_prod-s01-064-apac-southeastasia;migrationStage=NotStarted}
{"logTime": "0811/123643", "correlationVector":"7Dd9WEjskNDF51b78aTCjs","action":"Commit Request", "result":"", "context":Item count: 3
Contributing types: Sessions, History}
{"logTime": "0811/123643", "correlationVector":"7Dd9WEjskNDF51b78aTCjs.1","action":"SyncServerConnectionManagerRequest", "result":"SYNC_SERVER_OK", "context":{"environment":"Prod_southeastasia_prod-s01-064-apac-southeastasia", "migrationStage":"NotStarted", "server":"akswtt100000027"}}
{"logTime": "0811/123643", "correlationVector":"7Dd9WEjskNDF51b78aTCjs.2","action":"Commit Response", "result":"Success", "context":Result: Success. cV=7Dd9WEjskNDF51b78aTCjs.0;server=akswtt100000027;cloudType=Consumer;environment=Prod_southeastasia_prod-s01-064-apac-southeastasia;migrationStage=NotStarted}
{"logTime": "0811/123645", "correlationVector":"mz2fIIcCkmF0fSNjAHvDZL","action":"Commit Request", "result":"", "context":Item count: 1
Contributing types: Preferences}
{"logTime": "0811/123646", "correlationVector":"mz2fIIcCkmF0fSNjAHvDZL.1","action":"SyncServerConnectionManagerRequest", "result":"SYNC_SERVER_OK", "context":{"environment":"Prod_southeastasia_prod-s01-064-apac-southeastasia", "migrationStage":"NotStarted", "server":"akswtt10000002n"}}
{"logTime": "0811/123646", "correlationVector":"mz2fIIcCkmF0fSNjAHvDZL.2","action":"Commit Response", "result":"Success", "context":Result: Success. cV=mz2fIIcCkmF0fSNjAHvDZL.0;server=akswtt10000002n;cloudType=Consumer;environment=Prod_southeastasia_prod-s01-064-apac-southeastasia;migrationStage=NotStarted}
{"logTime": "0811/123658", "correlationVector":"pVhyH9za8VjGTL3BeOtbBK","action":"History lookup request", "result":""}
{"logTime": "0811/123658", "correlationVector":"6H45+N5keN/E/OobGJjBU7","action":"History lookup request", "result":""}
{"logTime": "0811/123658", "correlationVector":"6H45+N5keN/E/OobGJjBU7.0","action":"History lookup response", "result":"200", "context":{"server":"akswtt10000002n"}}
{"logTime": "0811/123658", "correlationVector":"pVhyH9za8VjGTL3BeOtbBK.0","action":"History lookup response", "result":"200", "context":{"server":"akswtt10000001q"}}
{"logTime": "0811/123737", "correlationVector":"rMRVu/D/p1G23KdyJBcpht","action":"Commit Request", "result":"", "context":Item count: 9
Contributing types: Preferences, Sessions, History}
{"logTime": "0811/123738", "correlationVector":"rMRVu/D/p1G23KdyJBcpht.1","action":"SyncServerConnectionManagerRequest", "result":"SYNC_SERVER_OK", "context":{"environment":"Prod_southeastasia_prod-s01-064-apac-southeastasia", "migrationStage":"NotStarted", "server":"akswtt100000008"}}
{"logTime": "0811/123738", "correlationVector":"rMRVu/D/p1G23KdyJBcpht.2","action":"Commit Response", "result":"Success", "context":Result: Success. cV=rMRVu/D/p1G23KdyJBcpht.0;server=akswtt100000008;cloudType=Consumer;environment=Prod_southeastasia_prod-s01-064-apac-southeastasia;migrationStage=NotStarted}
{"logTime": "0811/125320", "correlationVector":"KW72kCvUbxwwI54Ypqgzrv","action":"Normal GetUpdate request", "result":"", "context":cV=KW72kCvUbxwwI54Ypqgzrv
Nudged types: Preferences, Sessions
Refresh requested types: Bookmarks, Preferences, Passwords, Autofill Profiles, Autofill, Extensions, Sessions, Extension settings, History Delete Directives, Device Info, User Consents, Send Tab To Self, Web Apps, History, Saved Tab Group, WebAuthn Credentials, Collection, Edge E Drop, Edge Hub App Usage, Edge Wallet, Encryption Keys}
{"logTime": "0811/125321", "correlationVector":"KW72kCvUbxwwI54Ypqgzrv.1","action":"SyncServerConnectionManagerRequest", "result":"SYNC_SERVER_OK", "context":{"environment":"Prod_southeastasia_prod-s01-064-apac-southeastasia", "migrationStage":"NotStarted", "server":"akswtt10000002b"}}
{"logTime": "0811/125321", "correlationVector":"KW72kCvUbxwwI54Ypqgzrv.2","action":"ProcessGetUpdates", "result":"Done", "context":{"dataType":"Preferences", "deleted":"0", "process_failed_to_decrypt":"0", "process_pending_decryption":"0", "process_success":"1", "total":"1"}}
{"logTime": "0811/125321", "correlationVector":"KW72kCvUbxwwI54Ypqgzrv.3","action":"ProcessGetUpdates", "result":"Done", "context":{"dataType":"Sessions", "deleted":"1", "process_failed_to_decrypt":"0", "process_pending_decryption":"0", "process_success":"5", "total":"5"}}
{"logTime": "0811/125321", "correlationVector":"KW72kCvUbxwwI54Ypqgzrv.4","action":"ProcessGetUpdates", "result":"Done", "context":{"dataType":"History", "deleted":"0", "process_failed_to_decrypt":"0", "process_pending_decryption":"0", "process_success":"4", "total":"4"}}
{"logTime": "0811/125321", "correlationVector":"KW72kCvUbxwwI54Ypqgzrv.5","action":"GetUpdates Response", "result":"Success", "context":Received 10 update(s). cV=KW72kCvUbxwwI54Ypqgzrv.0;server=akswtt10000002b;cloudType=Consumer;environment=Prod_southeastasia_prod-s01-064-apac-southeastasia;migrationStage=NotStarted}
{"logTime": "0811/125321", "correlationVector":"UTmJLEoCB6zzUKTzrtHjXq","action":"Commit Request", "result":"", "context":Item count: 5
Contributing types: Preferences, Sessions}
{"logTime": "0811/125321", "correlationVector":"UTmJLEoCB6zzUKTzrtHjXq.1","action":"SyncServerConnectionManagerRequest", "result":"SYNC_SERVER_OK", "context":{"environment":"Prod_southeastasia_prod-s01-064-apac-southeastasia", "migrationStage":"NotStarted", "server":"akswtt10000000f"}}
{"logTime": "0811/125321", "correlationVector":"UTmJLEoCB6zzUKTzrtHjXq.3","action":"Commit.Sessions", "result":"Success", "context":{"id":"187492df-4aeb-485c-81cb-a0ec2d89412b", "isDeleted":"true", "size":"0", "version":"1754915857113"}}
{"logTime": "0811/125321", "correlationVector":"UTmJLEoCB6zzUKTzrtHjXq.4","action":"Commit.Sessions", "result":"Success", "context":{"id":"478857ba-9505-4365-b65b-ca78ba2aa436", "isDeleted":"true", "size":"0", "version":"1754915857114"}}
{"logTime": "0811/125321", "correlationVector":"UTmJLEoCB6zzUKTzrtHjXq.2","action":"Commit Response", "result":"Success", "context":Result: Success. cV=UTmJLEoCB6zzUKTzrtHjXq.0;server=akswtt10000000f;cloudType=Consumer;environment=Prod_southeastasia_prod-s01-064-apac-southeastasia;migrationStage=NotStarted}
{"logTime": "0811/125321", "correlationVector":"UTmJLEoCB6zzUKTzrtHjXq.5","action":"Commit.Sessions", "result":"Success", "context":{"id":"37ccc25e-6f15-429f-89d0-d4e6c4faf919", "isDeleted":"true", "size":"0", "version":"1754915857115"}}
{"logTime": "0811/125323", "correlationVector":"pb+ANWzFlrMIdg3mTYi74N","action":"Commit Request", "result":"", "context":Item count: 3
Contributing types: Sessions, History}
{"logTime": "0811/125324", "correlationVector":"pb+ANWzFlrMIdg3mTYi74N.1","action":"SyncServerConnectionManagerRequest", "result":"SYNC_SERVER_OK", "context":{"environment":"Prod_southeastasia_prod-s01-064-apac-southeastasia", "migrationStage":"NotStarted", "server":"akswtt100000024"}}
{"logTime": "0811/125324", "correlationVector":"pb+ANWzFlrMIdg3mTYi74N.2","action":"Commit Response", "result":"Success", "context":Result: Success. cV=pb+ANWzFlrMIdg3mTYi74N.0;server=akswtt100000024;cloudType=Consumer;environment=Prod_southeastasia_prod-s01-064-apac-southeastasia;migrationStage=NotStarted}
{"logTime": "0811/125343", "correlationVector":"zsZIXpAoZ6sdOnw9nTpd7u","action":"Commit Request", "result":"", "context":Item count: 1
Contributing types: Preferences}
{"logTime": "0811/125343", "correlationVector":"zsZIXpAoZ6sdOnw9nTpd7u.1","action":"SyncServerConnectionManagerRequest", "result":"SYNC_SERVER_OK", "context":{"environment":"Prod_southeastasia_prod-s01-064-apac-southeastasia", "migrationStage":"NotStarted", "server":"akswtt100000022"}}
{"logTime": "0811/125343", "correlationVector":"zsZIXpAoZ6sdOnw9nTpd7u.2","action":"Commit Response", "result":"Success", "context":Result: Success. cV=zsZIXpAoZ6sdOnw9nTpd7u.0;server=akswtt100000022;cloudType=Consumer;environment=Prod_southeastasia_prod-s01-064-apac-southeastasia;migrationStage=NotStarted}
{"logTime": "0811/125609", "correlationVector":"xHH7unmHvk9WvISzwbnD0K","action":"Commit Request", "result":"", "context":Item count: 3
Contributing types: Sessions, History}
{"logTime": "0811/125609", "correlationVector":"xHH7unmHvk9WvISzwbnD0K.1","action":"SyncServerConnectionManagerRequest", "result":"SYNC_SERVER_OK", "context":{"environment":"Prod_southeastasia_prod-s01-064-apac-southeastasia", "migrationStage":"NotStarted", "server":"akswtt10000001j"}}
{"logTime": "0811/125609", "correlationVector":"xHH7unmHvk9WvISzwbnD0K.2","action":"Commit Response", "result":"Success", "context":Result: Success. cV=xHH7unmHvk9WvISzwbnD0K.0;server=akswtt10000001j;cloudType=Consumer;environment=Prod_southeastasia_prod-s01-064-apac-southeastasia;migrationStage=NotStarted}
{"logTime": "0811/130454", "correlationVector":"YMSi1bqMK5/ORL4O/y2UIV","action":"Commit Request", "result":"", "context":Item count: 8
Contributing types: Preferences, Sessions, History}
{"logTime": "0811/130455", "correlationVector":"YMSi1bqMK5/ORL4O/y2UIV.1","action":"SyncServerConnectionManagerRequest", "result":"SYNC_SERVER_OK", "context":{"environment":"Prod_southeastasia_prod-s01-064-apac-southeastasia", "migrationStage":"NotStarted", "server":"akswtt100000002"}}
{"logTime": "0811/130455", "correlationVector":"YMSi1bqMK5/ORL4O/y2UIV.2","action":"Commit Response", "result":"Success", "context":Result: Success. cV=YMSi1bqMK5/ORL4O/y2UIV.0;server=akswtt100000002;cloudType=Consumer;environment=Prod_southeastasia_prod-s01-064-apac-southeastasia;migrationStage=NotStarted}
{"logTime": "0811/130556", "correlationVector":"gRlslTdaRqeqKxkjAjDCd0","action":"Commit Request", "result":"", "context":Item count: 4
Contributing types: Sessions, History}
{"logTime": "0811/130557", "correlationVector":"gRlslTdaRqeqKxkjAjDCd0.1","action":"SyncServerConnectionManagerRequest", "result":"SYNC_SERVER_OK", "context":{"environment":"Prod_southeastasia_prod-s01-064-apac-southeastasia", "migrationStage":"NotStarted", "server":"akswtt10000001j"}}
{"logTime": "0811/130557", "correlationVector":"gRlslTdaRqeqKxkjAjDCd0.2","action":"Commit Response", "result":"Success", "context":Result: Success. cV=gRlslTdaRqeqKxkjAjDCd0.0;server=akswtt10000001j;cloudType=Consumer;environment=Prod_southeastasia_prod-s01-064-apac-southeastasia;migrationStage=NotStarted}
{"logTime": "0811/130742", "correlationVector":"JD5ndCrcJF8vI/dnKoj686","action":"Commit Request", "result":"", "context":Item count: 8
Contributing types: Sessions, History}
{"logTime": "0811/130742", "correlationVector":"JD5ndCrcJF8vI/dnKoj686.1","action":"SyncServerConnectionManagerRequest", "result":"SYNC_SERVER_OK", "context":{"environment":"Prod_southeastasia_prod-s01-064-apac-southeastasia", "migrationStage":"NotStarted", "server":"akswtt100000008"}}
{"logTime": "0811/130742", "correlationVector":"JD5ndCrcJF8vI/dnKoj686.2","action":"Commit Response", "result":"Success", "context":Result: Success. cV=JD5ndCrcJF8vI/dnKoj686.0;server=akswtt100000008;cloudType=Consumer;environment=Prod_southeastasia_prod-s01-064-apac-southeastasia;migrationStage=NotStarted}
{"logTime": "0811/130820", "correlationVector":"Ro1xKrMbY+HpsCUghGjY0z","action":"Commit Request", "result":"", "context":Item count: 14
Contributing types: Preferences, Sessions, History}
{"logTime": "0811/130821", "correlationVector":"Ro1xKrMbY+HpsCUghGjY0z.1","action":"SyncServerConnectionManagerRequest", "result":"SYNC_SERVER_OK", "context":{"environment":"Prod_southeastasia_prod-s01-064-apac-southeastasia", "migrationStage":"NotStarted", "server":"akswtt10000002o"}}
{"logTime": "0811/130821", "correlationVector":"Ro1xKrMbY+HpsCUghGjY0z.2","action":"Commit Response", "result":"Success", "context":Result: Success. cV=Ro1xKrMbY+HpsCUghGjY0z.0;server=akswtt10000002o;cloudType=Consumer;environment=Prod_southeastasia_prod-s01-064-apac-southeastasia;migrationStage=NotStarted}
{"logTime": "0811/130925", "correlationVector":"rbWeJbH4E1igEFkdF6Ayjs","action":"Commit Request", "result":"", "context":Item count: 9
Contributing types: Sessions, History}
{"logTime": "0811/130926", "correlationVector":"rbWeJbH4E1igEFkdF6Ayjs.1","action":"SyncServerConnectionManagerRequest", "result":"SYNC_SERVER_OK", "context":{"environment":"Prod_southeastasia_prod-s01-064-apac-southeastasia", "migrationStage":"NotStarted", "server":"akswtt100000008"}}
{"logTime": "0811/130926", "correlationVector":"rbWeJbH4E1igEFkdF6Ayjs.3","action":"Commit.Sessions", "result":"Success", "context":{"id":"408cdd02-b253-4a4f-89fc-f972ede4fb51", "isDeleted":"true", "size":"0", "version":"1754917699984"}}
{"logTime": "0811/130926", "correlationVector":"rbWeJbH4E1igEFkdF6Ayjs.2","action":"Commit Response", "result":"Success", "context":Result: Success. cV=rbWeJbH4E1igEFkdF6Ayjs.0;server=akswtt100000008;cloudType=Consumer;environment=Prod_southeastasia_prod-s01-064-apac-southeastasia;migrationStage=NotStarted}
{"logTime": "0811/131029", "correlationVector":"GXOehcfTaAbY6YzCAm5EUI","action":"Commit Request", "result":"", "context":Item count: 4
Contributing types: Sessions, History}
{"logTime": "0811/131029", "correlationVector":"GXOehcfTaAbY6YzCAm5EUI.1","action":"SyncServerConnectionManagerRequest", "result":"SYNC_SERVER_OK", "context":{"environment":"Prod_southeastasia_prod-s01-064-apac-southeastasia", "migrationStage":"NotStarted", "server":"akswtt100000013"}}
{"logTime": "0811/131029", "correlationVector":"GXOehcfTaAbY6YzCAm5EUI.3","action":"Commit.Sessions", "result":"Success", "context":{"id":"4d07ca87-3edb-4bfe-b220-abd1b31e0701", "isDeleted":"true", "size":"0", "version":"1754917764659"}}
{"logTime": "0811/131029", "correlationVector":"GXOehcfTaAbY6YzCAm5EUI.2","action":"Commit Response", "result":"Success", "context":Result: Success. cV=GXOehcfTaAbY6YzCAm5EUI.0;server=akswtt100000013;cloudType=Consumer;environment=Prod_southeastasia_prod-s01-064-apac-southeastasia;migrationStage=NotStarted}
{"logTime": "0811/131219", "correlationVector":"jtfUl+oN8t5IfT9xzCVqtH","action":"Commit Request", "result":"", "context":Item count: 2
Contributing types: Sessions}
{"logTime": "0811/131219", "correlationVector":"jtfUl+oN8t5IfT9xzCVqtH.1","action":"SyncServerConnectionManagerRequest", "result":"SYNC_SERVER_OK", "context":{"environment":"Prod_southeastasia_prod-s01-064-apac-southeastasia", "migrationStage":"NotStarted", "server":"akswtt10000001p"}}
{"logTime": "0811/131219", "correlationVector":"jtfUl+oN8t5IfT9xzCVqtH.2","action":"Commit Response", "result":"Success", "context":Result: Success. cV=jtfUl+oN8t5IfT9xzCVqtH.0;server=akswtt10000001p;cloudType=Consumer;environment=Prod_southeastasia_prod-s01-064-apac-southeastasia;migrationStage=NotStarted}
{"logTime": "0811/131703", "correlationVector":"bTSbB6zQM5dhDH0z5m5NRe","action":"Commit Request", "result":"", "context":Item count: 17
Contributing types: Sessions, History}
{"logTime": "0811/131704", "correlationVector":"bTSbB6zQM5dhDH0z5m5NRe.1","action":"SyncServerConnectionManagerRequest", "result":"SYNC_SERVER_OK", "context":{"environment":"Prod_southeastasia_prod-s01-064-apac-southeastasia", "migrationStage":"NotStarted", "server":"akswtt10000002f"}}
{"logTime": "0811/131704", "correlationVector":"bTSbB6zQM5dhDH0z5m5NRe.2","action":"Commit Response", "result":"Success", "context":Result: Success. cV=bTSbB6zQM5dhDH0z5m5NRe.0;server=akswtt10000002f;cloudType=Consumer;environment=Prod_southeastasia_prod-s01-064-apac-southeastasia;migrationStage=NotStarted}
{"logTime": "0811/131746", "correlationVector":"LfVWhItLc5QpU/JqxG3Ktb","action":"Commit Request", "result":"", "context":Item count: 4
Contributing types: Preferences, Sessions, History}
{"logTime": "0811/131746", "correlationVector":"LfVWhItLc5QpU/JqxG3Ktb.1","action":"SyncServerConnectionManagerRequest", "result":"SYNC_SERVER_OK", "context":{"environment":"Prod_southeastasia_prod-s01-064-apac-southeastasia", "migrationStage":"NotStarted", "server":"akswtt10000002b"}}
{"logTime": "0811/131746", "correlationVector":"LfVWhItLc5QpU/JqxG3Ktb.2","action":"Commit Response", "result":"Success", "context":Result: Success. cV=LfVWhItLc5QpU/JqxG3Ktb.0;server=akswtt10000002b;cloudType=Consumer;environment=Prod_southeastasia_prod-s01-064-apac-southeastasia;migrationStage=NotStarted}
{"logTime": "0811/131909", "correlationVector":"dKwln0QjtEeQNKP8MMqERU","action":"Commit Request", "result":"", "context":Item count: 11
Contributing types: Preferences, Sessions, History}
{"logTime": "0811/131910", "correlationVector":"dKwln0QjtEeQNKP8MMqERU.1","action":"SyncServerConnectionManagerRequest", "result":"SYNC_SERVER_OK", "context":{"environment":"Prod_southeastasia_prod-s01-064-apac-southeastasia", "migrationStage":"NotStarted", "server":"akswtt100000027"}}
{"logTime": "0811/131910", "correlationVector":"dKwln0QjtEeQNKP8MMqERU.2","action":"Commit Response", "result":"Success", "context":Result: Success. cV=dKwln0QjtEeQNKP8MMqERU.0;server=akswtt100000027;cloudType=Consumer;environment=Prod_southeastasia_prod-s01-064-apac-southeastasia;migrationStage=NotStarted}
{"logTime": "0811/131912", "correlationVector":"2pfDi5vdo8PVajmrVN24gX","action":"Commit Request", "result":"", "context":Item count: 3
Contributing types: Preferences, Sessions}
{"logTime": "0811/131912", "correlationVector":"2pfDi5vdo8PVajmrVN24gX.1","action":"SyncServerConnectionManagerRequest", "result":"SYNC_SERVER_OK", "context":{"environment":"Prod_southeastasia_prod-s01-064-apac-southeastasia", "migrationStage":"NotStarted", "server":"akswtt10000002b"}}
{"logTime": "0811/131912", "correlationVector":"2pfDi5vdo8PVajmrVN24gX.3","action":"Commit.Sessions", "result":"Success", "context":{"id":"6cb2d041-3e28-4bc5-8290-ed5d29665aaf", "isDeleted":"true", "size":"0", "version":"1754918349022"}}
{"logTime": "0811/131912", "correlationVector":"2pfDi5vdo8PVajmrVN24gX.2","action":"Commit Response", "result":"Success", "context":Result: Success. cV=2pfDi5vdo8PVajmrVN24gX.0;server=akswtt10000002b;cloudType=Consumer;environment=Prod_southeastasia_prod-s01-064-apac-southeastasia;migrationStage=NotStarted}
{"logTime": "0811/132013", "correlationVector":"kTX6K2jHm16OWq+9d3iaf7","action":"Commit Request", "result":"", "context":Item count: 6
Contributing types: Sessions, History}
{"logTime": "0811/132014", "correlationVector":"kTX6K2jHm16OWq+9d3iaf7.1","action":"SyncServerConnectionManagerRequest", "result":"SYNC_SERVER_OK", "context":{"environment":"Prod_southeastasia_prod-s01-064-apac-southeastasia", "migrationStage":"NotStarted", "server":"akswtt10000001w"}}
{"logTime": "0811/132014", "correlationVector":"kTX6K2jHm16OWq+9d3iaf7.3","action":"Commit.Sessions", "result":"Success", "context":{"id":"9e0f646f-58c7-4b78-a375-9c259f2f2f34", "isDeleted":"true", "size":"0", "version":"1754917938806"}}
{"logTime": "0811/132014", "correlationVector":"kTX6K2jHm16OWq+9d3iaf7.2","action":"Commit Response", "result":"Success", "context":Result: Success. cV=kTX6K2jHm16OWq+9d3iaf7.0;server=akswtt10000001w;cloudType=Consumer;environment=Prod_southeastasia_prod-s01-064-apac-southeastasia;migrationStage=NotStarted}
{"logTime": "0811/132211", "correlationVector":"YicJIkfxb/pDjUiay/sBAt","action":"Normal GetUpdate request", "result":"", "context":cV=YicJIkfxb/pDjUiay/sBAt
Nudged types: Preferences, Sessions, History
Refresh requested types: Bookmarks, Preferences, Passwords, Autofill Profiles, Autofill, Extensions, Sessions, Extension settings, History Delete Directives, Device Info, User Consents, Send Tab To Self, Web Apps, History, Saved Tab Group, WebAuthn Credentials, Collection, Edge E Drop, Edge Hub App Usage, Edge Wallet, Encryption Keys}
{"logTime": "0811/132211", "correlationVector":"YicJIkfxb/pDjUiay/sBAt.1","action":"SyncServerConnectionManagerRequest", "result":"SYNC_SERVER_OK", "context":{"environment":"Prod_southeastasia_prod-s01-064-apac-southeastasia", "migrationStage":"NotStarted", "server":"akswtt100000007"}}
{"logTime": "0811/132211", "correlationVector":"YicJIkfxb/pDjUiay/sBAt.2","action":"ProcessGetUpdates", "result":"Done", "context":{"dataType":"Preferences", "deleted":"0", "process_failed_to_decrypt":"0", "process_pending_decryption":"0", "process_success":"1", "total":"1"}}
{"logTime": "0811/132211", "correlationVector":"YicJIkfxb/pDjUiay/sBAt.3","action":"ProcessGetUpdates", "result":"Done", "context":{"dataType":"Sessions", "deleted":"7", "process_failed_to_decrypt":"0", "process_pending_decryption":"0", "process_success":"12", "total":"12"}}
{"logTime": "0811/132211", "correlationVector":"YicJIkfxb/pDjUiay/sBAt.4","action":"ProcessGetUpdates", "result":"Done", "context":{"dataType":"History", "deleted":"0", "process_failed_to_decrypt":"0", "process_pending_decryption":"0", "process_success":"44", "total":"44"}}
{"logTime": "0811/132211", "correlationVector":"YicJIkfxb/pDjUiay/sBAt.5","action":"GetUpdates Response", "result":"Success", "context":Received 57 update(s). cV=YicJIkfxb/pDjUiay/sBAt.0;server=akswtt100000007;cloudType=Consumer;environment=Prod_southeastasia_prod-s01-064-apac-southeastasia;migrationStage=NotStarted}
{"logTime": "0811/132211", "correlationVector":"0ryY3QIMs4E3AKiEniVphH","action":"Commit Request", "result":"", "context":Item count: 6
Contributing types: Preferences, Sessions}
{"logTime": "0811/132211", "correlationVector":"0ryY3QIMs4E3AKiEniVphH.1","action":"SyncServerConnectionManagerRequest", "result":"SYNC_SERVER_OK", "context":{"environment":"Prod_southeastasia_prod-s01-064-apac-southeastasia", "migrationStage":"NotStarted", "server":"akswtt10000001f"}}
{"logTime": "0811/132211", "correlationVector":"0ryY3QIMs4E3AKiEniVphH.3","action":"Commit.Sessions", "result":"Success", "context":{"id":"7e451292-0c18-42a9-94c8-6ddcdfea77b1", "isDeleted":"true", "size":"0", "version":"1754918349021"}}
{"logTime": "0811/132211", "correlationVector":"0ryY3QIMs4E3AKiEniVphH.4","action":"Commit.Sessions", "result":"Success", "context":{"id":"72a25c56-1c47-49e7-86d4-d992dba9aebc", "isDeleted":"true", "size":"0", "version":"1754918412784"}}
{"logTime": "0811/132211", "correlationVector":"0ryY3QIMs4E3AKiEniVphH.5","action":"Commit.Sessions", "result":"Success", "context":{"id":"bfc9255b-cfd3-412e-9c57-dd35af8af3d0", "isDeleted":"true", "size":"0", "version":"1754918351734"}}
{"logTime": "0811/132211", "correlationVector":"0ryY3QIMs4E3AKiEniVphH.6","action":"Commit.Sessions", "result":"Success", "context":{"id":"c13cceb9-b192-4c47-aa07-90e2192b9258", "isDeleted":"true", "size":"0", "version":"1754918412785"}}
{"logTime": "0811/132211", "correlationVector":"0ryY3QIMs4E3AKiEniVphH.2","action":"Commit Response", "result":"Success", "context":Result: Success. cV=0ryY3QIMs4E3AKiEniVphH.0;server=akswtt10000001f;cloudType=Consumer;environment=Prod_southeastasia_prod-s01-064-apac-southeastasia;migrationStage=NotStarted}
{"logTime": "0811/132220", "correlationVector":"mlKKoxbp9YTvwvAeUplG9y","action":"Commit Request", "result":"", "context":Item count: 4
Contributing types: Preferences, Sessions, History}
{"logTime": "0811/132220", "correlationVector":"mlKKoxbp9YTvwvAeUplG9y.1","action":"SyncServerConnectionManagerRequest", "result":"SYNC_SERVER_OK", "context":{"environment":"Prod_southeastasia_prod-s01-064-apac-southeastasia", "migrationStage":"NotStarted", "server":"akswtt10000002b"}}
{"logTime": "0811/132220", "correlationVector":"mlKKoxbp9YTvwvAeUplG9y.2","action":"Commit Response", "result":"Success", "context":Result: Success. cV=mlKKoxbp9YTvwvAeUplG9y.0;server=akswtt10000002b;cloudType=Consumer;environment=Prod_southeastasia_prod-s01-064-apac-southeastasia;migrationStage=NotStarted}
{"logTime": "0811/132322", "correlationVector":"HPMGMvsdD+7W0aockT7Uq8","action":"Commit Request", "result":"", "context":Item count: 8
Contributing types: Sessions, History}
{"logTime": "0811/132323", "correlationVector":"HPMGMvsdD+7W0aockT7Uq8.1","action":"SyncServerConnectionManagerRequest", "result":"SYNC_SERVER_OK", "context":{"environment":"Prod_southeastasia_prod-s01-064-apac-southeastasia", "migrationStage":"NotStarted", "server":"akswtt10000001q"}}
{"logTime": "0811/132323", "correlationVector":"HPMGMvsdD+7W0aockT7Uq8.2","action":"Commit Response", "result":"Success", "context":Result: Success. cV=HPMGMvsdD+7W0aockT7Uq8.0;server=akswtt10000001q;cloudType=Consumer;environment=Prod_southeastasia_prod-s01-064-apac-southeastasia;migrationStage=NotStarted}
{"logTime": "0811/132515", "correlationVector":"2PXRkQ/Xl0dc/EAyWKHfQ0","action":"Commit Request", "result":"", "context":Item count: 5
Contributing types: Sessions, History}
{"logTime": "0811/132516", "correlationVector":"2PXRkQ/Xl0dc/EAyWKHfQ0.1","action":"SyncServerConnectionManagerRequest", "result":"SYNC_SERVER_OK", "context":{"environment":"Prod_southeastasia_prod-s01-064-apac-southeastasia", "migrationStage":"NotStarted", "server":"akswtt10000002b"}}
{"logTime": "0811/132516", "correlationVector":"2PXRkQ/Xl0dc/EAyWKHfQ0.2","action":"Commit Response", "result":"Success", "context":Result: Success. cV=2PXRkQ/Xl0dc/EAyWKHfQ0.0;server=akswtt10000002b;cloudType=Consumer;environment=Prod_southeastasia_prod-s01-064-apac-southeastasia;migrationStage=NotStarted}
{"logTime": "0811/132534", "correlationVector":"JqSOrHiL1SB6Ku5UoaY5LN","action":"Commit Request", "result":"", "context":Item count: 3
Contributing types: Preferences, Sessions, History}
{"logTime": "0811/132534", "correlationVector":"JqSOrHiL1SB6Ku5UoaY5LN.1","action":"SyncServerConnectionManagerRequest", "result":"SYNC_SERVER_OK", "context":{"environment":"Prod_southeastasia_prod-s01-064-apac-southeastasia", "migrationStage":"NotStarted", "server":"akswtt10000001f"}}
{"logTime": "0811/132534", "correlationVector":"JqSOrHiL1SB6Ku5UoaY5LN.2","action":"Commit Response", "result":"Success", "context":Result: Success. cV=JqSOrHiL1SB6Ku5UoaY5LN.0;server=akswtt10000001f;cloudType=Consumer;environment=Prod_southeastasia_prod-s01-064-apac-southeastasia;migrationStage=NotStarted}
{"logTime": "0811/132638", "correlationVector":"a9Uw3OiAMG9N67rP6jeBo/","action":"Commit Request", "result":"", "context":Item count: 6
Contributing types: Sessions, History}
{"logTime": "0811/132638", "correlationVector":"a9Uw3OiAMG9N67rP6jeBo/.1","action":"SyncServerConnectionManagerRequest", "result":"SYNC_SERVER_OK", "context":{"environment":"Prod_southeastasia_prod-s01-064-apac-southeastasia", "migrationStage":"NotStarted", "server":"akswtt10000001q"}}
{"logTime": "0811/132638", "correlationVector":"a9Uw3OiAMG9N67rP6jeBo/.2","action":"Commit Response", "result":"Success", "context":Result: Success. cV=a9Uw3OiAMG9N67rP6jeBo/.0;server=akswtt10000001q;cloudType=Consumer;environment=Prod_southeastasia_prod-s01-064-apac-southeastasia;migrationStage=NotStarted}
{"logTime": "0812/022745", "correlationVector":"ZaVTXWVpDnPV+qam0SCi0x","action":"Normal GetUpdate request", "result":"", "context":cV=ZaVTXWVpDnPV+qam0SCi0x
Nudged types: Preferences, Sessions, History
Refresh requested types: Bookmarks, Preferences, Passwords, Autofill Profiles, Autofill, Extensions, Sessions, Extension settings, History Delete Directives, Device Info, User Consents, Send Tab To Self, Web Apps, History, Saved Tab Group, WebAuthn Credentials, Collection, Edge E Drop, Edge Hub App Usage, Edge Wallet, Encryption Keys}
{"logTime": "0812/022746", "correlationVector":"ZaVTXWVpDnPV+qam0SCi0x.1","action":"SyncServerConnectionManagerRequest", "result":"SYNC_SERVER_OK", "context":{"environment":"Prod_southeastasia_prod-s01-064-apac-southeastasia", "migrationStage":"NotStarted", "server":"akswtt10000001f"}}
{"logTime": "0812/022746", "correlationVector":"ZaVTXWVpDnPV+qam0SCi0x.2","action":"ProcessGetUpdates", "result":"Done", "context":{"dataType":"Preferences", "deleted":"0", "process_failed_to_decrypt":"0", "process_pending_decryption":"0", "process_success":"1", "total":"1"}}
{"logTime": "0812/022746", "correlationVector":"ZaVTXWVpDnPV+qam0SCi0x.3","action":"ProcessGetUpdates", "result":"Done", "context":{"dataType":"Sessions", "deleted":"4", "process_failed_to_decrypt":"0", "process_pending_decryption":"0", "process_success":"7", "total":"7"}}
{"logTime": "0812/022746", "correlationVector":"ZaVTXWVpDnPV+qam0SCi0x.4","action":"ProcessGetUpdates", "result":"Done", "context":{"dataType":"History", "deleted":"0", "process_failed_to_decrypt":"0", "process_pending_decryption":"0", "process_success":"13", "total":"13"}}
{"logTime": "0812/022746", "correlationVector":"ZaVTXWVpDnPV+qam0SCi0x.5","action":"GetUpdates Response", "result":"Success", "context":Received 21 update(s). cV=ZaVTXWVpDnPV+qam0SCi0x.0;server=akswtt10000001f;cloudType=Consumer;environment=Prod_southeastasia_prod-s01-064-apac-southeastasia;migrationStage=NotStarted}
{"logTime": "0812/022746", "correlationVector":"pcb9AOP10jqgvs/taxlDCW","action":"Commit Request", "result":"", "context":Item count: 4
Contributing types: Preferences, Sessions}
{"logTime": "0812/022746", "correlationVector":"pcb9AOP10jqgvs/taxlDCW.1","action":"SyncServerConnectionManagerRequest", "result":"SYNC_SERVER_OK", "context":{"environment":"Prod_southeastasia_prod-s01-064-apac-southeastasia", "migrationStage":"NotStarted", "server":"akswtt100000028"}}
{"logTime": "0812/022746", "correlationVector":"pcb9AOP10jqgvs/taxlDCW.3","action":"Commit.Sessions", "result":"Success", "context":{"id":"f3157d92-06d1-447e-9c1d-bf78c8e341e7", "isDeleted":"true", "size":"0", "version":"1754918797427"}}
{"logTime": "0812/022746", "correlationVector":"pcb9AOP10jqgvs/taxlDCW.4","action":"Commit.Sessions", "result":"Success", "context":{"id":"61770a2d-0ef8-4352-b140-be371523a1b6", "isDeleted":"true", "size":"0", "version":"1754918714743"}}
{"logTime": "0812/022746", "correlationVector":"pcb9AOP10jqgvs/taxlDCW.2","action":"Commit Response", "result":"Success", "context":Result: Success. cV=pcb9AOP10jqgvs/taxlDCW.0;server=akswtt100000028;cloudType=Consumer;environment=Prod_southeastasia_prod-s01-064-apac-southeastasia;migrationStage=NotStarted}
{"logTime": "0812/022746", "correlationVector":"TicmJERwccjhl5Z7Lo0lc4","action":"Commit Request", "result":"", "context":Item count: 1
Contributing types: Preferences}
{"logTime": "0812/022746", "correlationVector":"TicmJERwccjhl5Z7Lo0lc4.1","action":"SyncServerConnectionManagerRequest", "result":"SYNC_SERVER_OK", "context":{"environment":"Prod_southeastasia_prod-s01-064-apac-southeastasia", "migrationStage":"NotStarted", "server":"akswtt100000007"}}
{"logTime": "0812/022746", "correlationVector":"TicmJERwccjhl5Z7Lo0lc4.2","action":"Commit Response", "result":"Success", "context":Result: Success. cV=TicmJERwccjhl5Z7Lo0lc4.0;server=akswtt100000007;cloudType=Consumer;environment=Prod_southeastasia_prod-s01-064-apac-southeastasia;migrationStage=NotStarted}
{"logTime": "0812/022746", "correlationVector":"X1Fe6lpEEDlSh3l6SklBWW","action":"Poll GetUpdate request", "result":"", "context":cV=X1Fe6lpEEDlSh3l6SklBWW}
{"logTime": "0812/022747", "correlationVector":"X1Fe6lpEEDlSh3l6SklBWW.1","action":"SyncServerConnectionManagerRequest", "result":"SYNC_SERVER_OK", "context":{"environment":"Prod_southeastasia_prod-s01-064-apac-southeastasia", "migrationStage":"NotStarted", "server":"akswtt10000001p"}}
{"logTime": "0812/022747", "correlationVector":"X1Fe6lpEEDlSh3l6SklBWW.2","action":"ProcessGetUpdates", "result":"Done", "context":{"dataType":"Preferences", "deleted":"0", "process_failed_to_decrypt":"0", "process_pending_decryption":"0", "process_success":"1", "total":"1"}}
{"logTime": "0812/022747", "correlationVector":"X1Fe6lpEEDlSh3l6SklBWW.3","action":"ProcessGetUpdates", "result":"Done", "context":{"dataType":"Sessions", "deleted":"2", "process_failed_to_decrypt":"0", "process_pending_decryption":"0", "process_success":"3", "total":"3"}}
{"logTime": "0812/022747", "correlationVector":"X1Fe6lpEEDlSh3l6SklBWW.4","action":"GetUpdates Response", "result":"Success", "context":Received 4 update(s). cV=X1Fe6lpEEDlSh3l6SklBWW.0;server=akswtt10000001p;cloudType=Consumer;environment=Prod_southeastasia_prod-s01-064-apac-southeastasia;migrationStage=NotStarted}
{"logTime": "0812/022747", "correlationVector":"NKqvLkUl9h2ncJ6HgcxJdV","action":"DoCompareDataConsistency requsted types: ", "result":"Bookmarks, Preferences, Passwords, Extensions, Extension settings, History Delete Directives, Send Tab To Self, Web Apps, History, Saved Tab Group, WebAuthn Credentials, Collection, Edge E Drop, Edge Wallet, Encryption Keys"}
{"logTime": "0812/022747", "correlationVector":"NKqvLkUl9h2ncJ6HgcxJdV.0","action":"CompareDataConsistency result: ", "result":"Compare result: Encryption Keys is consistent. local entities count is: 1 local entities hash is: aczfKAkPRFCgGeZspKowvunU/OQ="}
{"logTime": "0812/022747", "correlationVector":"NKqvLkUl9h2ncJ6HgcxJdV.1","action":"CompareDataConsistency result: ", "result":"Compare result: Bookmarks is consistent. local entities count is: 54 local entities hash is: gRIl5J7NeOe1sC0QDGts82/DfVE="}
{"logTime": "0812/022747", "correlationVector":"NKqvLkUl9h2ncJ6HgcxJdV.2","action":"CompareDataConsistency result: ", "result":"Compare result: Preferences is consistent. local entities count is: 92 local entities hash is: G92zMcnUFWko81zbIwPxlcN/ORg="}
{"logTime": "0812/022747", "correlationVector":"NKqvLkUl9h2ncJ6HgcxJdV.3","action":"CompareDataConsistency result: ", "result":"Compare result: Passwords is consistent. local entities count is: 0 local entities hash is: "}
{"logTime": "0812/022747", "correlationVector":"NKqvLkUl9h2ncJ6HgcxJdV.4","action":"CompareDataConsistency result: ", "result":"Compare result: Extensions is consistent. local entities count is: 9 local entities hash is: 3h+3508d7pwqtIWQxWjGivHydCE="}
{"logTime": "0812/022747", "correlationVector":"NKqvLkUl9h2ncJ6HgcxJdV.5","action":"CompareDataConsistency result: ", "result":"Compare result: Extension settings is consistent. local entities count is: 4 local entities hash is: X5CBst7ljNTYZCvCNHfBZBVuVKg="}
{"logTime": "0812/022747", "correlationVector":"NKqvLkUl9h2ncJ6HgcxJdV.6","action":"CompareDataConsistency result: ", "result":"Compare result: History Delete Directives is consistent. local entities count is: 0 local entities hash is: "}
{"logTime": "0812/022747", "correlationVector":"NKqvLkUl9h2ncJ6HgcxJdV.7","action":"CompareDataConsistency result: ", "result":"Server did not send this Send Tab To Self local entities count is: 0 local entities hash is: "}
{"logTime": "0812/022747", "correlationVector":"NKqvLkUl9h2ncJ6HgcxJdV.8","action":"CompareDataConsistency result: ", "result":"Compare result: Web Apps is consistent. local entities count is: 1 local entities hash is: 3RXjf7oa8GPPIaeecQk7R018vFI="}
{"logTime": "0812/022747", "correlationVector":"NKqvLkUl9h2ncJ6HgcxJdV.9","action":"CompareDataConsistency result: ", "result":"Server did not send this History local entities count is: 0 local entities hash is: "}
{"logTime": "0812/022747", "correlationVector":"NKqvLkUl9h2ncJ6HgcxJdV.10","action":"CompareDataConsistency result: ", "result":"Compare result: Saved Tab Group is consistent. local entities count is: 0 local entities hash is: "}
{"logTime": "0812/022747", "correlationVector":"NKqvLkUl9h2ncJ6HgcxJdV.11","action":"CompareDataConsistency result: ", "result":"Server did not send this WebAuthn Credentials local entities count is: 0 local entities hash is: "}
{"logTime": "0812/022747", "correlationVector":"NKqvLkUl9h2ncJ6HgcxJdV.12","action":"CompareDataConsistency result: ", "result":"Compare result: Collection is consistent. local entities count is: 0 local entities hash is: "}
{"logTime": "0812/022747", "correlationVector":"NKqvLkUl9h2ncJ6HgcxJdV.13","action":"CompareDataConsistency result: ", "result":"Compare result: Edge E Drop is consistent. local entities count is: 0 local entities hash is: "}
{"logTime": "0812/022747", "correlationVector":"NKqvLkUl9h2ncJ6HgcxJdV.14","action":"CompareDataConsistency result: ", "result":"Compare result: Edge Wallet is consistent. local entities count is: 0 local entities hash is: "}
{"logTime": "0812/022747", "correlationVector":"","action":"DIAGNOSTIC_REQUEST|v1/diagnosticData/Diagnostic.SendCheckResult()|SUCCESS", "result":""}
{"logTime": "0812/022752", "correlationVector":"1T8ZvsrySQ9y+Pr6oZRCvh","action":"Commit Request", "result":"", "context":Item count: 4
Contributing types: Preferences, Sessions, History}
{"logTime": "0812/022753", "correlationVector":"1T8ZvsrySQ9y+Pr6oZRCvh.1","action":"SyncServerConnectionManagerRequest", "result":"SYNC_SERVER_OK", "context":{"environment":"Prod_southeastasia_prod-s01-064-apac-southeastasia", "migrationStage":"NotStarted", "server":"akswtt10000000b"}}
{"logTime": "0812/022753", "correlationVector":"1T8ZvsrySQ9y+Pr6oZRCvh.2","action":"Commit Response", "result":"Success", "context":Result: Success. cV=1T8ZvsrySQ9y+Pr6oZRCvh.0;server=akswtt10000000b;cloudType=Consumer;environment=Prod_southeastasia_prod-s01-064-apac-southeastasia;migrationStage=NotStarted}
{"logTime": "0812/022948", "correlationVector":"dFZHBYEUwnbFLQa10Ct3ZE","action":"Commit Request", "result":"", "context":Item count: 3
Contributing types: Sessions, History}
{"logTime": "0812/022948", "correlationVector":"dFZHBYEUwnbFLQa10Ct3ZE.1","action":"SyncServerConnectionManagerRequest", "result":"SYNC_SERVER_OK", "context":{"environment":"Prod_southeastasia_prod-s01-064-apac-southeastasia", "migrationStage":"NotStarted", "server":"akswtt100000022"}}
{"logTime": "0812/022948", "correlationVector":"dFZHBYEUwnbFLQa10Ct3ZE.2","action":"Commit Response", "result":"Success", "context":Result: Success. cV=dFZHBYEUwnbFLQa10Ct3ZE.0;server=akswtt100000022;cloudType=Consumer;environment=Prod_southeastasia_prod-s01-064-apac-southeastasia;migrationStage=NotStarted}
{"logTime": "0812/023334", "correlationVector":"thkil+KdtxnNnlLi1ax4v4","action":"Commit Request", "result":"", "context":Item count: 4
Contributing types: Preferences, Sessions, History}
{"logTime": "0812/023334", "correlationVector":"thkil+KdtxnNnlLi1ax4v4.1","action":"SyncServerConnectionManagerRequest", "result":"SYNC_SERVER_OK", "context":{"environment":"Prod_southeastasia_prod-s01-065-apac-southeastasia", "migrationStage":"NotStarted", "server":"akswtt100000009"}}
{"logTime": "0812/023334", "correlationVector":"thkil+KdtxnNnlLi1ax4v4.2","action":"Commit Response", "result":"Success", "context":Result: Success. cV=thkil+KdtxnNnlLi1ax4v4.0;server=akswtt100000009;cloudType=Consumer;environment=Prod_southeastasia_prod-s01-065-apac-southeastasia;migrationStage=NotStarted}
{"logTime": "0812/023510", "correlationVector":"4DZ1wf095d6oi6GNOYqx1B","action":"Commit Request", "result":"", "context":Item count: 7
Contributing types: Sessions, History}
{"logTime": "0812/023511", "correlationVector":"4DZ1wf095d6oi6GNOYqx1B.1","action":"SyncServerConnectionManagerRequest", "result":"SYNC_SERVER_OK", "context":{"environment":"Prod_southeastasia_prod-s01-064-apac-southeastasia", "migrationStage":"NotStarted", "server":"akswtt100000002"}}
{"logTime": "0812/023511", "correlationVector":"4DZ1wf095d6oi6GNOYqx1B.2","action":"Commit Response", "result":"Success", "context":Result: Success. cV=4DZ1wf095d6oi6GNOYqx1B.0;server=akswtt100000002;cloudType=Consumer;environment=Prod_southeastasia_prod-s01-064-apac-southeastasia;migrationStage=NotStarted}
{"logTime": "0812/023556", "correlationVector":"sroNWuTbQtm16WkHJ4aymm","action":"History lookup request", "result":""}
{"logTime": "0812/023556", "correlationVector":"IJ2FLqftvZ4dbGi8I/n/XV","action":"History lookup request", "result":""}
{"logTime": "0812/023557", "correlationVector":"sroNWuTbQtm16WkHJ4aymm.0","action":"History lookup response", "result":"200", "context":{"server":"akswtt10000000z"}}
{"logTime": "0812/023557", "correlationVector":"IJ2FLqftvZ4dbGi8I/n/XV.0","action":"History lookup response", "result":"200", "context":{"server":"akswtt10000000z"}}
{"logTime": "0812/023643", "correlationVector":"jlTq4fBuUHwAamj+FrtGnM","action":"Commit Request", "result":"", "context":Item count: 6
Contributing types: Sessions, History}
{"logTime": "0812/023644", "correlationVector":"jlTq4fBuUHwAamj+FrtGnM.1","action":"SyncServerConnectionManagerRequest", "result":"SYNC_SERVER_OK", "context":{"environment":"Prod_southeastasia_prod-s01-065-apac-southeastasia", "migrationStage":"NotStarted", "server":"akswtt10000000w"}}
{"logTime": "0812/023644", "correlationVector":"jlTq4fBuUHwAamj+FrtGnM.3","action":"Commit.Sessions", "result":"Success", "context":{"id":"b167d950-394a-41ab-b435-839408a7ee39", "isDeleted":"true", "size":"0", "version":"1754966108775"}}
{"logTime": "0812/023644", "correlationVector":"jlTq4fBuUHwAamj+FrtGnM.2","action":"Commit Response", "result":"Success", "context":Result: Success. cV=jlTq4fBuUHwAamj+FrtGnM.0;server=akswtt10000000w;cloudType=Consumer;environment=Prod_southeastasia_prod-s01-065-apac-southeastasia;migrationStage=NotStarted}
{"logTime": "0812/024340", "correlationVector":"9PDm2qHWR+skYKhjfphqlb","action":"Commit Request", "result":"", "context":Item count: 2
Contributing types: Sessions}
{"logTime": "0812/024341", "correlationVector":"9PDm2qHWR+skYKhjfphqlb.1","action":"SyncServerConnectionManagerRequest", "result":"SYNC_SERVER_OK", "context":{"environment":"Prod_southeastasia_prod-s01-065-apac-southeastasia", "migrationStage":"NotStarted", "server":"akswtt100000015"}}
{"logTime": "0812/024341", "correlationVector":"9PDm2qHWR+skYKhjfphqlb.2","action":"Commit Response", "result":"Success", "context":Result: Success. cV=9PDm2qHWR+skYKhjfphqlb.0;server=akswtt100000015;cloudType=Consumer;environment=Prod_southeastasia_prod-s01-065-apac-southeastasia;migrationStage=NotStarted}
{"logTime": "0812/025507", "correlationVector":"qZpDTcC+UBag5MH41Fks12","action":"Normal GetUpdate request", "result":"", "context":cV=qZpDTcC+UBag5MH41Fks12
Nudged types: Preferences, Sessions, History
Refresh requested types: Bookmarks, Preferences, Passwords, Autofill Profiles, Autofill, Extensions, Sessions, Extension settings, History Delete Directives, Device Info, User Consents, Send Tab To Self, Web Apps, History, Saved Tab Group, WebAuthn Credentials, Collection, Edge E Drop, Edge Hub App Usage, Edge Wallet, Encryption Keys}
{"logTime": "0812/025508", "correlationVector":"qZpDTcC+UBag5MH41Fks12.1","action":"SyncServerConnectionManagerRequest", "result":"SYNC_SERVER_OK", "context":{"environment":"Prod_southeastasia_prod-s01-064-apac-southeastasia", "migrationStage":"NotStarted", "server":"akswtt10000000f"}}
{"logTime": "0812/025508", "correlationVector":"qZpDTcC+UBag5MH41Fks12.2","action":"ProcessGetUpdates", "result":"Done", "context":{"dataType":"Preferences", "deleted":"0", "process_failed_to_decrypt":"0", "process_pending_decryption":"0", "process_success":"1", "total":"1"}}
{"logTime": "0812/025508", "correlationVector":"qZpDTcC+UBag5MH41Fks12.3","action":"ProcessGetUpdates", "result":"Done", "context":{"dataType":"Sessions", "deleted":"1", "process_failed_to_decrypt":"0", "process_pending_decryption":"0", "process_success":"4", "total":"4"}}
{"logTime": "0812/025508", "correlationVector":"qZpDTcC+UBag5MH41Fks12.4","action":"ProcessGetUpdates", "result":"Done", "context":{"dataType":"History", "deleted":"0", "process_failed_to_decrypt":"0", "process_pending_decryption":"0", "process_success":"9", "total":"9"}}
{"logTime": "0812/025508", "correlationVector":"qZpDTcC+UBag5MH41Fks12.5","action":"GetUpdates Response", "result":"Success", "context":Received 14 update(s). cV=qZpDTcC+UBag5MH41Fks12.0;server=akswtt10000000f;cloudType=Consumer;environment=Prod_southeastasia_prod-s01-064-apac-southeastasia;migrationStage=NotStarted}
{"logTime": "0812/025508", "correlationVector":"XiU2ru4tEuTHpdDlqJ2S6Z","action":"Commit Request", "result":"", "context":Item count: 4
Contributing types: Preferences, Sessions}
{"logTime": "0812/025508", "correlationVector":"XiU2ru4tEuTHpdDlqJ2S6Z.1","action":"SyncServerConnectionManagerRequest", "result":"SYNC_SERVER_OK", "context":{"environment":"Prod_southeastasia_prod-s01-064-apac-southeastasia", "migrationStage":"NotStarted", "server":"akswtt100000013"}}
{"logTime": "0812/025508", "correlationVector":"XiU2ru4tEuTHpdDlqJ2S6Z.3","action":"Commit.Sessions", "result":"Success", "context":{"id":"ff27e6e6-c1ac-44f6-99e9-34832f291154", "isDeleted":"true", "size":"0", "version":"1754966618628"}}
{"logTime": "0812/025508", "correlationVector":"XiU2ru4tEuTHpdDlqJ2S6Z.4","action":"Commit.Sessions", "result":"Success", "context":{"id":"13536d8f-5ee9-4091-8e59-86acf382c9bd", "isDeleted":"true", "size":"0", "version":"1754966618629"}}
{"logTime": "0812/025508", "correlationVector":"XiU2ru4tEuTHpdDlqJ2S6Z.2","action":"Commit Response", "result":"Success", "context":Result: Success. cV=XiU2ru4tEuTHpdDlqJ2S6Z.0;server=akswtt100000013;cloudType=Consumer;environment=Prod_southeastasia_prod-s01-064-apac-southeastasia;migrationStage=NotStarted}
{"logTime": "0812/025540", "correlationVector":"DsFtAxZWLkl8E4frClyvRu","action":"Commit Request", "result":"", "context":Item count: 4
Contributing types: Preferences, Sessions, History}
{"logTime": "0812/025541", "correlationVector":"DsFtAxZWLkl8E4frClyvRu.1","action":"SyncServerConnectionManagerRequest", "result":"SYNC_SERVER_OK", "context":{"environment":"Prod_southeastasia_prod-s01-065-apac-southeastasia", "migrationStage":"NotStarted", "server":"akswtt100000019"}}
{"logTime": "0812/025541", "correlationVector":"DsFtAxZWLkl8E4frClyvRu.2","action":"Commit Response", "result":"Success", "context":Result: Success. cV=DsFtAxZWLkl8E4frClyvRu.0;server=akswtt100000019;cloudType=Consumer;environment=Prod_southeastasia_prod-s01-065-apac-southeastasia;migrationStage=NotStarted}
{"logTime": "0812/025712", "correlationVector":"x/8PKEmYHwhn2FpqH/PPOY","action":"Commit Request", "result":"", "context":Item count: 3
Contributing types: Sessions, History}
{"logTime": "0812/025712", "correlationVector":"x/8PKEmYHwhn2FpqH/PPOY.1","action":"SyncServerConnectionManagerRequest", "result":"SYNC_SERVER_OK", "context":{"environment":"Prod_southeastasia_prod-s01-065-apac-southeastasia", "migrationStage":"NotStarted", "server":"akswtt100000000"}}
{"logTime": "0812/025712", "correlationVector":"x/8PKEmYHwhn2FpqH/PPOY.2","action":"Commit Response", "result":"Success", "context":Result: Success. cV=x/8PKEmYHwhn2FpqH/PPOY.0;server=akswtt100000000;cloudType=Consumer;environment=Prod_southeastasia_prod-s01-065-apac-southeastasia;migrationStage=NotStarted}
{"logTime": "0812/030617", "correlationVector":"i1teLaUlBBs5Ms6dCry7xi","action":"Normal GetUpdate request", "result":"", "context":cV=i1teLaUlBBs5Ms6dCry7xi
Nudged types: Preferences, Sessions
Refresh requested types: Bookmarks, Preferences, Passwords, Autofill Profiles, Autofill, Extensions, Sessions, Extension settings, History Delete Directives, Device Info, User Consents, Send Tab To Self, Web Apps, History, Saved Tab Group, WebAuthn Credentials, Collection, Edge E Drop, Edge Hub App Usage, Edge Wallet, Encryption Keys}
{"logTime": "0812/030617", "correlationVector":"i1teLaUlBBs5Ms6dCry7xi.1","action":"SyncServerConnectionManagerRequest", "result":"SYNC_SERVER_OK", "context":{"environment":"Prod_southeastasia_prod-s01-064-apac-southeastasia", "migrationStage":"NotStarted", "server":"akswtt10000001f"}}
{"logTime": "0812/030617", "correlationVector":"i1teLaUlBBs5Ms6dCry7xi.2","action":"ProcessGetUpdates", "result":"Done", "context":{"dataType":"Preferences", "deleted":"0", "process_failed_to_decrypt":"0", "process_pending_decryption":"0", "process_success":"1", "total":"1"}}
{"logTime": "0812/030617", "correlationVector":"i1teLaUlBBs5Ms6dCry7xi.3","action":"ProcessGetUpdates", "result":"Done", "context":{"dataType":"Sessions", "deleted":"2", "process_failed_to_decrypt":"0", "process_pending_decryption":"0", "process_success":"4", "total":"4"}}
{"logTime": "0812/030617", "correlationVector":"i1teLaUlBBs5Ms6dCry7xi.4","action":"ProcessGetUpdates", "result":"Done", "context":{"dataType":"History", "deleted":"0", "process_failed_to_decrypt":"0", "process_pending_decryption":"0", "process_success":"2", "total":"2"}}
{"logTime": "0812/030617", "correlationVector":"i1teLaUlBBs5Ms6dCry7xi.5","action":"GetUpdates Response", "result":"Success", "context":Received 7 update(s). cV=i1teLaUlBBs5Ms6dCry7xi.0;server=akswtt10000001f;cloudType=Consumer;environment=Prod_southeastasia_prod-s01-064-apac-southeastasia;migrationStage=NotStarted}
{"logTime": "0812/030617", "correlationVector":"5F8P48sVkoyN5Z9/aJyza6","action":"Commit Request", "result":"", "context":Item count: 3
Contributing types: Preferences, Sessions}
{"logTime": "0812/030618", "correlationVector":"5F8P48sVkoyN5Z9/aJyza6.1","action":"SyncServerConnectionManagerRequest", "result":"SYNC_SERVER_OK", "context":{"environment":"Prod_southeastasia_prod-s01-064-apac-southeastasia", "migrationStage":"NotStarted", "server":"akswtt100000001"}}
{"logTime": "0812/030618", "correlationVector":"5F8P48sVkoyN5Z9/aJyza6.3","action":"Commit.Sessions", "result":"Success", "context":{"id":"37d0ae61-fcd4-4891-a8a1-289022f88f40", "isDeleted":"true", "size":"0", "version":"1754967430414"}}
{"logTime": "0812/030618", "correlationVector":"5F8P48sVkoyN5Z9/aJyza6.2","action":"Commit Response", "result":"Success", "context":Result: Success. cV=5F8P48sVkoyN5Z9/aJyza6.0;server=akswtt100000001;cloudType=Consumer;environment=Prod_southeastasia_prod-s01-064-apac-southeastasia;migrationStage=NotStarted}
{"logTime": "0812/030620", "correlationVector":"uRZ9/lirzRAkoBDce7tyI6","action":"Commit Request", "result":"", "context":Item count: 3
Contributing types: Sessions, History}
{"logTime": "0812/030620", "correlationVector":"uRZ9/lirzRAkoBDce7tyI6.1","action":"SyncServerConnectionManagerRequest", "result":"SYNC_SERVER_OK", "context":{"environment":"Prod_southeastasia_prod-s01-064-apac-southeastasia", "migrationStage":"NotStarted", "server":"akswtt100000001"}}
{"logTime": "0812/030620", "correlationVector":"uRZ9/lirzRAkoBDce7tyI6.2","action":"Commit Response", "result":"Success", "context":Result: Success. cV=uRZ9/lirzRAkoBDce7tyI6.0;server=akswtt100000001;cloudType=Consumer;environment=Prod_southeastasia_prod-s01-064-apac-southeastasia;migrationStage=NotStarted}
{"logTime": "0812/030648", "correlationVector":"/htj9zcVytcZhuT1tjtFta","action":"Commit Request", "result":"", "context":Item count: 4
Contributing types: Preferences, Sessions, History}
{"logTime": "0812/030648", "correlationVector":"/htj9zcVytcZhuT1tjtFta.1","action":"SyncServerConnectionManagerRequest", "result":"SYNC_SERVER_OK", "context":{"environment":"Prod_southeastasia_prod-s01-064-apac-southeastasia", "migrationStage":"NotStarted", "server":"akswtt10000001u"}}
{"logTime": "0812/030648", "correlationVector":"/htj9zcVytcZhuT1tjtFta.2","action":"Commit Response", "result":"Success", "context":Result: Success. cV=/htj9zcVytcZhuT1tjtFta.0;server=akswtt10000001u;cloudType=Consumer;environment=Prod_southeastasia_prod-s01-064-apac-southeastasia;migrationStage=NotStarted}
{"logTime": "0812/030750", "correlationVector":"vU1ePaXYvmC/F0GgqJefJJ","action":"Commit Request", "result":"", "context":Item count: 2
Contributing types: Sessions, History}
{"logTime": "0812/030750", "correlationVector":"vU1ePaXYvmC/F0GgqJefJJ.1","action":"SyncServerConnectionManagerRequest", "result":"SYNC_SERVER_OK", "context":{"environment":"Prod_southeastasia_prod-s01-064-apac-southeastasia", "migrationStage":"NotStarted", "server":"akswtt10000001j"}}
{"logTime": "0812/030750", "correlationVector":"vU1ePaXYvmC/F0GgqJefJJ.2","action":"Commit Response", "result":"Success", "context":Result: Success. cV=vU1ePaXYvmC/F0GgqJefJJ.0;server=akswtt10000001j;cloudType=Consumer;environment=Prod_southeastasia_prod-s01-064-apac-southeastasia;migrationStage=NotStarted}
{"logTime": "0812/031101", "correlationVector":"elyRm2hLFmgbFN3Y3n6Ahf","action":"Commit Request", "result":"", "context":Item count: 4
Contributing types: Sessions, History}
{"logTime": "0812/031102", "correlationVector":"elyRm2hLFmgbFN3Y3n6Ahf.1","action":"SyncServerConnectionManagerRequest", "result":"SYNC_SERVER_OK", "context":{"environment":"Prod_southeastasia_prod-s01-065-apac-southeastasia", "migrationStage":"NotStarted", "server":"akswtt100000015"}}
{"logTime": "0812/031102", "correlationVector":"elyRm2hLFmgbFN3Y3n6Ahf.2","action":"Commit Response", "result":"Success", "context":Result: Success. cV=elyRm2hLFmgbFN3Y3n6Ahf.0;server=akswtt100000015;cloudType=Consumer;environment=Prod_southeastasia_prod-s01-065-apac-southeastasia;migrationStage=NotStarted}
{"logTime": "0812/031128", "correlationVector":"uK8RcuS6bceaZJSWoelnyX","action":"Commit Request", "result":"", "context":Item count: 4
Contributing types: Preferences, Sessions, History}
{"logTime": "0812/031129", "correlationVector":"uK8RcuS6bceaZJSWoelnyX.1","action":"SyncServerConnectionManagerRequest", "result":"SYNC_SERVER_OK", "context":{"environment":"Prod_southeastasia_prod-s01-065-apac-southeastasia", "migrationStage":"NotStarted", "server":"akswtt100000014"}}
{"logTime": "0812/031129", "correlationVector":"uK8RcuS6bceaZJSWoelnyX.2","action":"Commit Response", "result":"Success", "context":Result: Success. cV=uK8RcuS6bceaZJSWoelnyX.0;server=akswtt100000014;cloudType=Consumer;environment=Prod_southeastasia_prod-s01-065-apac-southeastasia;migrationStage=NotStarted}
{"logTime": "0812/031236", "correlationVector":"4r8bqI+6C9SPg+3Shbft6j","action":"Commit Request", "result":"", "context":Item count: 3
Contributing types: Sessions, History}
{"logTime": "0812/031237", "correlationVector":"4r8bqI+6C9SPg+3Shbft6j.1","action":"SyncServerConnectionManagerRequest", "result":"SYNC_SERVER_OK", "context":{"environment":"Prod_southeastasia_prod-s01-065-apac-southeastasia", "migrationStage":"NotStarted", "server":"akswtt10000000r"}}
{"logTime": "0812/031237", "correlationVector":"4r8bqI+6C9SPg+3Shbft6j.2","action":"Commit Response", "result":"Success", "context":Result: Success. cV=4r8bqI+6C9SPg+3Shbft6j.0;server=akswtt10000000r;cloudType=Consumer;environment=Prod_southeastasia_prod-s01-065-apac-southeastasia;migrationStage=NotStarted}
{"logTime": "0812/031648", "correlationVector":"gab5uQQZUFvsyMeim9kEfZ","action":"Commit Request", "result":"", "context":Item count: 7
Contributing types: Sessions, History}
{"logTime": "0812/031649", "correlationVector":"gab5uQQZUFvsyMeim9kEfZ.1","action":"SyncServerConnectionManagerRequest", "result":"SYNC_SERVER_OK", "context":{"environment":"Prod_southeastasia_prod-s01-065-apac-southeastasia", "migrationStage":"NotStarted", "server":"akswtt100000019"}}
{"logTime": "0812/031649", "correlationVector":"gab5uQQZUFvsyMeim9kEfZ.2","action":"Commit Response", "result":"Success", "context":Result: Success. cV=gab5uQQZUFvsyMeim9kEfZ.0;server=akswtt100000019;cloudType=Consumer;environment=Prod_southeastasia_prod-s01-065-apac-southeastasia;migrationStage=NotStarted}
{"logTime": "0812/031841", "correlationVector":"Myos248N4SaK7bglsGRa9c","action":"Commit Request", "result":"", "context":Item count: 3
Contributing types: Sessions, History}
{"logTime": "0812/031842", "correlationVector":"Myos248N4SaK7bglsGRa9c.1","action":"SyncServerConnectionManagerRequest", "result":"SYNC_SERVER_OK", "context":{"environment":"Prod_southeastasia_prod-s01-065-apac-southeastasia", "migrationStage":"NotStarted", "server":"akswtt10000001g"}}
{"logTime": "0812/031842", "correlationVector":"Myos248N4SaK7bglsGRa9c.2","action":"Commit Response", "result":"Success", "context":Result: Success. cV=Myos248N4SaK7bglsGRa9c.0;server=akswtt10000001g;cloudType=Consumer;environment=Prod_southeastasia_prod-s01-065-apac-southeastasia;migrationStage=NotStarted}
{"logTime": "0812/032003", "correlationVector":"0gnw2YAtZPQ/C3ofX/5uul","action":"Commit Request", "result":"", "context":Item count: 1
Contributing types: Sessions}
{"logTime": "0812/032003", "correlationVector":"0gnw2YAtZPQ/C3ofX/5uul.1","action":"SyncServerConnectionManagerRequest", "result":"SYNC_SERVER_OK", "context":{"environment":"Prod_southeastasia_prod-s01-065-apac-southeastasia", "migrationStage":"NotStarted", "server":"akswtt100000012"}}
{"logTime": "0812/032003", "correlationVector":"0gnw2YAtZPQ/C3ofX/5uul.2","action":"Commit Response", "result":"Success", "context":Result: Success. cV=0gnw2YAtZPQ/C3ofX/5uul.0;server=akswtt100000012;cloudType=Consumer;environment=Prod_southeastasia_prod-s01-065-apac-southeastasia;migrationStage=NotStarted}
{"logTime": "0812/032250", "correlationVector":"Yht3IAcVXvFejSvrmrn8KV","action":"Commit Request", "result":"", "context":Item count: 5
Contributing types: Preferences, Sessions, History}
{"logTime": "0812/032251", "correlationVector":"Yht3IAcVXvFejSvrmrn8KV.1","action":"SyncServerConnectionManagerRequest", "result":"SYNC_SERVER_OK", "context":{"environment":"Prod_southeastasia_prod-s01-065-apac-southeastasia", "migrationStage":"NotStarted", "server":"akswtt100000000"}}
{"logTime": "0812/032251", "correlationVector":"Yht3IAcVXvFejSvrmrn8KV.2","action":"Commit Response", "result":"Success", "context":Result: Success. cV=Yht3IAcVXvFejSvrmrn8KV.0;server=akswtt100000000;cloudType=Consumer;environment=Prod_southeastasia_prod-s01-065-apac-southeastasia;migrationStage=NotStarted}
{"logTime": "0812/032403", "correlationVector":"iM7a51j6guO5m1xgf8EI4B","action":"Commit Request", "result":"", "context":Item count: 3
Contributing types: Preferences, Sessions, History}
{"logTime": "0812/032404", "correlationVector":"iM7a51j6guO5m1xgf8EI4B.1","action":"SyncServerConnectionManagerRequest", "result":"SYNC_SERVER_OK", "context":{"environment":"Prod_southeastasia_prod-s01-065-apac-southeastasia", "migrationStage":"NotStarted", "server":"akswtt10000000e"}}
{"logTime": "0812/032404", "correlationVector":"iM7a51j6guO5m1xgf8EI4B.2","action":"Commit Response", "result":"Success", "context":Result: Success. cV=iM7a51j6guO5m1xgf8EI4B.0;server=akswtt10000000e;cloudType=Consumer;environment=Prod_southeastasia_prod-s01-065-apac-southeastasia;migrationStage=NotStarted}
{"logTime": "0812/032513", "correlationVector":"qTTEG6S/ewdI6JK25GUOd9","action":"Commit Request", "result":"", "context":Item count: 8
Contributing types: Sessions, History}
{"logTime": "0812/032513", "correlationVector":"qTTEG6S/ewdI6JK25GUOd9.1","action":"SyncServerConnectionManagerRequest", "result":"SYNC_SERVER_OK", "context":{"environment":"Prod_southeastasia_prod-s01-065-apac-southeastasia", "migrationStage":"NotStarted", "server":"akswtt10000000g"}}
{"logTime": "0812/032513", "correlationVector":"qTTEG6S/ewdI6JK25GUOd9.2","action":"Commit Response", "result":"Success", "context":Result: Success. cV=qTTEG6S/ewdI6JK25GUOd9.0;server=akswtt10000000g;cloudType=Consumer;environment=Prod_southeastasia_prod-s01-065-apac-southeastasia;migrationStage=NotStarted}
{"logTime": "0812/032620", "correlationVector":"3UOYuskDVsJKFYSr15ZN9u","action":"Commit Request", "result":"", "context":Item count: 10
Contributing types: Sessions, History}
{"logTime": "0812/032621", "correlationVector":"3UOYuskDVsJKFYSr15ZN9u.1","action":"SyncServerConnectionManagerRequest", "result":"SYNC_SERVER_OK", "context":{"environment":"Prod_southeastasia_prod-s01-065-apac-southeastasia", "migrationStage":"NotStarted", "server":"akswtt10000000e"}}
{"logTime": "0812/032621", "correlationVector":"3UOYuskDVsJKFYSr15ZN9u.2","action":"Commit Response", "result":"Success", "context":Result: Success. cV=3UOYuskDVsJKFYSr15ZN9u.0;server=akswtt10000000e;cloudType=Consumer;environment=Prod_southeastasia_prod-s01-065-apac-southeastasia;migrationStage=NotStarted}
{"logTime": "0812/032822", "correlationVector":"z1D+nB/beOf6aujemwPtWV","action":"Commit Request", "result":"", "context":Item count: 1
Contributing types: Sessions}
{"logTime": "0812/032822", "correlationVector":"z1D+nB/beOf6aujemwPtWV.1","action":"SyncServerConnectionManagerRequest", "result":"SYNC_SERVER_OK", "context":{"environment":"Prod_southeastasia_prod-s01-065-apac-southeastasia", "migrationStage":"NotStarted", "server":"akswtt10000001h"}}
{"logTime": "0812/032822", "correlationVector":"z1D+nB/beOf6aujemwPtWV.2","action":"Commit Response", "result":"Success", "context":Result: Success. cV=z1D+nB/beOf6aujemwPtWV.0;server=akswtt10000001h;cloudType=Consumer;environment=Prod_southeastasia_prod-s01-065-apac-southeastasia;migrationStage=NotStarted}
