2025-08-11 10:50:55.437: [INFO][Sync] Reset engine, reason: 8
2025-08-11 10:50:55.437: [INFO][Sync] Stopped: Bookmarks
2025-08-11 10:50:55.437: [INFO][Sync] Stopped: Preferences
2025-08-11 10:50:55.437: [INFO][Sync] Stopped: Passwords
2025-08-11 10:50:55.437: [INFO][Sync] Stopped: Autofill Profiles
2025-08-11 10:50:55.437: [INFO][Sync] Stopped: Autofill
2025-08-11 10:50:55.437: [INFO][Sync] Stopped: Extensions
2025-08-11 10:50:55.437: [INFO][Sync] Stopped: Sessions
2025-08-11 10:50:55.437: [INFO][Sync] Stopped: Extension settings
2025-08-11 10:50:55.437: [INFO][Sync] Stopped: History Delete Directives
2025-08-11 10:50:55.437: [INFO][Sync] Stopped: Device Info
2025-08-11 10:50:55.437: [INFO][Sync] Stopped: User Consents
2025-08-11 10:50:55.437: [INFO][Sync] Stopped: Send Tab To Self
2025-08-11 10:50:55.437: [INFO][Sync] Stopped: Web Apps
2025-08-11 10:50:55.437: [INFO][Sync] Stopped: History
2025-08-11 10:50:55.437: [INFO][Sync] Stopped: Saved Tab Group
2025-08-11 10:50:55.437: [INFO][Sync] Stopped: WebAuthn Credentials
2025-08-11 10:50:55.437: [INFO][Sync] Stopped: Collection
2025-08-11 10:50:55.437: [INFO][Sync] Stopped: Edge E Drop
2025-08-11 10:50:55.437: [INFO][Sync] Stopped: Edge Hub App Usage
2025-08-11 10:50:55.437: [INFO][Sync] Stopped: Edge Wallet
2025-08-11 10:50:55.437: [INFO][Sync] SyncState after authenticated was: NotSignedIn
2025-08-11 10:50:55.598: [INFO][Sync] Reset engine, reason: 8
2025-08-11 10:50:55.598: [INFO][Sync] Stopped: Bookmarks
2025-08-11 10:50:55.598: [INFO][Sync] Stopped: Preferences
2025-08-11 10:50:55.598: [INFO][Sync] Stopped: Passwords
2025-08-11 10:50:55.598: [INFO][Sync] Stopped: Autofill Profiles
2025-08-11 10:50:55.598: [INFO][Sync] Stopped: Autofill
2025-08-11 10:50:55.598: [INFO][Sync] Stopped: Extensions
2025-08-11 10:50:55.598: [INFO][Sync] Stopped: Sessions
2025-08-11 10:50:55.598: [INFO][Sync] Stopped: Extension settings
2025-08-11 10:50:55.598: [INFO][Sync] Stopped: History Delete Directives
2025-08-11 10:50:55.598: [INFO][Sync] Stopped: Device Info
2025-08-11 10:50:55.598: [INFO][Sync] Stopped: User Consents
2025-08-11 10:50:55.598: [INFO][Sync] Stopped: Send Tab To Self
2025-08-11 10:50:55.598: [INFO][Sync] Stopped: Web Apps
2025-08-11 10:50:55.598: [INFO][Sync] Stopped: History
2025-08-11 10:50:55.598: [INFO][Sync] Stopped: Saved Tab Group
2025-08-11 10:50:55.598: [INFO][Sync] Stopped: WebAuthn Credentials
2025-08-11 10:50:55.598: [INFO][Sync] Stopped: Collection
2025-08-11 10:50:55.598: [INFO][Sync] Stopped: Edge E Drop
2025-08-11 10:50:55.598: [INFO][Sync] Stopped: Edge Hub App Usage
2025-08-11 10:50:55.598: [INFO][Sync] Stopped: Edge Wallet
2025-08-11 10:51:38.428: [INFO][Sync] Try to start sync engine
2025-08-11 10:51:38.428: [INFO][SyncManagerImpl::NudgeForInitialDownload] Initial download nudge for Encryption Keys
2025-08-11 10:51:38.428: [INFO][SyncEngineBackend::LoadAndConnectNigoriController] Load and connect Nigori controller
2025-08-11 10:51:38.428: [INFO][SyncEngineBackend::DoInitialize] Control Types added: Encryption Keys
2025-08-11 10:51:38.428: [INFO][SyncManagerImpl::ConfigureSyncer] Types to download: Encryption Keys with reason: 3
2025-08-11 10:51:38.428: [INFO][SyncSchedulerImpl::DoConfigurationSyncCycleJob] Configure job was blocked
2025-08-11 10:51:38.850: [INFO][SyncAuthManager::SetLastAuthError] Current auth error: None
2025-08-11 10:51:38.850: [INFO][SyncAuthManager::EdgeLogTokenErrorState] Token error with: None for account type: MSA
2025-08-11 10:51:38.850: [INFO][Sync] Credentials changed for: EdgeSyncKeyDataScope
2025-08-11 10:51:38.850: [INFO][SyncEngineBackend::DoUpdateKeyDataCredentials] Update key data credentials
2025-08-11 10:51:39.120: [INFO][SyncAuthManager::SetLastAuthError] Current auth error: None
2025-08-11 10:51:39.120: [INFO][SyncAuthManager::EdgeLogTokenErrorState] Token error with: None for account type: MSA
2025-08-11 10:51:39.120: [INFO][Sync] Credentials changed for: EdgeSyncScopeNew
2025-08-11 10:51:39.120: [INFO][SyncEngineBackend::DoUpdateCredentials] Update credentials
2025-08-11 10:51:39.120: [INFO][SyncSchedulerImpl::DoConfigurationSyncCycleJob] Blocked types:  and types to download: Encryption Keys
2025-08-11 10:51:39.567: [INFO][SyncEngineBackend::DoUpdateKeyDataCredentials] Update key data credentials
2025-08-11 10:51:39.570: [INFO][Sync] Started DataTypeManager configuration, reason: 4
2025-08-11 10:51:39.570: [INFO][Sync] Configuring for: Bookmarks, Preferences, Passwords, Autofill Profiles, Autofill, Extensions, Sessions, Extension settings, History Delete Directives, Device Info, User Consents, Send Tab To Self, Web Apps, History, Saved Tab Group, WebAuthn Credentials, Collection, Edge E Drop, Edge Hub App Usage, Edge Wallet, Encryption Keys, reason: 3, current state: 0
2025-08-11 10:51:39.570: [WARN][Sync] Crypto error data types: Passwords, Autofill Profiles, Autofill
2025-08-11 10:51:39.570: [INFO][Sync] Configure, desired: Bookmarks, Preferences, Extensions, Sessions, Extension settings, History Delete Directives, Device Info, User Consents, Send Tab To Self, Web Apps, History, Saved Tab Group, WebAuthn Credentials, Collection, Edge E Drop, Edge Hub App Usage, Edge Wallet, Encryption Keys; Allow fail: Passwords, Autofill Profiles, Autofill
2025-08-11 10:51:39.570: [INFO][Sync] Loading: Bookmarks
2025-08-11 10:51:39.570: [INFO][Sync] Loading: Preferences
2025-08-11 10:51:39.570: [INFO][Sync] Loading: Extensions
2025-08-11 10:51:39.570: [INFO][Sync] Loading: Sessions
2025-08-11 10:51:39.570: [INFO][Sync] Loading: Extension settings
2025-08-11 10:51:39.570: [INFO][Sync] Loading: History Delete Directives
2025-08-11 10:51:39.570: [INFO][Sync] Loading: Device Info
2025-08-11 10:51:39.570: [INFO][Sync] Loading: User Consents
2025-08-11 10:51:39.570: [INFO][Sync] Loading: Send Tab To Self
2025-08-11 10:51:39.570: [INFO][Sync] Loading: Web Apps
2025-08-11 10:51:39.570: [INFO][Sync] Loading: History
2025-08-11 10:51:39.570: [INFO][Sync] Loading: Saved Tab Group
2025-08-11 10:51:39.570: [INFO][Sync] Loading: WebAuthn Credentials
2025-08-11 10:51:39.570: [INFO][Sync] Loading: Collection
2025-08-11 10:51:39.570: [INFO][Sync] Loading: Edge E Drop
2025-08-11 10:51:39.570: [INFO][Sync] Loading: Edge Hub App Usage
2025-08-11 10:51:39.570: [INFO][Sync] Loading: Edge Wallet
2025-08-11 10:51:39.571: [INFO][Sync] All data types are ready for configure.
2025-08-11 10:51:40.098: [INFO][Sync] Started DataTypeManager configuration, reason: 5
2025-08-11 10:51:40.098: [INFO][Sync] Configuring for: Bookmarks, Preferences, Passwords, Autofill Profiles, Autofill, Extensions, Sessions, Extension settings, History Delete Directives, Device Info, User Consents, Send Tab To Self, Web Apps, History, Saved Tab Group, WebAuthn Credentials, Collection, Edge E Drop, Edge Hub App Usage, Edge Wallet, Encryption Keys, reason: 5, current state: 1
2025-08-11 10:51:40.099: [INFO][SyncEngineBackend::DoStartConfiguration] Start configuration
2025-08-11 10:51:40.100: [INFO][SyncManagerImpl::NudgeForInitialDownload] Initial download nudge for Bookmarks
2025-08-11 10:51:40.100: [INFO][SyncManagerImpl::NudgeForInitialDownload] Initial download nudge for Preferences
2025-08-11 10:51:40.100: [INFO][SyncManagerImpl::NudgeForInitialDownload] Initial download nudge for Extensions
2025-08-11 10:51:40.100: [INFO][SyncManagerImpl::NudgeForInitialDownload] Initial download nudge for Sessions
2025-08-11 10:51:40.100: [INFO][SyncManagerImpl::NudgeForInitialDownload] Initial download nudge for Extension settings
2025-08-11 10:51:40.100: [INFO][SyncManagerImpl::NudgeForInitialDownload] Initial download nudge for History Delete Directives
2025-08-11 10:51:40.100: [INFO][SyncManagerImpl::NudgeForInitialDownload] Initial download nudge for Device Info
2025-08-11 10:51:40.100: [INFO][SyncManagerImpl::NudgeForInitialDownload] Initial download nudge for Send Tab To Self
2025-08-11 10:51:40.100: [INFO][SyncManagerImpl::NudgeForInitialDownload] Initial download nudge for Web Apps
2025-08-11 10:51:40.100: [INFO][SyncManagerImpl::NudgeForInitialDownload] Initial download nudge for History
2025-08-11 10:51:40.100: [INFO][SyncManagerImpl::NudgeForInitialDownload] Initial download nudge for Saved Tab Group
2025-08-11 10:51:40.100: [INFO][SyncManagerImpl::NudgeForInitialDownload] Initial download nudge for WebAuthn Credentials
2025-08-11 10:51:40.100: [INFO][SyncManagerImpl::NudgeForInitialDownload] Initial download nudge for Collection
2025-08-11 10:51:40.100: [INFO][SyncManagerImpl::NudgeForInitialDownload] Initial download nudge for Edge E Drop
2025-08-11 10:51:40.100: [INFO][SyncManagerImpl::NudgeForInitialDownload] Initial download nudge for Edge Hub App Usage
2025-08-11 10:51:40.100: [INFO][SyncManagerImpl::NudgeForInitialDownload] Initial download nudge for Edge Wallet
2025-08-11 10:51:40.100: [INFO][SyncManagerImpl::ConfigureSyncer] Types to download:  with reason: 3
2025-08-11 10:51:40.100: [INFO][SyncEngineBackend::DoFinishConfigureDataTypes] Failed to download types:  and succeeded types: 
2025-08-11 10:51:40.100: [INFO][Sync] ConfigurationDone, failed: , succeeded: , remaining count: 4
2025-08-11 10:51:40.100: [WARN][Sync]     Reconfigure requested while configuration ongoing.
2025-08-11 10:51:40.100: [INFO][Sync] Configuring for: Bookmarks, Preferences, Passwords, Autofill Profiles, Autofill, Extensions, Sessions, Extension settings, History Delete Directives, Device Info, User Consents, Send Tab To Self, Web Apps, History, Saved Tab Group, WebAuthn Credentials, Collection, Edge E Drop, Edge Hub App Usage, Edge Wallet, Encryption Keys, reason: 5, current state: 2
2025-08-11 10:51:40.100: [INFO][Sync] Configure, desired: Bookmarks, Preferences, Passwords, Autofill Profiles, Autofill, Extensions, Sessions, Extension settings, History Delete Directives, Device Info, User Consents, Send Tab To Self, Web Apps, History, Saved Tab Group, WebAuthn Credentials, Collection, Edge E Drop, Edge Hub App Usage, Edge Wallet, Encryption Keys; Allow fail: 
2025-08-11 10:51:40.100: [INFO][Sync] Loading: Passwords
2025-08-11 10:51:40.100: [INFO][Sync] Loading: Autofill Profiles
2025-08-11 10:51:40.100: [INFO][Sync] Loading: Autofill
2025-08-11 10:51:40.100: [INFO][Sync] All data types are ready for configure.
2025-08-11 10:51:40.100: [INFO][SyncManagerImpl::NudgeForInitialDownload] Initial download nudge for Passwords
2025-08-11 10:51:40.100: [INFO][SyncManagerImpl::NudgeForInitialDownload] Initial download nudge for Autofill Profiles
2025-08-11 10:51:40.100: [INFO][SyncManagerImpl::NudgeForInitialDownload] Initial download nudge for Autofill
2025-08-11 10:51:40.100: [INFO][SyncManagerImpl::ConfigureSyncer] Types to download:  with reason: 5
2025-08-11 10:51:40.100: [INFO][SyncEngineBackend::DoFinishConfigureDataTypes] Failed to download types:  and succeeded types: 
2025-08-11 10:51:40.100: [INFO][Sync] ConfigurationDone, failed: , succeeded: , remaining count: 4
2025-08-11 10:51:40.100: [INFO][Sync] Prepare to configure types: Preferences, Passwords, Device Info, Send Tab To Self, Edge E Drop, Encryption Keys
2025-08-11 10:51:40.100: [INFO][SyncManagerImpl::ConfigureSyncer] Types to download: Preferences, Passwords, Device Info, Send Tab To Self, Edge E Drop, Encryption Keys with reason: 5
2025-08-11 10:51:40.100: [INFO][SyncSchedulerImpl::DoConfigurationSyncCycleJob] Blocked types:  and types to download: Preferences, Passwords, Device Info, Send Tab To Self, Edge E Drop, Encryption Keys
2025-08-11 10:51:40.367: [INFO][SyncEngineBackend::DoFinishConfigureDataTypes] Failed to download types:  and succeeded types: Preferences, Passwords, Device Info, Send Tab To Self, Edge E Drop, Encryption Keys
2025-08-11 10:51:40.371: [INFO][Sync] ConfigurationDone, failed: , succeeded: Preferences, Passwords, Device Info, Send Tab To Self, Edge E Drop, Encryption Keys, remaining count: 3
2025-08-11 10:51:40.371: [INFO][Sync] Prepare to configure types: Bookmarks, Encryption Keys
2025-08-11 10:51:40.371: [INFO][SyncManagerImpl::ConfigureSyncer] Types to download: Bookmarks, Encryption Keys with reason: 5
2025-08-11 10:51:40.371: [INFO][SyncSchedulerImpl::DoConfigurationSyncCycleJob] Blocked types:  and types to download: Bookmarks, Encryption Keys
2025-08-11 10:51:40.821: [INFO][SyncEngineBackend::DoFinishConfigureDataTypes] Failed to download types:  and succeeded types: Bookmarks, Encryption Keys
2025-08-11 10:51:40.823: [INFO][Sync] ConfigurationDone, failed: , succeeded: Bookmarks, Encryption Keys, remaining count: 2
2025-08-11 10:51:40.823: [INFO][Sync] Prepare to configure types: Autofill Profiles, Autofill, Extensions, Sessions, Extension settings, History Delete Directives, Web Apps, Saved Tab Group, WebAuthn Credentials, Collection, Edge Hub App Usage, Edge Wallet, Encryption Keys
2025-08-11 10:51:40.823: [INFO][SyncManagerImpl::ConfigureSyncer] Types to download: Autofill Profiles, Autofill, Extensions, Sessions, Extension settings, History Delete Directives, Web Apps, Saved Tab Group, WebAuthn Credentials, Collection, Edge Hub App Usage, Edge Wallet, Encryption Keys with reason: 5
2025-08-11 10:51:40.823: [INFO][SyncSchedulerImpl::DoConfigurationSyncCycleJob] Blocked types:  and types to download: Autofill Profiles, Autofill, Extensions, Sessions, Extension settings, History Delete Directives, Web Apps, Saved Tab Group, WebAuthn Credentials, Collection, Edge Hub App Usage, Edge Wallet, Encryption Keys
2025-08-11 10:51:41.574: [INFO][Sync] Started DataTypeManager configuration, reason: 1
2025-08-11 10:51:41.574: [INFO][Sync] Configuring for: Bookmarks, Preferences, Passwords, Autofill Profiles, Autofill, Extensions, Sessions, Extension settings, History Delete Directives, Device Info, User Consents, Send Tab To Self, Web Apps, History, Saved Tab Group, WebAuthn Credentials, Collection, Edge E Drop, Edge Hub App Usage, Edge Wallet, Encryption Keys, reason: 1, current state: 1
2025-08-11 10:51:49.175: [INFO][SyncEngineBackend::DoFinishConfigureDataTypes] Failed to download types:  and succeeded types: Autofill Profiles, Autofill, Extensions, Sessions, Extension settings, History Delete Directives, Web Apps, Saved Tab Group, WebAuthn Credentials, Collection, Edge Hub App Usage, Edge Wallet, Encryption Keys
2025-08-11 10:51:49.177: [INFO][Sync] ConfigurationDone, failed: , succeeded: Autofill Profiles, Autofill, Extensions, Sessions, Extension settings, History Delete Directives, Web Apps, Saved Tab Group, WebAuthn Credentials, Collection, Edge Hub App Usage, Edge Wallet, Encryption Keys, remaining count: 1
2025-08-11 10:51:49.177: [WARN][Sync]     Reconfigure requested while configuration ongoing.
2025-08-11 10:51:49.177: [INFO][Sync] Configuring for: Bookmarks, Preferences, Passwords, Autofill Profiles, Autofill, Extensions, Sessions, Extension settings, History Delete Directives, Device Info, User Consents, Send Tab To Self, Web Apps, History, Saved Tab Group, WebAuthn Credentials, Collection, Edge E Drop, Edge Hub App Usage, Edge Wallet, Encryption Keys, reason: 1, current state: 2
2025-08-11 10:51:49.177: [INFO][Sync] Configure, desired: Bookmarks, Preferences, Passwords, Autofill Profiles, Autofill, Extensions, Sessions, Extension settings, History Delete Directives, Device Info, User Consents, Send Tab To Self, Web Apps, History, Saved Tab Group, WebAuthn Credentials, Collection, Edge E Drop, Edge Hub App Usage, Edge Wallet, Encryption Keys; Allow fail: 
2025-08-11 10:51:49.177: [INFO][Sync] All data types are ready for configure.
2025-08-11 10:51:49.177: [INFO][SyncManagerImpl::ConfigureSyncer] Types to download:  with reason: 1
2025-08-11 10:51:49.177: [INFO][SyncEngineBackend::DoFinishConfigureDataTypes] Failed to download types:  and succeeded types: 
2025-08-11 10:51:49.178: [INFO][Sync] ConfigurationDone, failed: , succeeded: , remaining count: 4
2025-08-11 10:51:49.178: [INFO][SyncManagerImpl::ConfigureSyncer] Types to download:  with reason: 1
2025-08-11 10:51:49.178: [INFO][SyncEngineBackend::DoFinishConfigureDataTypes] Failed to download types:  and succeeded types: 
2025-08-11 10:51:49.178: [INFO][Sync] ConfigurationDone, failed: , succeeded: , remaining count: 3
2025-08-11 10:51:49.178: [INFO][SyncManagerImpl::ConfigureSyncer] Types to download:  with reason: 1
2025-08-11 10:51:49.178: [INFO][SyncEngineBackend::DoFinishConfigureDataTypes] Failed to download types:  and succeeded types: 
2025-08-11 10:51:49.181: [INFO][Sync] ConfigurationDone, failed: , succeeded: , remaining count: 2
2025-08-11 10:51:49.181: [INFO][SyncManagerImpl::ConfigureSyncer] Types to download:  with reason: 1
2025-08-11 10:51:49.181: [INFO][SyncEngineBackend::DoFinishConfigureDataTypes] Failed to download types:  and succeeded types: 
2025-08-11 10:51:49.182: [INFO][Sync] ConfigurationDone, failed: , succeeded: , remaining count: 1
2025-08-11 10:51:49.182: [INFO][Sync] Prepare to configure types: History, Encryption Keys
2025-08-11 10:51:49.183: [INFO][SyncManagerImpl::ConfigureSyncer] Types to download: History, Encryption Keys with reason: 1
2025-08-11 10:51:49.183: [INFO][SyncSchedulerImpl::DoConfigurationSyncCycleJob] Blocked types:  and types to download: History, Encryption Keys
2025-08-11 10:52:09.466: [INFO][SyncEngineBackend::DoFinishConfigureDataTypes] Failed to download types:  and succeeded types: History, Encryption Keys
2025-08-11 10:52:09.468: [INFO][Sync] ConfigurationDone, failed: , succeeded: History, Encryption Keys, remaining count: 0
2025-08-11 10:52:09.470: [INFO][Sync]     Configuration completed, state: 7
2025-08-11 10:52:09.470: [INFO][Sync] Configured DataTypeManager: Ok
2025-08-11 10:52:09.472: [INFO][SyncEngineBackend::DoStartSyncing] Start syncing
2025-08-11 10:53:35.435: [INFO][Sync] SyncState after authenticated was: FeatureCanStart
2025-08-11 10:53:36.276: [INFO][Sync] Try to start sync engine
2025-08-11 10:53:36.278: [INFO][SyncAuthManager::SetLastAuthError] Current auth error: None
2025-08-11 10:53:36.278: [INFO][SyncAuthManager::EdgeLogTokenErrorState] Token error with: None for account type: MSA
2025-08-11 10:53:36.278: [INFO][Sync] Credentials changed for: EdgeSyncScopeNew
2025-08-11 10:53:36.279: [INFO][SyncEngineBackend::LoadAndConnectNigoriController] Load and connect Nigori controller
2025-08-11 10:53:36.279: [INFO][SyncEngineBackend::DoInitialize] Control Types added: 
2025-08-11 10:53:36.279: [INFO][SyncManagerImpl::ConfigureSyncer] Types to download:  with reason: 4
2025-08-11 10:53:36.282: [INFO][Sync] Started DataTypeManager configuration, reason: 4
2025-08-11 10:53:36.282: [INFO][Sync] Configuring for: Bookmarks, Preferences, Passwords, Autofill Profiles, Autofill, Extensions, Sessions, Extension settings, History Delete Directives, Device Info, User Consents, Send Tab To Self, Web Apps, History, Saved Tab Group, WebAuthn Credentials, Collection, Edge E Drop, Edge Hub App Usage, Edge Wallet, Encryption Keys, reason: 4, current state: 0
2025-08-11 10:53:36.282: [INFO][SyncEngineBackend::DoStartConfiguration] Start configuration
2025-08-11 10:53:36.283: [INFO][Sync] Configure, desired: Bookmarks, Preferences, Passwords, Autofill Profiles, Autofill, Extensions, Sessions, Extension settings, History Delete Directives, Device Info, User Consents, Send Tab To Self, Web Apps, History, Saved Tab Group, WebAuthn Credentials, Collection, Edge E Drop, Edge Hub App Usage, Edge Wallet, Encryption Keys; Allow fail: 
2025-08-11 10:53:36.283: [INFO][Sync] Loading: Bookmarks
2025-08-11 10:53:36.283: [INFO][Sync] Loading: Preferences
2025-08-11 10:53:36.283: [INFO][Sync] Loading: Passwords
2025-08-11 10:53:36.283: [INFO][Sync] Loading: Autofill Profiles
2025-08-11 10:53:36.283: [INFO][Sync] Loading: Autofill
2025-08-11 10:53:36.283: [INFO][Sync] Loading: Extensions
2025-08-11 10:53:36.283: [INFO][Sync] Loading: Sessions
2025-08-11 10:53:36.283: [INFO][Sync] Loading: Extension settings
2025-08-11 10:53:36.283: [INFO][Sync] Loading: History Delete Directives
2025-08-11 10:53:36.283: [INFO][Sync] Loading: Device Info
2025-08-11 10:53:36.283: [INFO][Sync] Loading: User Consents
2025-08-11 10:53:36.283: [INFO][Sync] Loading: Send Tab To Self
2025-08-11 10:53:36.283: [INFO][Sync] Loading: Web Apps
2025-08-11 10:53:36.283: [INFO][Sync] Loading: History
2025-08-11 10:53:36.283: [INFO][Sync] Loading: Saved Tab Group
2025-08-11 10:53:36.283: [INFO][Sync] Loading: WebAuthn Credentials
2025-08-11 10:53:36.283: [INFO][Sync] Loading: Collection
2025-08-11 10:53:36.283: [INFO][Sync] Loading: Edge E Drop
2025-08-11 10:53:36.283: [INFO][Sync] Loading: Edge Hub App Usage
2025-08-11 10:53:36.283: [INFO][Sync] Loading: Edge Wallet
2025-08-11 10:53:36.288: [INFO][Sync] All data types are ready for configure.
2025-08-11 10:53:36.288: [INFO][SyncManagerImpl::ConfigureSyncer] Types to download:  with reason: 4
2025-08-11 10:53:36.288: [INFO][SyncEngineBackend::DoFinishConfigureDataTypes] Failed to download types:  and succeeded types: 
2025-08-11 10:53:36.288: [INFO][Sync] ConfigurationDone, failed: , succeeded: , remaining count: 4
2025-08-11 10:53:36.288: [INFO][SyncManagerImpl::ConfigureSyncer] Types to download:  with reason: 4
2025-08-11 10:53:36.288: [INFO][SyncEngineBackend::DoFinishConfigureDataTypes] Failed to download types:  and succeeded types: 
2025-08-11 10:53:36.289: [INFO][Sync] ConfigurationDone, failed: , succeeded: , remaining count: 3
2025-08-11 10:53:36.289: [INFO][SyncManagerImpl::ConfigureSyncer] Types to download:  with reason: 4
2025-08-11 10:53:36.289: [INFO][SyncEngineBackend::DoFinishConfigureDataTypes] Failed to download types:  and succeeded types: 
2025-08-11 10:53:36.289: [INFO][Sync] ConfigurationDone, failed: , succeeded: , remaining count: 2
2025-08-11 10:53:36.289: [INFO][SyncManagerImpl::ConfigureSyncer] Types to download:  with reason: 4
2025-08-11 10:53:36.289: [INFO][SyncEngineBackend::DoFinishConfigureDataTypes] Failed to download types:  and succeeded types: 
2025-08-11 10:53:36.289: [INFO][Sync] ConfigurationDone, failed: , succeeded: , remaining count: 1
2025-08-11 10:53:36.289: [INFO][SyncManagerImpl::ConfigureSyncer] Types to download:  with reason: 4
2025-08-11 10:53:36.289: [INFO][SyncEngineBackend::DoFinishConfigureDataTypes] Failed to download types:  and succeeded types: 
2025-08-11 10:53:36.289: [INFO][Sync] ConfigurationDone, failed: , succeeded: , remaining count: 0
2025-08-11 10:53:36.290: [INFO][Sync]     Configuration completed, state: 3
2025-08-11 10:53:36.290: [INFO][Sync] Configured DataTypeManager: Ok
2025-08-11 10:53:36.291: [INFO][SyncEngineBackend::DoStartSyncing] Start syncing
2025-08-11 10:53:36.314: [INFO][SyncAuthManager::SetLastAuthError] Current auth error: None
2025-08-11 10:53:36.314: [INFO][SyncAuthManager::EdgeLogTokenErrorState] Token error with: None for account type: MSA
2025-08-11 10:53:36.314: [INFO][Sync] Credentials changed for: EdgeSyncKeyDataScope
2025-08-11 10:53:36.314: [INFO][SyncEngineBackend::DoUpdateKeyDataCredentials] Update key data credentials
2025-08-11 10:53:36.314: [INFO][SyncEngineBackend::DoUpdateCredentials] Update credentials
2025-08-11 11:06:04.435: [INFO][Sync] Reset engine, reason: 0
2025-08-11 11:06:04.435: [INFO][Sync] Reset engine with reason: 0
2025-08-11 11:54:12.274: [INFO][Sync] SyncState after authenticated was: FeatureCanStart
2025-08-11 11:54:13.245: [INFO][SyncAuthManager::SetLastAuthError] Current auth error: None
2025-08-11 11:54:13.245: [INFO][SyncAuthManager::EdgeLogTokenErrorState] Token error with: None for account type: MSA
2025-08-11 11:54:13.245: [INFO][Sync] Credentials changed for: EdgeSyncKeyDataScope
2025-08-11 11:54:13.915: [INFO][Sync] Try to start sync engine
2025-08-11 11:54:13.917: [INFO][SyncEngineBackend::LoadAndConnectNigoriController] Load and connect Nigori controller
2025-08-11 11:54:13.917: [INFO][SyncEngineBackend::DoInitialize] Control Types added: 
2025-08-11 11:54:13.917: [INFO][SyncManagerImpl::ConfigureSyncer] Types to download:  with reason: 4
2025-08-11 11:54:13.918: [INFO][SyncEngineBackend::DoUpdateKeyDataCredentials] Update key data credentials
2025-08-11 11:54:13.918: [INFO][SyncAuthManager::SetLastAuthError] Current auth error: None
2025-08-11 11:54:13.918: [INFO][SyncAuthManager::EdgeLogTokenErrorState] Token error with: None for account type: MSA
2025-08-11 11:54:13.918: [INFO][Sync] Credentials changed for: EdgeSyncScopeNew
2025-08-11 11:54:13.918: [INFO][SyncEngineBackend::DoUpdateCredentials] Update credentials
2025-08-11 11:54:13.918: [INFO][SyncEngineBackend::DoUpdateKeyDataCredentials] Update key data credentials
2025-08-11 11:54:13.924: [INFO][Sync] Started DataTypeManager configuration, reason: 4
2025-08-11 11:54:13.924: [INFO][Sync] Configuring for: Bookmarks, Preferences, Passwords, Autofill Profiles, Autofill, Extensions, Sessions, Extension settings, History Delete Directives, Device Info, User Consents, Send Tab To Self, Web Apps, History, Saved Tab Group, WebAuthn Credentials, Collection, Edge E Drop, Edge Hub App Usage, Edge Wallet, Encryption Keys, reason: 4, current state: 0
2025-08-11 11:54:13.924: [INFO][SyncEngineBackend::DoStartConfiguration] Start configuration
2025-08-11 11:54:13.925: [INFO][Sync] Configure, desired: Bookmarks, Preferences, Passwords, Autofill Profiles, Autofill, Extensions, Sessions, Extension settings, History Delete Directives, Device Info, User Consents, Send Tab To Self, Web Apps, History, Saved Tab Group, WebAuthn Credentials, Collection, Edge E Drop, Edge Hub App Usage, Edge Wallet, Encryption Keys; Allow fail: 
2025-08-11 11:54:13.925: [INFO][Sync] Loading: Bookmarks
2025-08-11 11:54:13.925: [INFO][Sync] Loading: Preferences
2025-08-11 11:54:13.925: [INFO][Sync] Loading: Passwords
2025-08-11 11:54:13.925: [INFO][Sync] Loading: Autofill Profiles
2025-08-11 11:54:13.925: [INFO][Sync] Loading: Autofill
2025-08-11 11:54:13.925: [INFO][Sync] Loading: Extensions
2025-08-11 11:54:13.925: [INFO][Sync] Loading: Sessions
2025-08-11 11:54:13.925: [INFO][Sync] Loading: Extension settings
2025-08-11 11:54:13.925: [INFO][Sync] Loading: History Delete Directives
2025-08-11 11:54:13.925: [INFO][Sync] Loading: Device Info
2025-08-11 11:54:13.925: [INFO][Sync] Loading: User Consents
2025-08-11 11:54:13.925: [INFO][Sync] Loading: Send Tab To Self
2025-08-11 11:54:13.925: [INFO][Sync] Loading: Web Apps
2025-08-11 11:54:13.925: [INFO][Sync] Loading: History
2025-08-11 11:54:13.925: [INFO][Sync] Loading: Saved Tab Group
2025-08-11 11:54:13.925: [INFO][Sync] Loading: WebAuthn Credentials
2025-08-11 11:54:13.925: [INFO][Sync] Loading: Collection
2025-08-11 11:54:13.925: [INFO][Sync] Loading: Edge E Drop
2025-08-11 11:54:13.925: [INFO][Sync] Loading: Edge Hub App Usage
2025-08-11 11:54:13.925: [INFO][Sync] Loading: Edge Wallet
2025-08-11 11:54:13.940: [INFO][Sync] All data types are ready for configure.
2025-08-11 11:54:13.941: [INFO][SyncManagerImpl::ConfigureSyncer] Types to download:  with reason: 4
2025-08-11 11:54:13.941: [INFO][SyncEngineBackend::DoFinishConfigureDataTypes] Failed to download types:  and succeeded types: 
2025-08-11 11:54:13.941: [INFO][Sync] ConfigurationDone, failed: , succeeded: , remaining count: 4
2025-08-11 11:54:13.941: [INFO][SyncManagerImpl::ConfigureSyncer] Types to download:  with reason: 4
2025-08-11 11:54:13.941: [INFO][SyncEngineBackend::DoFinishConfigureDataTypes] Failed to download types:  and succeeded types: 
2025-08-11 11:54:13.941: [INFO][Sync] ConfigurationDone, failed: , succeeded: , remaining count: 3
2025-08-11 11:54:13.941: [INFO][SyncManagerImpl::ConfigureSyncer] Types to download:  with reason: 4
2025-08-11 11:54:13.941: [INFO][SyncEngineBackend::DoFinishConfigureDataTypes] Failed to download types:  and succeeded types: 
2025-08-11 11:54:13.941: [INFO][Sync] ConfigurationDone, failed: , succeeded: , remaining count: 2
2025-08-11 11:54:13.941: [INFO][SyncManagerImpl::ConfigureSyncer] Types to download:  with reason: 4
2025-08-11 11:54:13.941: [INFO][SyncEngineBackend::DoFinishConfigureDataTypes] Failed to download types:  and succeeded types: 
2025-08-11 11:54:13.941: [INFO][Sync] ConfigurationDone, failed: , succeeded: , remaining count: 1
2025-08-11 11:54:13.941: [INFO][SyncManagerImpl::ConfigureSyncer] Types to download:  with reason: 4
2025-08-11 11:54:13.941: [INFO][SyncEngineBackend::DoFinishConfigureDataTypes] Failed to download types:  and succeeded types: 
2025-08-11 11:54:13.942: [INFO][Sync] ConfigurationDone, failed: , succeeded: , remaining count: 0
2025-08-11 11:54:13.942: [INFO][Sync]     Configuration completed, state: 3
2025-08-11 11:54:13.942: [INFO][Sync] Configured DataTypeManager: Ok
2025-08-11 11:54:13.943: [INFO][SyncEngineBackend::DoStartSyncing] Start syncing
2025-08-11 12:04:47.046: [INFO][Sync] Reset engine, reason: 0
2025-08-11 12:04:47.046: [INFO][Sync] Reset engine with reason: 0
2025-08-11 12:07:56.071: [INFO][Sync] SyncState after authenticated was: FeatureCanStart
2025-08-11 12:07:56.839: [INFO][SyncAuthManager::SetLastAuthError] Current auth error: None
2025-08-11 12:07:56.839: [INFO][SyncAuthManager::EdgeLogTokenErrorState] Token error with: None for account type: MSA
2025-08-11 12:07:56.839: [INFO][Sync] Credentials changed for: EdgeSyncKeyDataScope
2025-08-11 12:07:57.714: [INFO][Sync] Try to start sync engine
2025-08-11 12:07:57.716: [INFO][SyncEngineBackend::LoadAndConnectNigoriController] Load and connect Nigori controller
2025-08-11 12:07:57.716: [INFO][SyncEngineBackend::DoInitialize] Control Types added: 
2025-08-11 12:07:57.716: [INFO][SyncManagerImpl::ConfigureSyncer] Types to download:  with reason: 4
2025-08-11 12:07:57.716: [INFO][SyncEngineBackend::DoUpdateKeyDataCredentials] Update key data credentials
2025-08-11 12:07:57.719: [INFO][SyncAuthManager::SetLastAuthError] Current auth error: None
2025-08-11 12:07:57.719: [INFO][SyncAuthManager::EdgeLogTokenErrorState] Token error with: None for account type: MSA
2025-08-11 12:07:57.719: [INFO][Sync] Credentials changed for: EdgeSyncScopeNew
2025-08-11 12:07:57.719: [INFO][SyncEngineBackend::DoUpdateCredentials] Update credentials
2025-08-11 12:07:57.719: [INFO][SyncEngineBackend::DoUpdateKeyDataCredentials] Update key data credentials
2025-08-11 12:07:57.720: [INFO][Sync] Started DataTypeManager configuration, reason: 4
2025-08-11 12:07:57.720: [INFO][Sync] Configuring for: Bookmarks, Preferences, Passwords, Autofill Profiles, Autofill, Extensions, Sessions, Extension settings, History Delete Directives, Device Info, User Consents, Send Tab To Self, Web Apps, History, Saved Tab Group, WebAuthn Credentials, Collection, Edge E Drop, Edge Hub App Usage, Edge Wallet, Encryption Keys, reason: 4, current state: 0
2025-08-11 12:07:57.721: [INFO][SyncEngineBackend::DoStartConfiguration] Start configuration
2025-08-11 12:07:57.721: [INFO][Sync] Configure, desired: Bookmarks, Preferences, Passwords, Autofill Profiles, Autofill, Extensions, Sessions, Extension settings, History Delete Directives, Device Info, User Consents, Send Tab To Self, Web Apps, History, Saved Tab Group, WebAuthn Credentials, Collection, Edge E Drop, Edge Hub App Usage, Edge Wallet, Encryption Keys; Allow fail: 
2025-08-11 12:07:57.721: [INFO][Sync] Loading: Bookmarks
2025-08-11 12:07:57.721: [INFO][Sync] Loading: Preferences
2025-08-11 12:07:57.721: [INFO][Sync] Loading: Passwords
2025-08-11 12:07:57.721: [INFO][Sync] Loading: Autofill Profiles
2025-08-11 12:07:57.721: [INFO][Sync] Loading: Autofill
2025-08-11 12:07:57.721: [INFO][Sync] Loading: Extensions
2025-08-11 12:07:57.721: [INFO][Sync] Loading: Sessions
2025-08-11 12:07:57.721: [INFO][Sync] Loading: Extension settings
2025-08-11 12:07:57.721: [INFO][Sync] Loading: History Delete Directives
2025-08-11 12:07:57.721: [INFO][Sync] Loading: Device Info
2025-08-11 12:07:57.721: [INFO][Sync] Loading: User Consents
2025-08-11 12:07:57.721: [INFO][Sync] Loading: Send Tab To Self
2025-08-11 12:07:57.721: [INFO][Sync] Loading: Web Apps
2025-08-11 12:07:57.721: [INFO][Sync] Loading: History
2025-08-11 12:07:57.721: [INFO][Sync] Loading: Saved Tab Group
2025-08-11 12:07:57.721: [INFO][Sync] Loading: WebAuthn Credentials
2025-08-11 12:07:57.721: [INFO][Sync] Loading: Collection
2025-08-11 12:07:57.721: [INFO][Sync] Loading: Edge E Drop
2025-08-11 12:07:57.721: [INFO][Sync] Loading: Edge Hub App Usage
2025-08-11 12:07:57.721: [INFO][Sync] Loading: Edge Wallet
2025-08-11 12:07:57.728: [INFO][Sync] All data types are ready for configure.
2025-08-11 12:07:57.728: [INFO][SyncManagerImpl::ConfigureSyncer] Types to download:  with reason: 4
2025-08-11 12:07:57.728: [INFO][SyncEngineBackend::DoFinishConfigureDataTypes] Failed to download types:  and succeeded types: 
2025-08-11 12:07:57.728: [INFO][Sync] ConfigurationDone, failed: , succeeded: , remaining count: 4
2025-08-11 12:07:57.728: [INFO][SyncManagerImpl::ConfigureSyncer] Types to download:  with reason: 4
2025-08-11 12:07:57.728: [INFO][SyncEngineBackend::DoFinishConfigureDataTypes] Failed to download types:  and succeeded types: 
2025-08-11 12:07:57.728: [INFO][Sync] ConfigurationDone, failed: , succeeded: , remaining count: 3
2025-08-11 12:07:57.728: [INFO][SyncManagerImpl::ConfigureSyncer] Types to download:  with reason: 4
2025-08-11 12:07:57.728: [INFO][SyncEngineBackend::DoFinishConfigureDataTypes] Failed to download types:  and succeeded types: 
2025-08-11 12:07:57.728: [INFO][Sync] ConfigurationDone, failed: , succeeded: , remaining count: 2
2025-08-11 12:07:57.728: [INFO][SyncManagerImpl::ConfigureSyncer] Types to download:  with reason: 4
2025-08-11 12:07:57.728: [INFO][SyncEngineBackend::DoFinishConfigureDataTypes] Failed to download types:  and succeeded types: 
2025-08-11 12:07:57.728: [INFO][Sync] ConfigurationDone, failed: , succeeded: , remaining count: 1
2025-08-11 12:07:57.729: [INFO][SyncManagerImpl::ConfigureSyncer] Types to download:  with reason: 4
2025-08-11 12:07:57.729: [INFO][SyncEngineBackend::DoFinishConfigureDataTypes] Failed to download types:  and succeeded types: 
2025-08-11 12:07:57.729: [INFO][Sync] ConfigurationDone, failed: , succeeded: , remaining count: 0
2025-08-11 12:07:57.730: [INFO][Sync]     Configuration completed, state: 3
2025-08-11 12:07:57.730: [INFO][Sync] Configured DataTypeManager: Ok
2025-08-11 12:07:57.731: [INFO][SyncEngineBackend::DoStartSyncing] Start syncing
2025-08-11 12:17:47.910: [INFO][Sync] SyncState after authenticated was: FeatureCanStart
2025-08-11 12:17:48.169: [INFO][Sync] Try to start sync engine
2025-08-11 12:17:48.171: [INFO][SyncEngineBackend::LoadAndConnectNigoriController] Load and connect Nigori controller
2025-08-11 12:17:48.171: [INFO][SyncEngineBackend::DoInitialize] Control Types added: 
2025-08-11 12:17:48.171: [INFO][SyncManagerImpl::ConfigureSyncer] Types to download:  with reason: 4
2025-08-11 12:17:48.174: [INFO][SyncAuthManager::SetLastAuthError] Current auth error: None
2025-08-11 12:17:48.174: [INFO][SyncAuthManager::EdgeLogTokenErrorState] Token error with: None for account type: MSA
2025-08-11 12:17:48.174: [INFO][Sync] Credentials changed for: EdgeSyncScopeNew
2025-08-11 12:17:48.176: [INFO][Sync] Started DataTypeManager configuration, reason: 4
2025-08-11 12:17:48.176: [INFO][Sync] Configuring for: Bookmarks, Preferences, Passwords, Autofill Profiles, Autofill, Extensions, Sessions, Extension settings, History Delete Directives, Device Info, User Consents, Send Tab To Self, Web Apps, History, Saved Tab Group, WebAuthn Credentials, Collection, Edge E Drop, Edge Hub App Usage, Edge Wallet, Encryption Keys, reason: 4, current state: 0
2025-08-11 12:17:48.177: [INFO][SyncEngineBackend::DoStartConfiguration] Start configuration
2025-08-11 12:17:48.177: [INFO][Sync] Configure, desired: Bookmarks, Preferences, Passwords, Autofill Profiles, Autofill, Extensions, Sessions, Extension settings, History Delete Directives, Device Info, User Consents, Send Tab To Self, Web Apps, History, Saved Tab Group, WebAuthn Credentials, Collection, Edge E Drop, Edge Hub App Usage, Edge Wallet, Encryption Keys; Allow fail: 
2025-08-11 12:17:48.177: [INFO][Sync] Loading: Bookmarks
2025-08-11 12:17:48.177: [INFO][Sync] Loading: Preferences
2025-08-11 12:17:48.177: [INFO][Sync] Loading: Passwords
2025-08-11 12:17:48.177: [INFO][Sync] Loading: Autofill Profiles
2025-08-11 12:17:48.177: [INFO][Sync] Loading: Autofill
2025-08-11 12:17:48.177: [INFO][Sync] Loading: Extensions
2025-08-11 12:17:48.177: [INFO][Sync] Loading: Sessions
2025-08-11 12:17:48.177: [INFO][Sync] Loading: Extension settings
2025-08-11 12:17:48.177: [INFO][Sync] Loading: History Delete Directives
2025-08-11 12:17:48.177: [INFO][Sync] Loading: Device Info
2025-08-11 12:17:48.177: [INFO][Sync] Loading: User Consents
2025-08-11 12:17:48.177: [INFO][Sync] Loading: Send Tab To Self
2025-08-11 12:17:48.177: [INFO][Sync] Loading: Web Apps
2025-08-11 12:17:48.177: [INFO][Sync] Loading: History
2025-08-11 12:17:48.177: [INFO][Sync] Loading: Saved Tab Group
2025-08-11 12:17:48.177: [INFO][Sync] Loading: WebAuthn Credentials
2025-08-11 12:17:48.177: [INFO][Sync] Loading: Collection
2025-08-11 12:17:48.177: [INFO][Sync] Loading: Edge E Drop
2025-08-11 12:17:48.177: [INFO][Sync] Loading: Edge Hub App Usage
2025-08-11 12:17:48.177: [INFO][Sync] Loading: Edge Wallet
2025-08-11 12:17:48.184: [INFO][Sync] All data types are ready for configure.
2025-08-11 12:17:48.185: [INFO][SyncManagerImpl::ConfigureSyncer] Types to download:  with reason: 4
2025-08-11 12:17:48.185: [INFO][SyncEngineBackend::DoFinishConfigureDataTypes] Failed to download types:  and succeeded types: 
2025-08-11 12:17:48.186: [INFO][Sync] ConfigurationDone, failed: , succeeded: , remaining count: 4
2025-08-11 12:17:48.186: [INFO][SyncManagerImpl::ConfigureSyncer] Types to download:  with reason: 4
2025-08-11 12:17:48.186: [INFO][SyncEngineBackend::DoFinishConfigureDataTypes] Failed to download types:  and succeeded types: 
2025-08-11 12:17:48.186: [INFO][Sync] ConfigurationDone, failed: , succeeded: , remaining count: 3
2025-08-11 12:17:48.186: [INFO][SyncManagerImpl::ConfigureSyncer] Types to download:  with reason: 4
2025-08-11 12:17:48.186: [INFO][SyncEngineBackend::DoFinishConfigureDataTypes] Failed to download types:  and succeeded types: 
2025-08-11 12:17:48.186: [INFO][Sync] ConfigurationDone, failed: , succeeded: , remaining count: 2
2025-08-11 12:17:48.186: [INFO][SyncManagerImpl::ConfigureSyncer] Types to download:  with reason: 4
2025-08-11 12:17:48.186: [INFO][SyncEngineBackend::DoFinishConfigureDataTypes] Failed to download types:  and succeeded types: 
2025-08-11 12:17:48.187: [INFO][Sync] ConfigurationDone, failed: , succeeded: , remaining count: 1
2025-08-11 12:17:48.187: [INFO][SyncManagerImpl::ConfigureSyncer] Types to download:  with reason: 4
2025-08-11 12:17:48.187: [INFO][SyncEngineBackend::DoFinishConfigureDataTypes] Failed to download types:  and succeeded types: 
2025-08-11 12:17:48.188: [INFO][Sync] ConfigurationDone, failed: , succeeded: , remaining count: 0
2025-08-11 12:17:48.189: [INFO][Sync]     Configuration completed, state: 3
2025-08-11 12:17:48.189: [INFO][Sync] Configured DataTypeManager: Ok
2025-08-11 12:17:48.190: [INFO][SyncEngineBackend::DoStartSyncing] Start syncing
2025-08-11 12:17:48.687: [INFO][SyncAuthManager::SetLastAuthError] Current auth error: None
2025-08-11 12:17:48.687: [INFO][SyncAuthManager::EdgeLogTokenErrorState] Token error with: None for account type: MSA
2025-08-11 12:17:48.687: [INFO][Sync] Credentials changed for: EdgeSyncKeyDataScope
2025-08-11 12:17:48.687: [INFO][SyncEngineBackend::DoUpdateKeyDataCredentials] Update key data credentials
2025-08-11 12:17:48.687: [INFO][SyncEngineBackend::DoUpdateCredentials] Update credentials
2025-08-11 12:23:28.481: [INFO][Sync] SyncState after authenticated was: FeatureCanStart
2025-08-11 12:23:28.737: [INFO][Sync] Try to start sync engine
2025-08-11 12:23:28.739: [INFO][SyncEngineBackend::LoadAndConnectNigoriController] Load and connect Nigori controller
2025-08-11 12:23:28.739: [INFO][SyncEngineBackend::DoInitialize] Control Types added: 
2025-08-11 12:23:28.739: [INFO][SyncManagerImpl::ConfigureSyncer] Types to download:  with reason: 4
2025-08-11 12:23:28.741: [INFO][SyncAuthManager::SetLastAuthError] Current auth error: None
2025-08-11 12:23:28.741: [INFO][SyncAuthManager::EdgeLogTokenErrorState] Token error with: None for account type: MSA
2025-08-11 12:23:28.741: [INFO][Sync] Credentials changed for: EdgeSyncScopeNew
2025-08-11 12:23:28.743: [INFO][Sync] Started DataTypeManager configuration, reason: 4
2025-08-11 12:23:28.743: [INFO][Sync] Configuring for: Bookmarks, Preferences, Passwords, Autofill Profiles, Autofill, Extensions, Sessions, Extension settings, History Delete Directives, Device Info, User Consents, Send Tab To Self, Web Apps, History, Saved Tab Group, WebAuthn Credentials, Collection, Edge E Drop, Edge Hub App Usage, Edge Wallet, Encryption Keys, reason: 4, current state: 0
2025-08-11 12:23:28.743: [INFO][SyncEngineBackend::DoStartConfiguration] Start configuration
2025-08-11 12:23:28.744: [INFO][Sync] Configure, desired: Bookmarks, Preferences, Passwords, Autofill Profiles, Autofill, Extensions, Sessions, Extension settings, History Delete Directives, Device Info, User Consents, Send Tab To Self, Web Apps, History, Saved Tab Group, WebAuthn Credentials, Collection, Edge E Drop, Edge Hub App Usage, Edge Wallet, Encryption Keys; Allow fail: 
2025-08-11 12:23:28.744: [INFO][Sync] Loading: Bookmarks
2025-08-11 12:23:28.744: [INFO][Sync] Loading: Preferences
2025-08-11 12:23:28.744: [INFO][Sync] Loading: Passwords
2025-08-11 12:23:28.744: [INFO][Sync] Loading: Autofill Profiles
2025-08-11 12:23:28.744: [INFO][Sync] Loading: Autofill
2025-08-11 12:23:28.744: [INFO][Sync] Loading: Extensions
2025-08-11 12:23:28.744: [INFO][Sync] Loading: Sessions
2025-08-11 12:23:28.744: [INFO][Sync] Loading: Extension settings
2025-08-11 12:23:28.744: [INFO][Sync] Loading: History Delete Directives
2025-08-11 12:23:28.744: [INFO][Sync] Loading: Device Info
2025-08-11 12:23:28.744: [INFO][Sync] Loading: User Consents
2025-08-11 12:23:28.744: [INFO][Sync] Loading: Send Tab To Self
2025-08-11 12:23:28.744: [INFO][Sync] Loading: Web Apps
2025-08-11 12:23:28.744: [INFO][Sync] Loading: History
2025-08-11 12:23:28.744: [INFO][Sync] Loading: Saved Tab Group
2025-08-11 12:23:28.744: [INFO][Sync] Loading: WebAuthn Credentials
2025-08-11 12:23:28.744: [INFO][Sync] Loading: Collection
2025-08-11 12:23:28.744: [INFO][Sync] Loading: Edge E Drop
2025-08-11 12:23:28.744: [INFO][Sync] Loading: Edge Hub App Usage
2025-08-11 12:23:28.744: [INFO][Sync] Loading: Edge Wallet
2025-08-11 12:23:28.753: [INFO][Sync] All data types are ready for configure.
2025-08-11 12:23:28.754: [INFO][SyncManagerImpl::ConfigureSyncer] Types to download:  with reason: 4
2025-08-11 12:23:28.754: [INFO][SyncEngineBackend::DoFinishConfigureDataTypes] Failed to download types:  and succeeded types: 
2025-08-11 12:23:28.754: [INFO][Sync] ConfigurationDone, failed: , succeeded: , remaining count: 4
2025-08-11 12:23:28.754: [INFO][SyncManagerImpl::ConfigureSyncer] Types to download:  with reason: 4
2025-08-11 12:23:28.754: [INFO][SyncEngineBackend::DoFinishConfigureDataTypes] Failed to download types:  and succeeded types: 
2025-08-11 12:23:28.755: [INFO][Sync] ConfigurationDone, failed: , succeeded: , remaining count: 3
2025-08-11 12:23:28.756: [INFO][SyncManagerImpl::ConfigureSyncer] Types to download:  with reason: 4
2025-08-11 12:23:28.756: [INFO][SyncEngineBackend::DoFinishConfigureDataTypes] Failed to download types:  and succeeded types: 
2025-08-11 12:23:28.756: [INFO][Sync] ConfigurationDone, failed: , succeeded: , remaining count: 2
2025-08-11 12:23:28.756: [INFO][SyncManagerImpl::ConfigureSyncer] Types to download:  with reason: 4
2025-08-11 12:23:28.756: [INFO][SyncEngineBackend::DoFinishConfigureDataTypes] Failed to download types:  and succeeded types: 
2025-08-11 12:23:28.756: [INFO][Sync] ConfigurationDone, failed: , succeeded: , remaining count: 1
2025-08-11 12:23:28.757: [INFO][SyncManagerImpl::ConfigureSyncer] Types to download:  with reason: 4
2025-08-11 12:23:28.757: [INFO][SyncEngineBackend::DoFinishConfigureDataTypes] Failed to download types:  and succeeded types: 
2025-08-11 12:23:28.758: [INFO][Sync] ConfigurationDone, failed: , succeeded: , remaining count: 0
2025-08-11 12:23:28.758: [INFO][Sync]     Configuration completed, state: 3
2025-08-11 12:23:28.758: [INFO][Sync] Configured DataTypeManager: Ok
2025-08-11 12:23:28.759: [INFO][SyncEngineBackend::DoStartSyncing] Start syncing
2025-08-11 12:23:29.183: [INFO][SyncAuthManager::SetLastAuthError] Current auth error: None
2025-08-11 12:23:29.183: [INFO][SyncAuthManager::EdgeLogTokenErrorState] Token error with: None for account type: MSA
2025-08-11 12:23:29.183: [INFO][Sync] Credentials changed for: EdgeSyncKeyDataScope
2025-08-11 12:23:29.183: [INFO][SyncEngineBackend::DoUpdateKeyDataCredentials] Update key data credentials
2025-08-11 12:23:29.183: [INFO][SyncEngineBackend::DoUpdateCredentials] Update credentials
2025-08-11 12:36:38.496: [INFO][Sync] SyncState after authenticated was: FeatureCanStart
2025-08-11 12:36:39.072: [INFO][SyncAuthManager::SetLastAuthError] Current auth error: None
2025-08-11 12:36:39.072: [INFO][SyncAuthManager::EdgeLogTokenErrorState] Token error with: None for account type: MSA
2025-08-11 12:36:39.072: [INFO][Sync] Credentials changed for: EdgeSyncKeyDataScope
2025-08-11 12:36:40.137: [INFO][Sync] Try to start sync engine
2025-08-11 12:36:40.139: [INFO][SyncAuthManager::SetLastAuthError] Current auth error: None
2025-08-11 12:36:40.139: [INFO][SyncAuthManager::EdgeLogTokenErrorState] Token error with: None for account type: MSA
2025-08-11 12:36:40.139: [INFO][Sync] Credentials changed for: EdgeSyncScopeNew
2025-08-11 12:36:40.139: [INFO][SyncEngineBackend::LoadAndConnectNigoriController] Load and connect Nigori controller
2025-08-11 12:36:40.139: [INFO][SyncEngineBackend::DoInitialize] Control Types added: 
2025-08-11 12:36:40.139: [INFO][SyncManagerImpl::ConfigureSyncer] Types to download:  with reason: 4
2025-08-11 12:36:40.139: [INFO][SyncEngineBackend::DoUpdateKeyDataCredentials] Update key data credentials
2025-08-11 12:36:40.139: [INFO][SyncEngineBackend::DoUpdateCredentials] Update credentials
2025-08-11 12:36:40.139: [INFO][SyncEngineBackend::DoUpdateKeyDataCredentials] Update key data credentials
2025-08-11 12:36:40.141: [INFO][Sync] Started DataTypeManager configuration, reason: 4
2025-08-11 12:36:40.141: [INFO][Sync] Configuring for: Bookmarks, Preferences, Passwords, Autofill Profiles, Autofill, Extensions, Sessions, Extension settings, History Delete Directives, Device Info, User Consents, Send Tab To Self, Web Apps, History, Saved Tab Group, WebAuthn Credentials, Collection, Edge E Drop, Edge Hub App Usage, Edge Wallet, Encryption Keys, reason: 4, current state: 0
2025-08-11 12:36:40.141: [INFO][SyncEngineBackend::DoStartConfiguration] Start configuration
2025-08-11 12:36:40.142: [INFO][Sync] Configure, desired: Bookmarks, Preferences, Passwords, Autofill Profiles, Autofill, Extensions, Sessions, Extension settings, History Delete Directives, Device Info, User Consents, Send Tab To Self, Web Apps, History, Saved Tab Group, WebAuthn Credentials, Collection, Edge E Drop, Edge Hub App Usage, Edge Wallet, Encryption Keys; Allow fail: 
2025-08-11 12:36:40.142: [INFO][Sync] Loading: Bookmarks
2025-08-11 12:36:40.142: [INFO][Sync] Loading: Preferences
2025-08-11 12:36:40.142: [INFO][Sync] Loading: Passwords
2025-08-11 12:36:40.142: [INFO][Sync] Loading: Autofill Profiles
2025-08-11 12:36:40.142: [INFO][Sync] Loading: Autofill
2025-08-11 12:36:40.142: [INFO][Sync] Loading: Extensions
2025-08-11 12:36:40.142: [INFO][Sync] Loading: Sessions
2025-08-11 12:36:40.142: [INFO][Sync] Loading: Extension settings
2025-08-11 12:36:40.142: [INFO][Sync] Loading: History Delete Directives
2025-08-11 12:36:40.142: [INFO][Sync] Loading: Device Info
2025-08-11 12:36:40.142: [INFO][Sync] Loading: User Consents
2025-08-11 12:36:40.142: [INFO][Sync] Loading: Send Tab To Self
2025-08-11 12:36:40.142: [INFO][Sync] Loading: Web Apps
2025-08-11 12:36:40.142: [INFO][Sync] Loading: History
2025-08-11 12:36:40.142: [INFO][Sync] Loading: Saved Tab Group
2025-08-11 12:36:40.142: [INFO][Sync] Loading: WebAuthn Credentials
2025-08-11 12:36:40.142: [INFO][Sync] Loading: Collection
2025-08-11 12:36:40.142: [INFO][Sync] Loading: Edge E Drop
2025-08-11 12:36:40.142: [INFO][Sync] Loading: Edge Hub App Usage
2025-08-11 12:36:40.142: [INFO][Sync] Loading: Edge Wallet
2025-08-11 12:36:40.147: [INFO][Sync] All data types are ready for configure.
2025-08-11 12:36:40.147: [INFO][SyncManagerImpl::ConfigureSyncer] Types to download:  with reason: 4
2025-08-11 12:36:40.147: [INFO][SyncEngineBackend::DoFinishConfigureDataTypes] Failed to download types:  and succeeded types: 
2025-08-11 12:36:40.148: [INFO][Sync] ConfigurationDone, failed: , succeeded: , remaining count: 4
2025-08-11 12:36:40.148: [INFO][SyncManagerImpl::ConfigureSyncer] Types to download:  with reason: 4
2025-08-11 12:36:40.148: [INFO][SyncEngineBackend::DoFinishConfigureDataTypes] Failed to download types:  and succeeded types: 
2025-08-11 12:36:40.148: [INFO][Sync] ConfigurationDone, failed: , succeeded: , remaining count: 3
2025-08-11 12:36:40.148: [INFO][SyncManagerImpl::ConfigureSyncer] Types to download:  with reason: 4
2025-08-11 12:36:40.148: [INFO][SyncEngineBackend::DoFinishConfigureDataTypes] Failed to download types:  and succeeded types: 
2025-08-11 12:36:40.149: [INFO][Sync] ConfigurationDone, failed: , succeeded: , remaining count: 2
2025-08-11 12:36:40.149: [INFO][SyncManagerImpl::ConfigureSyncer] Types to download:  with reason: 4
2025-08-11 12:36:40.149: [INFO][SyncEngineBackend::DoFinishConfigureDataTypes] Failed to download types:  and succeeded types: 
2025-08-11 12:36:40.149: [INFO][Sync] ConfigurationDone, failed: , succeeded: , remaining count: 1
2025-08-11 12:36:40.150: [INFO][SyncManagerImpl::ConfigureSyncer] Types to download:  with reason: 4
2025-08-11 12:36:40.150: [INFO][SyncEngineBackend::DoFinishConfigureDataTypes] Failed to download types:  and succeeded types: 
2025-08-11 12:36:40.150: [INFO][Sync] ConfigurationDone, failed: , succeeded: , remaining count: 0
2025-08-11 12:36:40.150: [INFO][Sync]     Configuration completed, state: 3
2025-08-11 12:36:40.150: [INFO][Sync] Configured DataTypeManager: Ok
2025-08-11 12:36:40.151: [INFO][SyncEngineBackend::DoStartSyncing] Start syncing
2025-08-11 12:53:20.141: [INFO][Sync] SyncState after authenticated was: FeatureCanStart
2025-08-11 12:53:20.399: [INFO][Sync] Try to start sync engine
2025-08-11 12:53:20.401: [INFO][SyncEngineBackend::LoadAndConnectNigoriController] Load and connect Nigori controller
2025-08-11 12:53:20.401: [INFO][SyncEngineBackend::DoInitialize] Control Types added: 
2025-08-11 12:53:20.401: [INFO][SyncManagerImpl::ConfigureSyncer] Types to download:  with reason: 4
2025-08-11 12:53:20.403: [INFO][SyncAuthManager::SetLastAuthError] Current auth error: None
2025-08-11 12:53:20.403: [INFO][SyncAuthManager::EdgeLogTokenErrorState] Token error with: None for account type: MSA
2025-08-11 12:53:20.403: [INFO][Sync] Credentials changed for: EdgeSyncScopeNew
2025-08-11 12:53:20.405: [INFO][Sync] Started DataTypeManager configuration, reason: 4
2025-08-11 12:53:20.405: [INFO][Sync] Configuring for: Bookmarks, Preferences, Passwords, Autofill Profiles, Autofill, Extensions, Sessions, Extension settings, History Delete Directives, Device Info, User Consents, Send Tab To Self, Web Apps, History, Saved Tab Group, WebAuthn Credentials, Collection, Edge E Drop, Edge Hub App Usage, Edge Wallet, Encryption Keys, reason: 4, current state: 0
2025-08-11 12:53:20.405: [INFO][SyncEngineBackend::DoStartConfiguration] Start configuration
2025-08-11 12:53:20.405: [INFO][Sync] Configure, desired: Bookmarks, Preferences, Passwords, Autofill Profiles, Autofill, Extensions, Sessions, Extension settings, History Delete Directives, Device Info, User Consents, Send Tab To Self, Web Apps, History, Saved Tab Group, WebAuthn Credentials, Collection, Edge E Drop, Edge Hub App Usage, Edge Wallet, Encryption Keys; Allow fail: 
2025-08-11 12:53:20.405: [INFO][Sync] Loading: Bookmarks
2025-08-11 12:53:20.405: [INFO][Sync] Loading: Preferences
2025-08-11 12:53:20.405: [INFO][Sync] Loading: Passwords
2025-08-11 12:53:20.405: [INFO][Sync] Loading: Autofill Profiles
2025-08-11 12:53:20.405: [INFO][Sync] Loading: Autofill
2025-08-11 12:53:20.405: [INFO][Sync] Loading: Extensions
2025-08-11 12:53:20.405: [INFO][Sync] Loading: Sessions
2025-08-11 12:53:20.405: [INFO][Sync] Loading: Extension settings
2025-08-11 12:53:20.405: [INFO][Sync] Loading: History Delete Directives
2025-08-11 12:53:20.405: [INFO][Sync] Loading: Device Info
2025-08-11 12:53:20.405: [INFO][Sync] Loading: User Consents
2025-08-11 12:53:20.405: [INFO][Sync] Loading: Send Tab To Self
2025-08-11 12:53:20.405: [INFO][Sync] Loading: Web Apps
2025-08-11 12:53:20.405: [INFO][Sync] Loading: History
2025-08-11 12:53:20.405: [INFO][Sync] Loading: Saved Tab Group
2025-08-11 12:53:20.405: [INFO][Sync] Loading: WebAuthn Credentials
2025-08-11 12:53:20.405: [INFO][Sync] Loading: Collection
2025-08-11 12:53:20.405: [INFO][Sync] Loading: Edge E Drop
2025-08-11 12:53:20.405: [INFO][Sync] Loading: Edge Hub App Usage
2025-08-11 12:53:20.405: [INFO][Sync] Loading: Edge Wallet
2025-08-11 12:53:20.408: [INFO][Sync] All data types are ready for configure.
2025-08-11 12:53:20.408: [INFO][SyncManagerImpl::ConfigureSyncer] Types to download:  with reason: 4
2025-08-11 12:53:20.408: [INFO][SyncEngineBackend::DoFinishConfigureDataTypes] Failed to download types:  and succeeded types: 
2025-08-11 12:53:20.409: [INFO][Sync] ConfigurationDone, failed: , succeeded: , remaining count: 4
2025-08-11 12:53:20.409: [INFO][SyncManagerImpl::ConfigureSyncer] Types to download:  with reason: 4
2025-08-11 12:53:20.409: [INFO][SyncEngineBackend::DoFinishConfigureDataTypes] Failed to download types:  and succeeded types: 
2025-08-11 12:53:20.409: [INFO][Sync] ConfigurationDone, failed: , succeeded: , remaining count: 3
2025-08-11 12:53:20.409: [INFO][SyncManagerImpl::ConfigureSyncer] Types to download:  with reason: 4
2025-08-11 12:53:20.409: [INFO][SyncEngineBackend::DoFinishConfigureDataTypes] Failed to download types:  and succeeded types: 
2025-08-11 12:53:20.409: [INFO][Sync] ConfigurationDone, failed: , succeeded: , remaining count: 2
2025-08-11 12:53:20.409: [INFO][SyncManagerImpl::ConfigureSyncer] Types to download:  with reason: 4
2025-08-11 12:53:20.409: [INFO][SyncEngineBackend::DoFinishConfigureDataTypes] Failed to download types:  and succeeded types: 
2025-08-11 12:53:20.409: [INFO][Sync] ConfigurationDone, failed: , succeeded: , remaining count: 1
2025-08-11 12:53:20.410: [INFO][SyncManagerImpl::ConfigureSyncer] Types to download:  with reason: 4
2025-08-11 12:53:20.410: [INFO][SyncEngineBackend::DoFinishConfigureDataTypes] Failed to download types:  and succeeded types: 
2025-08-11 12:53:20.410: [INFO][Sync] ConfigurationDone, failed: , succeeded: , remaining count: 0
2025-08-11 12:53:20.411: [INFO][Sync]     Configuration completed, state: 3
2025-08-11 12:53:20.411: [INFO][Sync] Configured DataTypeManager: Ok
2025-08-11 12:53:20.412: [INFO][SyncEngineBackend::DoStartSyncing] Start syncing
2025-08-11 12:53:20.782: [INFO][SyncAuthManager::SetLastAuthError] Current auth error: None
2025-08-11 12:53:20.782: [INFO][SyncAuthManager::EdgeLogTokenErrorState] Token error with: None for account type: MSA
2025-08-11 12:53:20.782: [INFO][Sync] Credentials changed for: EdgeSyncKeyDataScope
2025-08-11 12:53:20.782: [INFO][SyncEngineBackend::DoUpdateKeyDataCredentials] Update key data credentials
2025-08-11 12:53:20.782: [INFO][SyncEngineBackend::DoUpdateCredentials] Update credentials
2025-08-11 13:22:09.366: [INFO][Sync] SyncState after authenticated was: FeatureCanStart
2025-08-11 13:22:10.278: [INFO][SyncAuthManager::SetLastAuthError] Current auth error: None
2025-08-11 13:22:10.278: [INFO][SyncAuthManager::EdgeLogTokenErrorState] Token error with: None for account type: MSA
2025-08-11 13:22:10.278: [INFO][Sync] Credentials changed for: EdgeSyncKeyDataScope
2025-08-11 13:22:11.006: [INFO][Sync] Try to start sync engine
2025-08-11 13:22:11.009: [INFO][SyncAuthManager::SetLastAuthError] Current auth error: None
2025-08-11 13:22:11.009: [INFO][SyncAuthManager::EdgeLogTokenErrorState] Token error with: None for account type: MSA
2025-08-11 13:22:11.009: [INFO][Sync] Credentials changed for: EdgeSyncScopeNew
2025-08-11 13:22:11.009: [INFO][SyncEngineBackend::LoadAndConnectNigoriController] Load and connect Nigori controller
2025-08-11 13:22:11.009: [INFO][SyncEngineBackend::DoInitialize] Control Types added: 
2025-08-11 13:22:11.009: [INFO][SyncManagerImpl::ConfigureSyncer] Types to download:  with reason: 4
2025-08-11 13:22:11.009: [INFO][SyncEngineBackend::DoUpdateKeyDataCredentials] Update key data credentials
2025-08-11 13:22:11.009: [INFO][SyncEngineBackend::DoUpdateCredentials] Update credentials
2025-08-11 13:22:11.009: [INFO][SyncEngineBackend::DoUpdateKeyDataCredentials] Update key data credentials
2025-08-11 13:22:11.011: [INFO][Sync] Started DataTypeManager configuration, reason: 4
2025-08-11 13:22:11.011: [INFO][Sync] Configuring for: Bookmarks, Preferences, Passwords, Autofill Profiles, Autofill, Extensions, Sessions, Extension settings, History Delete Directives, Device Info, User Consents, Send Tab To Self, Web Apps, History, Saved Tab Group, WebAuthn Credentials, Collection, Edge E Drop, Edge Hub App Usage, Edge Wallet, Encryption Keys, reason: 4, current state: 0
2025-08-11 13:22:11.011: [INFO][SyncEngineBackend::DoStartConfiguration] Start configuration
2025-08-11 13:22:11.011: [INFO][Sync] Configure, desired: Bookmarks, Preferences, Passwords, Autofill Profiles, Autofill, Extensions, Sessions, Extension settings, History Delete Directives, Device Info, User Consents, Send Tab To Self, Web Apps, History, Saved Tab Group, WebAuthn Credentials, Collection, Edge E Drop, Edge Hub App Usage, Edge Wallet, Encryption Keys; Allow fail: 
2025-08-11 13:22:11.011: [INFO][Sync] Loading: Bookmarks
2025-08-11 13:22:11.011: [INFO][Sync] Loading: Preferences
2025-08-11 13:22:11.011: [INFO][Sync] Loading: Passwords
2025-08-11 13:22:11.011: [INFO][Sync] Loading: Autofill Profiles
2025-08-11 13:22:11.011: [INFO][Sync] Loading: Autofill
2025-08-11 13:22:11.011: [INFO][Sync] Loading: Extensions
2025-08-11 13:22:11.011: [INFO][Sync] Loading: Sessions
2025-08-11 13:22:11.011: [INFO][Sync] Loading: Extension settings
2025-08-11 13:22:11.011: [INFO][Sync] Loading: History Delete Directives
2025-08-11 13:22:11.011: [INFO][Sync] Loading: Device Info
2025-08-11 13:22:11.011: [INFO][Sync] Loading: User Consents
2025-08-11 13:22:11.011: [INFO][Sync] Loading: Send Tab To Self
2025-08-11 13:22:11.011: [INFO][Sync] Loading: Web Apps
2025-08-11 13:22:11.011: [INFO][Sync] Loading: History
2025-08-11 13:22:11.011: [INFO][Sync] Loading: Saved Tab Group
2025-08-11 13:22:11.011: [INFO][Sync] Loading: WebAuthn Credentials
2025-08-11 13:22:11.011: [INFO][Sync] Loading: Collection
2025-08-11 13:22:11.011: [INFO][Sync] Loading: Edge E Drop
2025-08-11 13:22:11.011: [INFO][Sync] Loading: Edge Hub App Usage
2025-08-11 13:22:11.011: [INFO][Sync] Loading: Edge Wallet
2025-08-11 13:22:11.017: [INFO][Sync] All data types are ready for configure.
2025-08-11 13:22:11.017: [INFO][SyncManagerImpl::ConfigureSyncer] Types to download:  with reason: 4
2025-08-11 13:22:11.017: [INFO][SyncEngineBackend::DoFinishConfigureDataTypes] Failed to download types:  and succeeded types: 
2025-08-11 13:22:11.018: [INFO][Sync] ConfigurationDone, failed: , succeeded: , remaining count: 4
2025-08-11 13:22:11.018: [INFO][SyncManagerImpl::ConfigureSyncer] Types to download:  with reason: 4
2025-08-11 13:22:11.018: [INFO][SyncEngineBackend::DoFinishConfigureDataTypes] Failed to download types:  and succeeded types: 
2025-08-11 13:22:11.018: [INFO][Sync] ConfigurationDone, failed: , succeeded: , remaining count: 3
2025-08-11 13:22:11.018: [INFO][SyncManagerImpl::ConfigureSyncer] Types to download:  with reason: 4
2025-08-11 13:22:11.018: [INFO][SyncEngineBackend::DoFinishConfigureDataTypes] Failed to download types:  and succeeded types: 
2025-08-11 13:22:11.018: [INFO][Sync] ConfigurationDone, failed: , succeeded: , remaining count: 2
2025-08-11 13:22:11.018: [INFO][SyncManagerImpl::ConfigureSyncer] Types to download:  with reason: 4
2025-08-11 13:22:11.018: [INFO][SyncEngineBackend::DoFinishConfigureDataTypes] Failed to download types:  and succeeded types: 
2025-08-11 13:22:11.018: [INFO][Sync] ConfigurationDone, failed: , succeeded: , remaining count: 1
2025-08-11 13:22:11.019: [INFO][SyncManagerImpl::ConfigureSyncer] Types to download:  with reason: 4
2025-08-11 13:22:11.019: [INFO][SyncEngineBackend::DoFinishConfigureDataTypes] Failed to download types:  and succeeded types: 
2025-08-11 13:22:11.019: [INFO][Sync] ConfigurationDone, failed: , succeeded: , remaining count: 0
2025-08-11 13:22:11.020: [INFO][Sync]     Configuration completed, state: 3
2025-08-11 13:22:11.020: [INFO][Sync] Configured DataTypeManager: Ok
2025-08-11 13:22:11.021: [INFO][SyncEngineBackend::DoStartSyncing] Start syncing
2025-08-12 02:27:43.094: [INFO][Sync] SyncState after authenticated was: FeatureCanStart
2025-08-12 02:27:44.271: [INFO][SyncAuthManager::SetLastAuthError] Current auth error: None
2025-08-12 02:27:44.271: [INFO][SyncAuthManager::EdgeLogTokenErrorState] Token error with: None for account type: MSA
2025-08-12 02:27:44.271: [INFO][Sync] Credentials changed for: EdgeSyncKeyDataScope
2025-08-12 02:27:44.889: [INFO][Sync] Try to start sync engine
2025-08-12 02:27:44.893: [INFO][SyncEngineBackend::LoadAndConnectNigoriController] Load and connect Nigori controller
2025-08-12 02:27:44.893: [INFO][SyncEngineBackend::DoInitialize] Control Types added: 
2025-08-12 02:27:44.893: [INFO][SyncManagerImpl::ConfigureSyncer] Types to download:  with reason: 4
2025-08-12 02:27:44.893: [INFO][SyncEngineBackend::DoUpdateKeyDataCredentials] Update key data credentials
2025-08-12 02:27:44.894: [INFO][Sync] Started DataTypeManager configuration, reason: 4
2025-08-12 02:27:44.894: [INFO][Sync] Configuring for: Bookmarks, Preferences, Passwords, Autofill Profiles, Autofill, Extensions, Sessions, Extension settings, History Delete Directives, Device Info, User Consents, Send Tab To Self, Web Apps, History, Saved Tab Group, WebAuthn Credentials, Collection, Edge E Drop, Edge Hub App Usage, Edge Wallet, Encryption Keys, reason: 4, current state: 0
2025-08-12 02:27:44.894: [INFO][SyncEngineBackend::DoStartConfiguration] Start configuration
2025-08-12 02:27:44.895: [INFO][Sync] Configure, desired: Bookmarks, Preferences, Passwords, Autofill Profiles, Autofill, Extensions, Sessions, Extension settings, History Delete Directives, Device Info, User Consents, Send Tab To Self, Web Apps, History, Saved Tab Group, WebAuthn Credentials, Collection, Edge E Drop, Edge Hub App Usage, Edge Wallet, Encryption Keys; Allow fail: 
2025-08-12 02:27:44.895: [INFO][Sync] Loading: Bookmarks
2025-08-12 02:27:44.895: [INFO][Sync] Loading: Preferences
2025-08-12 02:27:44.895: [INFO][Sync] Loading: Passwords
2025-08-12 02:27:44.895: [INFO][Sync] Loading: Autofill Profiles
2025-08-12 02:27:44.895: [INFO][Sync] Loading: Autofill
2025-08-12 02:27:44.895: [INFO][Sync] Loading: Extensions
2025-08-12 02:27:44.895: [INFO][Sync] Loading: Sessions
2025-08-12 02:27:44.895: [INFO][Sync] Loading: Extension settings
2025-08-12 02:27:44.895: [INFO][Sync] Loading: History Delete Directives
2025-08-12 02:27:44.895: [INFO][Sync] Loading: Device Info
2025-08-12 02:27:44.895: [INFO][Sync] Loading: User Consents
2025-08-12 02:27:44.895: [INFO][Sync] Loading: Send Tab To Self
2025-08-12 02:27:44.895: [INFO][Sync] Loading: Web Apps
2025-08-12 02:27:44.895: [INFO][Sync] Loading: History
2025-08-12 02:27:44.895: [INFO][Sync] Loading: Saved Tab Group
2025-08-12 02:27:44.895: [INFO][Sync] Loading: WebAuthn Credentials
2025-08-12 02:27:44.895: [INFO][Sync] Loading: Collection
2025-08-12 02:27:44.895: [INFO][Sync] Loading: Edge E Drop
2025-08-12 02:27:44.895: [INFO][Sync] Loading: Edge Hub App Usage
2025-08-12 02:27:44.895: [INFO][Sync] Loading: Edge Wallet
2025-08-12 02:27:44.899: [INFO][Sync] All data types are ready for configure.
2025-08-12 02:27:44.899: [INFO][SyncManagerImpl::ConfigureSyncer] Types to download:  with reason: 4
2025-08-12 02:27:44.899: [INFO][SyncEngineBackend::DoFinishConfigureDataTypes] Failed to download types:  and succeeded types: 
2025-08-12 02:27:44.899: [INFO][Sync] ConfigurationDone, failed: , succeeded: , remaining count: 4
2025-08-12 02:27:44.899: [INFO][SyncManagerImpl::ConfigureSyncer] Types to download:  with reason: 4
2025-08-12 02:27:44.899: [INFO][SyncEngineBackend::DoFinishConfigureDataTypes] Failed to download types:  and succeeded types: 
2025-08-12 02:27:44.899: [INFO][Sync] ConfigurationDone, failed: , succeeded: , remaining count: 3
2025-08-12 02:27:44.899: [INFO][SyncManagerImpl::ConfigureSyncer] Types to download:  with reason: 4
2025-08-12 02:27:44.899: [INFO][SyncEngineBackend::DoFinishConfigureDataTypes] Failed to download types:  and succeeded types: 
2025-08-12 02:27:44.899: [INFO][Sync] ConfigurationDone, failed: , succeeded: , remaining count: 2
2025-08-12 02:27:44.899: [INFO][SyncManagerImpl::ConfigureSyncer] Types to download:  with reason: 4
2025-08-12 02:27:44.899: [INFO][SyncEngineBackend::DoFinishConfigureDataTypes] Failed to download types:  and succeeded types: 
2025-08-12 02:27:44.899: [INFO][Sync] ConfigurationDone, failed: , succeeded: , remaining count: 1
2025-08-12 02:27:44.900: [INFO][SyncManagerImpl::ConfigureSyncer] Types to download:  with reason: 4
2025-08-12 02:27:44.900: [INFO][SyncEngineBackend::DoFinishConfigureDataTypes] Failed to download types:  and succeeded types: 
2025-08-12 02:27:44.900: [INFO][Sync] ConfigurationDone, failed: , succeeded: , remaining count: 0
2025-08-12 02:27:44.901: [INFO][Sync]     Configuration completed, state: 3
2025-08-12 02:27:44.901: [INFO][Sync] Configured DataTypeManager: Ok
2025-08-12 02:27:44.901: [INFO][SyncEngineBackend::DoStartSyncing] Start syncing
2025-08-12 02:27:45.470: [INFO][SyncAuthManager::SetLastAuthError] Current auth error: None
2025-08-12 02:27:45.470: [INFO][SyncAuthManager::EdgeLogTokenErrorState] Token error with: None for account type: MSA
2025-08-12 02:27:45.470: [INFO][Sync] Credentials changed for: EdgeSyncScopeNew
2025-08-12 02:27:45.470: [INFO][SyncEngineBackend::DoUpdateCredentials] Update credentials
2025-08-12 02:27:45.470: [INFO][SyncEngineBackend::DoUpdateKeyDataCredentials] Update key data credentials
2025-08-12 02:55:06.061: [INFO][Sync] SyncState after authenticated was: FeatureCanStart
2025-08-12 02:55:06.767: [INFO][SyncAuthManager::SetLastAuthError] Current auth error: None
2025-08-12 02:55:06.767: [INFO][SyncAuthManager::EdgeLogTokenErrorState] Token error with: None for account type: MSA
2025-08-12 02:55:06.767: [INFO][Sync] Credentials changed for: EdgeSyncKeyDataScope
2025-08-12 02:55:07.692: [INFO][Sync] Try to start sync engine
2025-08-12 02:55:07.694: [INFO][SyncEngineBackend::LoadAndConnectNigoriController] Load and connect Nigori controller
2025-08-12 02:55:07.694: [INFO][SyncEngineBackend::DoInitialize] Control Types added: 
2025-08-12 02:55:07.694: [INFO][SyncManagerImpl::ConfigureSyncer] Types to download:  with reason: 4
2025-08-12 02:55:07.694: [INFO][SyncEngineBackend::DoUpdateKeyDataCredentials] Update key data credentials
2025-08-12 02:55:07.696: [INFO][Sync] Started DataTypeManager configuration, reason: 4
2025-08-12 02:55:07.696: [INFO][Sync] Configuring for: Bookmarks, Preferences, Passwords, Autofill Profiles, Autofill, Extensions, Sessions, Extension settings, History Delete Directives, Device Info, User Consents, Send Tab To Self, Web Apps, History, Saved Tab Group, WebAuthn Credentials, Collection, Edge E Drop, Edge Hub App Usage, Edge Wallet, Encryption Keys, reason: 4, current state: 0
2025-08-12 02:55:07.696: [INFO][SyncEngineBackend::DoStartConfiguration] Start configuration
2025-08-12 02:55:07.697: [INFO][Sync] Configure, desired: Bookmarks, Preferences, Passwords, Autofill Profiles, Autofill, Extensions, Sessions, Extension settings, History Delete Directives, Device Info, User Consents, Send Tab To Self, Web Apps, History, Saved Tab Group, WebAuthn Credentials, Collection, Edge E Drop, Edge Hub App Usage, Edge Wallet, Encryption Keys; Allow fail: 
2025-08-12 02:55:07.697: [INFO][Sync] Loading: Bookmarks
2025-08-12 02:55:07.697: [INFO][Sync] Loading: Preferences
2025-08-12 02:55:07.697: [INFO][Sync] Loading: Passwords
2025-08-12 02:55:07.697: [INFO][Sync] Loading: Autofill Profiles
2025-08-12 02:55:07.697: [INFO][Sync] Loading: Autofill
2025-08-12 02:55:07.697: [INFO][Sync] Loading: Extensions
2025-08-12 02:55:07.697: [INFO][Sync] Loading: Sessions
2025-08-12 02:55:07.697: [INFO][Sync] Loading: Extension settings
2025-08-12 02:55:07.697: [INFO][Sync] Loading: History Delete Directives
2025-08-12 02:55:07.697: [INFO][Sync] Loading: Device Info
2025-08-12 02:55:07.697: [INFO][Sync] Loading: User Consents
2025-08-12 02:55:07.697: [INFO][Sync] Loading: Send Tab To Self
2025-08-12 02:55:07.697: [INFO][Sync] Loading: Web Apps
2025-08-12 02:55:07.697: [INFO][Sync] Loading: History
2025-08-12 02:55:07.697: [INFO][Sync] Loading: Saved Tab Group
2025-08-12 02:55:07.697: [INFO][Sync] Loading: WebAuthn Credentials
2025-08-12 02:55:07.697: [INFO][Sync] Loading: Collection
2025-08-12 02:55:07.697: [INFO][Sync] Loading: Edge E Drop
2025-08-12 02:55:07.697: [INFO][Sync] Loading: Edge Hub App Usage
2025-08-12 02:55:07.697: [INFO][Sync] Loading: Edge Wallet
2025-08-12 02:55:07.697: [INFO][SyncAuthManager::SetLastAuthError] Current auth error: None
2025-08-12 02:55:07.697: [INFO][SyncAuthManager::EdgeLogTokenErrorState] Token error with: None for account type: MSA
2025-08-12 02:55:07.697: [INFO][Sync] Credentials changed for: EdgeSyncScopeNew
2025-08-12 02:55:07.697: [INFO][SyncEngineBackend::DoUpdateCredentials] Update credentials
2025-08-12 02:55:07.697: [INFO][SyncEngineBackend::DoUpdateKeyDataCredentials] Update key data credentials
2025-08-12 02:55:07.707: [INFO][Sync] All data types are ready for configure.
2025-08-12 02:55:07.707: [INFO][SyncManagerImpl::ConfigureSyncer] Types to download:  with reason: 4
2025-08-12 02:55:07.707: [INFO][SyncEngineBackend::DoFinishConfigureDataTypes] Failed to download types:  and succeeded types: 
2025-08-12 02:55:07.708: [INFO][Sync] ConfigurationDone, failed: , succeeded: , remaining count: 4
2025-08-12 02:55:07.708: [INFO][SyncManagerImpl::ConfigureSyncer] Types to download:  with reason: 4
2025-08-12 02:55:07.708: [INFO][SyncEngineBackend::DoFinishConfigureDataTypes] Failed to download types:  and succeeded types: 
2025-08-12 02:55:07.709: [INFO][Sync] ConfigurationDone, failed: , succeeded: , remaining count: 3
2025-08-12 02:55:07.709: [INFO][SyncManagerImpl::ConfigureSyncer] Types to download:  with reason: 4
2025-08-12 02:55:07.709: [INFO][SyncEngineBackend::DoFinishConfigureDataTypes] Failed to download types:  and succeeded types: 
2025-08-12 02:55:07.709: [INFO][Sync] ConfigurationDone, failed: , succeeded: , remaining count: 2
2025-08-12 02:55:07.709: [INFO][SyncManagerImpl::ConfigureSyncer] Types to download:  with reason: 4
2025-08-12 02:55:07.709: [INFO][SyncEngineBackend::DoFinishConfigureDataTypes] Failed to download types:  and succeeded types: 
2025-08-12 02:55:07.709: [INFO][Sync] ConfigurationDone, failed: , succeeded: , remaining count: 1
2025-08-12 02:55:07.710: [INFO][SyncManagerImpl::ConfigureSyncer] Types to download:  with reason: 4
2025-08-12 02:55:07.710: [INFO][SyncEngineBackend::DoFinishConfigureDataTypes] Failed to download types:  and succeeded types: 
2025-08-12 02:55:07.710: [INFO][Sync] ConfigurationDone, failed: , succeeded: , remaining count: 0
2025-08-12 02:55:07.711: [INFO][Sync]     Configuration completed, state: 3
2025-08-12 02:55:07.711: [INFO][Sync] Configured DataTypeManager: Ok
2025-08-12 02:55:07.712: [INFO][SyncEngineBackend::DoStartSyncing] Start syncing
2025-08-12 03:06:15.689: [INFO][Sync] SyncState after authenticated was: FeatureCanStart
2025-08-12 03:06:16.722: [INFO][SyncAuthManager::SetLastAuthError] Current auth error: None
2025-08-12 03:06:16.722: [INFO][SyncAuthManager::EdgeLogTokenErrorState] Token error with: None for account type: MSA
2025-08-12 03:06:16.722: [INFO][Sync] Credentials changed for: EdgeSyncKeyDataScope
2025-08-12 03:06:17.298: [INFO][Sync] Try to start sync engine
2025-08-12 03:06:17.300: [INFO][SyncAuthManager::SetLastAuthError] Current auth error: None
2025-08-12 03:06:17.300: [INFO][SyncAuthManager::EdgeLogTokenErrorState] Token error with: None for account type: MSA
2025-08-12 03:06:17.300: [INFO][Sync] Credentials changed for: EdgeSyncScopeNew
2025-08-12 03:06:17.300: [INFO][SyncEngineBackend::LoadAndConnectNigoriController] Load and connect Nigori controller
2025-08-12 03:06:17.300: [INFO][SyncEngineBackend::DoInitialize] Control Types added: 
2025-08-12 03:06:17.300: [INFO][SyncManagerImpl::ConfigureSyncer] Types to download:  with reason: 4
2025-08-12 03:06:17.301: [INFO][SyncEngineBackend::DoUpdateKeyDataCredentials] Update key data credentials
2025-08-12 03:06:17.301: [INFO][SyncEngineBackend::DoUpdateCredentials] Update credentials
2025-08-12 03:06:17.301: [INFO][SyncEngineBackend::DoUpdateKeyDataCredentials] Update key data credentials
2025-08-12 03:06:17.303: [INFO][Sync] Started DataTypeManager configuration, reason: 4
2025-08-12 03:06:17.303: [INFO][Sync] Configuring for: Bookmarks, Preferences, Passwords, Autofill Profiles, Autofill, Extensions, Sessions, Extension settings, History Delete Directives, Device Info, User Consents, Send Tab To Self, Web Apps, History, Saved Tab Group, WebAuthn Credentials, Collection, Edge E Drop, Edge Hub App Usage, Edge Wallet, Encryption Keys, reason: 4, current state: 0
2025-08-12 03:06:17.303: [INFO][SyncEngineBackend::DoStartConfiguration] Start configuration
2025-08-12 03:06:17.303: [INFO][Sync] Configure, desired: Bookmarks, Preferences, Passwords, Autofill Profiles, Autofill, Extensions, Sessions, Extension settings, History Delete Directives, Device Info, User Consents, Send Tab To Self, Web Apps, History, Saved Tab Group, WebAuthn Credentials, Collection, Edge E Drop, Edge Hub App Usage, Edge Wallet, Encryption Keys; Allow fail: 
2025-08-12 03:06:17.303: [INFO][Sync] Loading: Bookmarks
2025-08-12 03:06:17.303: [INFO][Sync] Loading: Preferences
2025-08-12 03:06:17.303: [INFO][Sync] Loading: Passwords
2025-08-12 03:06:17.303: [INFO][Sync] Loading: Autofill Profiles
2025-08-12 03:06:17.303: [INFO][Sync] Loading: Autofill
2025-08-12 03:06:17.303: [INFO][Sync] Loading: Extensions
2025-08-12 03:06:17.303: [INFO][Sync] Loading: Sessions
2025-08-12 03:06:17.303: [INFO][Sync] Loading: Extension settings
2025-08-12 03:06:17.303: [INFO][Sync] Loading: History Delete Directives
2025-08-12 03:06:17.303: [INFO][Sync] Loading: Device Info
2025-08-12 03:06:17.303: [INFO][Sync] Loading: User Consents
2025-08-12 03:06:17.303: [INFO][Sync] Loading: Send Tab To Self
2025-08-12 03:06:17.303: [INFO][Sync] Loading: Web Apps
2025-08-12 03:06:17.303: [INFO][Sync] Loading: History
2025-08-12 03:06:17.303: [INFO][Sync] Loading: Saved Tab Group
2025-08-12 03:06:17.303: [INFO][Sync] Loading: WebAuthn Credentials
2025-08-12 03:06:17.303: [INFO][Sync] Loading: Collection
2025-08-12 03:06:17.303: [INFO][Sync] Loading: Edge E Drop
2025-08-12 03:06:17.303: [INFO][Sync] Loading: Edge Hub App Usage
2025-08-12 03:06:17.303: [INFO][Sync] Loading: Edge Wallet
2025-08-12 03:06:17.311: [INFO][Sync] All data types are ready for configure.
2025-08-12 03:06:17.311: [INFO][SyncManagerImpl::ConfigureSyncer] Types to download:  with reason: 4
2025-08-12 03:06:17.311: [INFO][SyncEngineBackend::DoFinishConfigureDataTypes] Failed to download types:  and succeeded types: 
2025-08-12 03:06:17.311: [INFO][Sync] ConfigurationDone, failed: , succeeded: , remaining count: 4
2025-08-12 03:06:17.311: [INFO][SyncManagerImpl::ConfigureSyncer] Types to download:  with reason: 4
2025-08-12 03:06:17.311: [INFO][SyncEngineBackend::DoFinishConfigureDataTypes] Failed to download types:  and succeeded types: 
2025-08-12 03:06:17.311: [INFO][Sync] ConfigurationDone, failed: , succeeded: , remaining count: 3
2025-08-12 03:06:17.311: [INFO][SyncManagerImpl::ConfigureSyncer] Types to download:  with reason: 4
2025-08-12 03:06:17.311: [INFO][SyncEngineBackend::DoFinishConfigureDataTypes] Failed to download types:  and succeeded types: 
2025-08-12 03:06:17.311: [INFO][Sync] ConfigurationDone, failed: , succeeded: , remaining count: 2
2025-08-12 03:06:17.311: [INFO][SyncManagerImpl::ConfigureSyncer] Types to download:  with reason: 4
2025-08-12 03:06:17.311: [INFO][SyncEngineBackend::DoFinishConfigureDataTypes] Failed to download types:  and succeeded types: 
2025-08-12 03:06:17.312: [INFO][Sync] ConfigurationDone, failed: , succeeded: , remaining count: 1
2025-08-12 03:06:17.312: [INFO][SyncManagerImpl::ConfigureSyncer] Types to download:  with reason: 4
2025-08-12 03:06:17.312: [INFO][SyncEngineBackend::DoFinishConfigureDataTypes] Failed to download types:  and succeeded types: 
2025-08-12 03:06:17.313: [INFO][Sync] ConfigurationDone, failed: , succeeded: , remaining count: 0
2025-08-12 03:06:17.313: [INFO][Sync]     Configuration completed, state: 3
2025-08-12 03:06:17.314: [INFO][Sync] Configured DataTypeManager: Ok
2025-08-12 03:06:17.314: [INFO][SyncEngineBackend::DoStartSyncing] Start syncing
